<?xml version="1.0" encoding="UTF-8"?>
<!-- Generated by org.testng.reporters.JUnitXMLReporter -->
<testsuite hostname="B1009809" name="HomePageComponents" tests="226" failures="27" timestamp="10 Oct 2019 14:22:13 GMT" time="544.851" errors="0">
  <testcase name="ThePageTitleisCorrect" time="4.011" classname="Peugeot.HPCompFrTest">
    <failure type="java.lang.AssertionError">
      <![CDATA[java.lang.AssertionError
	at Peugeot.HPCompFrTest.ThePageTitleisCorrect(HPCompFrTest.java:32)
... Removed 24 stack frames]]>
    </failure>
  </testcase> <!-- ThePageTitleisCorrect -->
  <testcase name="ThePeugeotLogoIsDisplayed" time="0.174" classname="Peugeot.HPCompFrTest"/>
  <testcase name="TheTextUnderThePageTitleIsCorrect" time="0.101" classname="Peugeot.HPCompFrTest">
    <failure type="java.lang.AssertionError">
      <![CDATA[java.lang.AssertionError
	at Peugeot.HPCompFrTest.TheTextUnderThePageTitleIsCorrect(HPCompFrTest.java:45)
... Removed 24 stack frames]]>
    </failure>
  </testcase> <!-- TheTextUnderThePageTitleIsCorrect -->
  <testcase name="GotToHomePageWhenClickingOnThePeugeotLogo" time="5.471" classname="Peugeot.HPCompFrTest">
    <failure type="java.lang.AssertionError">
      <![CDATA[java.lang.AssertionError
	at Peugeot.HPCompFrTest.GotToHomePageWhenClickingOnThePeugeotLogo(HPCompFrTest.java:51)
... Removed 24 stack frames]]>
    </failure>
  </testcase> <!-- GotToHomePageWhenClickingOnThePeugeotLogo -->
  <testcase name="TheFacebookIconeIsPresent" time="0.514" classname="Peugeot.HPCompFrTest"/>
  <testcase name="GotFacebookPageWhenClickingTheFacebookIcone" time="13.249" classname="Peugeot.HPCompFrTest"/>
  <testcase name="TheUserGeneralConditionsTextIsPresent" time="0.283" classname="Peugeot.HPCompFrTest"/>
  <testcase name="TheCookiesTextIsPresent" time="0.16" classname="Peugeot.HPCompFrTest"/>
  <testcase name="GotTheUserGeneralConditionsPDF" time="3.615" classname="Peugeot.HPCompFrTest"/>
  <testcase name="GotTheCookiesPopUp" time="4.387" classname="Peugeot.HPCompFrTest"/>
  <testcase name="TheMySaveIconIsDisplayed" time="0.097" classname="Peugeot.HPCompFrTest"/>
  <testcase name="TheMySaveTextIsDisplayed" time="0.067" classname="Peugeot.HPCompFrTest">
    <failure type="org.openqa.selenium.NoSuchElementException" message="no such element: Unable to locate element: {&amp;quot;method&amp;quot;:&amp;quot;xpath&amp;quot;,&amp;quot;selector&amp;quot;:&amp;quot;//span[contains(text(),&amp;apos;MES SAUVEGARDES&amp;apos;)]&amp;quot;}
  (Session info: chrome=77.0.3865.90)
For documentation on this error, please visit: http://seleniumhq.org/exceptions/no_such_element.html
Build info: version: &amp;apos;3.9.1&amp;apos;, revision: &amp;apos;63f7b50&amp;apos;, time: &amp;apos;2018-02-07T22:42:28.403Z&amp;apos;
System info: host: &amp;apos;B1009809&amp;apos;, ip: &amp;apos;10.82.56.188&amp;apos;, os.name: &amp;apos;Windows 10&amp;apos;, os.arch: &amp;apos;amd64&amp;apos;, os.version: &amp;apos;10.0&amp;apos;, java.version: &amp;apos;1.8.0_181&amp;apos;
Driver info: org.openqa.selenium.chrome.ChromeDriver
Capabilities {acceptInsecureCerts: false, browserName: chrome, browserVersion: 77.0.3865.90, chrome: {chromedriverVersion: 77.0.3865.40 (f484704e052e0..., userDataDir: C:\Users\E562418\AppData\Lo...}, goog:chromeOptions: {debuggerAddress: localhost:58364}, javascriptEnabled: true, networkConnectionEnabled: false, pageLoadStrategy: normal, platform: XP, platformName: XP, proxy: Proxy(), setWindowRect: true, strictFileInteractability: false, timeouts: {implicit: 0, pageLoad: 300000, script: 30000}, unhandledPromptBehavior: dismiss and notify}
Session ID: 0ac1596ce8ffb6d0d98c5d99e97cf0d3
*** Element info: {Using=xpath, value=//span[contains(text(),&amp;apos;MES SAUVEGARDES&amp;apos;)]}">
      <![CDATA[org.openqa.selenium.NoSuchElementException: no such element: Unable to locate element: {"method":"xpath","selector":"//span[contains(text(),'MES SAUVEGARDES')]"}
  (Session info: chrome=77.0.3865.90)
For documentation on this error, please visit: http://seleniumhq.org/exceptions/no_such_element.html
Build info: version: '3.9.1', revision: '63f7b50', time: '2018-02-07T22:42:28.403Z'
System info: host: 'B1009809', ip: '10.82.56.188', os.name: 'Windows 10', os.arch: 'amd64', os.version: '10.0', java.version: '1.8.0_181'
Driver info: org.openqa.selenium.chrome.ChromeDriver
Capabilities {acceptInsecureCerts: false, browserName: chrome, browserVersion: 77.0.3865.90, chrome: {chromedriverVersion: 77.0.3865.40 (f484704e052e0..., userDataDir: C:\Users\E562418\AppData\Lo...}, goog:chromeOptions: {debuggerAddress: localhost:58364}, javascriptEnabled: true, networkConnectionEnabled: false, pageLoadStrategy: normal, platform: XP, platformName: XP, proxy: Proxy(), setWindowRect: true, strictFileInteractability: false, timeouts: {implicit: 0, pageLoad: 300000, script: 30000}, unhandledPromptBehavior: dismiss and notify}
Session ID: 0ac1596ce8ffb6d0d98c5d99e97cf0d3
*** Element info: {Using=xpath, value=//span[contains(text(),'MES SAUVEGARDES')]}
	at org.openqa.selenium.remote.http.W3CHttpResponseCodec.createException(W3CHttpResponseCodec.java:187)
	at org.openqa.selenium.remote.http.W3CHttpResponseCodec.decode(W3CHttpResponseCodec.java:122)
	at org.openqa.selenium.remote.http.W3CHttpResponseCodec.decode(W3CHttpResponseCodec.java:49)
	at org.openqa.selenium.remote.HttpCommandExecutor.execute(HttpCommandExecutor.java:160)
	at org.openqa.selenium.remote.service.DriverCommandExecutor.execute(DriverCommandExecutor.java:83)
	at org.openqa.selenium.remote.RemoteWebDriver.execute(RemoteWebDriver.java:601)
	at org.openqa.selenium.remote.RemoteWebDriver.findElement(RemoteWebDriver.java:371)
	at org.openqa.selenium.remote.RemoteWebDriver.findElementByXPath(RemoteWebDriver.java:473)
	at org.openqa.selenium.By$ByXPath.findElement(By.java:361)
	at org.openqa.selenium.remote.RemoteWebDriver.findElement(RemoteWebDriver.java:363)
	at Peugeot.HomePageComponentsAP.CheckTextMysavePresent(HomePageComponentsAP.java:41)
	at Peugeot.HPCompFrTest.TheMySaveTextIsDisplayed(HPCompFrTest.java:103)
... Removed 28 stack frames]]>
    </failure>
  </testcase> <!-- TheMySaveTextIsDisplayed -->
  <testcase name="TheNeedHelpIconeIsDisplayed" time="0.089" classname="Peugeot.HPCompFrTest"/>
  <testcase name="TheNeedHelpTextIsDisplayed" time="0.097" classname="Peugeot.HPCompFrTest"/>
  <testcase name="GotAPopupWhenClickingOnNeedHelpBotton" time="3.382" classname="Peugeot.HPCompFrTest"/>
  <testcase name="TheTwiterIconeIsPresent" time="0.106" classname="Peugeot.HPCompFrTest"/>
  <testcase name="TheYoutubeIconeIsPresent" time="0.124" classname="Peugeot.HPCompFrTest"/>
  <testcase name="GotTwiterPageWhenClickingTheTwiterIcone" time="4.117" classname="Peugeot.HPCompFrTest"/>
  <testcase name="GotYoutubePageWhenClickingTheyoutubeIcone" time="9.107" classname="Peugeot.HPCompFrTest"/>
  <testcase name="TheSellGeneralConditionsTextIsPresent" time="0.14" classname="Peugeot.HPCompFrTest"/>
  <testcase name="GotTheSellGeneralConditionsPDF" time="3.581" classname="Peugeot.HPCompFrTest"/>
  <testcase name="GotTheRightUrlWhenClickingOnCarConfiguratorLink" time="4.773" classname="Peugeot.HPCompFrTest"/>
  <testcase name="GotTheRightUrlWhenClickingOnProfessionalCarsLink" time="4.215" classname="Peugeot.HPCompFrTest"/>
  <testcase name="GotTheRightUrlWhenClickingOnCarAccessoriesLink" time="4.487" classname="Peugeot.HPCompFrTest"/>
  <testcase name="GotTheRightUrlWhenClickingOnUsedCarsLink" time="3.608" classname="Peugeot.HPCompFrTest"/>
  <testcase name="GotTheRightUrlWhenClickingOnTheOrderStepsLink" time="0.058" classname="Peugeot.HPCompFrTest">
    <failure type="org.openqa.selenium.NoSuchElementException" message="no such element: Unable to locate element: {&amp;quot;method&amp;quot;:&amp;quot;xpath&amp;quot;,&amp;quot;selector&amp;quot;:&amp;quot;//a[contains(text(),&amp;apos;Les étapes de mon achat&amp;apos;)]&amp;quot;}
  (Session info: chrome=77.0.3865.90)
For documentation on this error, please visit: http://seleniumhq.org/exceptions/no_such_element.html
Build info: version: &amp;apos;3.9.1&amp;apos;, revision: &amp;apos;63f7b50&amp;apos;, time: &amp;apos;2018-02-07T22:42:28.403Z&amp;apos;
System info: host: &amp;apos;B1009809&amp;apos;, ip: &amp;apos;10.82.56.188&amp;apos;, os.name: &amp;apos;Windows 10&amp;apos;, os.arch: &amp;apos;amd64&amp;apos;, os.version: &amp;apos;10.0&amp;apos;, java.version: &amp;apos;1.8.0_181&amp;apos;
Driver info: org.openqa.selenium.chrome.ChromeDriver
Capabilities {acceptInsecureCerts: false, browserName: chrome, browserVersion: 77.0.3865.90, chrome: {chromedriverVersion: 77.0.3865.40 (f484704e052e0..., userDataDir: C:\Users\E562418\AppData\Lo...}, goog:chromeOptions: {debuggerAddress: localhost:58364}, javascriptEnabled: true, networkConnectionEnabled: false, pageLoadStrategy: normal, platform: XP, platformName: XP, proxy: Proxy(), setWindowRect: true, strictFileInteractability: false, timeouts: {implicit: 0, pageLoad: 300000, script: 30000}, unhandledPromptBehavior: dismiss and notify}
Session ID: 0ac1596ce8ffb6d0d98c5d99e97cf0d3
*** Element info: {Using=xpath, value=//a[contains(text(),&amp;apos;Les étapes de mon achat&amp;apos;)]}">
      <![CDATA[org.openqa.selenium.NoSuchElementException: no such element: Unable to locate element: {"method":"xpath","selector":"//a[contains(text(),'Les étapes de mon achat')]"}
  (Session info: chrome=77.0.3865.90)
For documentation on this error, please visit: http://seleniumhq.org/exceptions/no_such_element.html
Build info: version: '3.9.1', revision: '63f7b50', time: '2018-02-07T22:42:28.403Z'
System info: host: 'B1009809', ip: '10.82.56.188', os.name: 'Windows 10', os.arch: 'amd64', os.version: '10.0', java.version: '1.8.0_181'
Driver info: org.openqa.selenium.chrome.ChromeDriver
Capabilities {acceptInsecureCerts: false, browserName: chrome, browserVersion: 77.0.3865.90, chrome: {chromedriverVersion: 77.0.3865.40 (f484704e052e0..., userDataDir: C:\Users\E562418\AppData\Lo...}, goog:chromeOptions: {debuggerAddress: localhost:58364}, javascriptEnabled: true, networkConnectionEnabled: false, pageLoadStrategy: normal, platform: XP, platformName: XP, proxy: Proxy(), setWindowRect: true, strictFileInteractability: false, timeouts: {implicit: 0, pageLoad: 300000, script: 30000}, unhandledPromptBehavior: dismiss and notify}
Session ID: 0ac1596ce8ffb6d0d98c5d99e97cf0d3
*** Element info: {Using=xpath, value=//a[contains(text(),'Les étapes de mon achat')]}
	at org.openqa.selenium.remote.http.W3CHttpResponseCodec.createException(W3CHttpResponseCodec.java:187)
	at org.openqa.selenium.remote.http.W3CHttpResponseCodec.decode(W3CHttpResponseCodec.java:122)
	at org.openqa.selenium.remote.http.W3CHttpResponseCodec.decode(W3CHttpResponseCodec.java:49)
	at org.openqa.selenium.remote.HttpCommandExecutor.execute(HttpCommandExecutor.java:160)
	at org.openqa.selenium.remote.service.DriverCommandExecutor.execute(DriverCommandExecutor.java:83)
	at org.openqa.selenium.remote.RemoteWebDriver.execute(RemoteWebDriver.java:601)
	at org.openqa.selenium.remote.RemoteWebDriver.findElement(RemoteWebDriver.java:371)
	at org.openqa.selenium.remote.RemoteWebDriver.findElementByXPath(RemoteWebDriver.java:473)
	at org.openqa.selenium.By$ByXPath.findElement(By.java:361)
	at org.openqa.selenium.remote.RemoteWebDriver.findElement(RemoteWebDriver.java:363)
	at Peugeot.HomePageComponentsAP.GettheUrlwhenClckingOnAlink(HomePageComponentsAP.java:203)
	at Peugeot.HPCompFrTest.GotTheRightUrlWhenClickingOnTheOrderStepsLink(HPCompFrTest.java:208)
... Removed 28 stack frames]]>
    </failure>
  </testcase> <!-- GotTheRightUrlWhenClickingOnTheOrderStepsLink -->
  <testcase name="GotTheRightUrlWhenClickingOnWebsotrePaimentLink" time="4.055" classname="Peugeot.HPCompFrTest">
    <failure type="java.lang.AssertionError">
      <![CDATA[java.lang.AssertionError
	at Peugeot.HPCompFrTest.GotTheRightUrlWhenClickingOnWebsotrePaimentLink(HPCompFrTest.java:200)
... Removed 24 stack frames]]>
    </failure>
  </testcase> <!-- GotTheRightUrlWhenClickingOnWebsotrePaimentLink -->
  <testcase name="GotTheRightUrlWhenClickingOnTheDelieveryStepsLink" time="3.762" classname="Peugeot.HPCompFrTest">
    <failure type="java.lang.AssertionError">
      <![CDATA[java.lang.AssertionError
	at Peugeot.HPCompFrTest.GotTheRightUrlWhenClickingOnTheDelieveryStepsLink(HPCompFrTest.java:218)
... Removed 24 stack frames]]>
    </failure>
  </testcase> <!-- GotTheRightUrlWhenClickingOnTheDelieveryStepsLink -->
  <testcase name="GotTheRightUrlWhenClickingOnTheFAQLink" time="3.698" classname="Peugeot.HPCompFrTest">
    <failure type="java.lang.AssertionError">
      <![CDATA[java.lang.AssertionError
	at Peugeot.HPCompFrTest.GotTheRightUrlWhenClickingOnTheFAQLink(HPCompFrTest.java:227)
... Removed 24 stack frames]]>
    </failure>
  </testcase> <!-- GotTheRightUrlWhenClickingOnTheFAQLink -->
  <testcase name="GotTheRightUrlWhenClickingOnTheDealersLink" time="3.749" classname="Peugeot.HPCompFrTest"/>
  <testcase name="ThePeugeotLogoIsDisplayed" time="0.36" classname="Peugeot.HPCompItTest"/>
  <testcase name="TheTextUnderThePageTitleIsCorrect" time="0.137" classname="Peugeot.HPCompItTest"/>
  <testcase name="GotToHomePageWhenClickingOnThePeugeotLogo" time="2.458" classname="Peugeot.HPCompItTest"/>
  <testcase name="TheTwiterIconeIsPresent" time="0.435" classname="Peugeot.HPCompItTest"/>
  <testcase name="TheFacebookIconeIsPresent" time="0.096" classname="Peugeot.HPCompItTest"/>
  <testcase name="TheYoutubeIconeIsPresent" time="0.113" classname="Peugeot.HPCompItTest"/>
  <testcase name="GotTwiterPageWhenClickingTheTwiterIcone" time="3.862" classname="Peugeot.HPCompItTest"/>
  <testcase name="GotFacebookPageWhenClickingTheFacebookIcone" time="4.103" classname="Peugeot.HPCompItTest"/>
  <testcase name="GotYoutubePageWhenClickingTheyoutubeIcone" time="4.302" classname="Peugeot.HPCompItTest"/>
  <testcase name="TheUserGeneralConditionsTextIsPresent" time="0.17" classname="Peugeot.HPCompItTest"/>
  <testcase name="TheCookiesTextIsPresent" time="0.091" classname="Peugeot.HPCompItTest"/>
  <testcase name="GotTheGeneralInformationPage" time="3.33" classname="Peugeot.HPCompItTest"/>
  <testcase name="GotTheCookiesPopUp" time="3.793" classname="Peugeot.HPCompItTest"/>
  <testcase name="GotTheRightUrlWhenClickingOnCarConfiguratorLink" time="3.53" classname="Peugeot.HPCompItTest"/>
  <testcase name="GotTheRightUrlWhenClickingOnProfessionalCarsLink" time="3.666" classname="Peugeot.HPCompItTest"/>
  <testcase name="GotTheRightUrlWhenClickingOnCarAccessoriesLink" time="6.408" classname="Peugeot.HPCompItTest"/>
  <testcase name="GotTheRightUrlWhenClickingOnUsedCarsLink" time="3.607" classname="Peugeot.HPCompItTest"/>
  <testcase name="GotTheRightUrlWhenClickingOnTheDealersLink" time="3.612" classname="Peugeot.HPCompItTest"/>
  <testcase name="ThePeugeotLogoIsDisplayed" time="0.275" classname="Peugeot.HPCompESTest"/>
  <testcase name="TheTextUnderThePageTitleIsCorrect" time="0.091" classname="Peugeot.HPCompESTest"/>
  <testcase name="GotToHomePageWhenClickingOnThePeugeotLogo" time="2.679" classname="Peugeot.HPCompESTest"/>
  <testcase name="TheFacebookIconeIsPresent" time="0.41" classname="Peugeot.HPCompESTest"/>
  <testcase name="GotFacebookPageWhenClickingTheFacebookIcone" time="4.623" classname="Peugeot.HPCompESTest"/>
  <testcase name="TheUserGeneralConditionsTextIsPresent" time="0.166" classname="Peugeot.HPCompESTest"/>
  <testcase name="TheCookiesTextIsPresent" time="0.103" classname="Peugeot.HPCompESTest"/>
  <testcase name="GotTheUserGeneralConditionsPage" time="3.454" classname="Peugeot.HPCompESTest"/>
  <testcase name="GotTheCookiesPopUp" time="13.565" classname="Peugeot.HPCompESTest">
    <failure type="org.openqa.selenium.ElementNotInteractableException" message="element not interactable
  (Session info: chrome=77.0.3865.90)
Build info: version: &amp;apos;3.9.1&amp;apos;, revision: &amp;apos;63f7b50&amp;apos;, time: &amp;apos;2018-02-07T22:42:28.403Z&amp;apos;
System info: host: &amp;apos;B1009809&amp;apos;, ip: &amp;apos;10.82.56.188&amp;apos;, os.name: &amp;apos;Windows 10&amp;apos;, os.arch: &amp;apos;amd64&amp;apos;, os.version: &amp;apos;10.0&amp;apos;, java.version: &amp;apos;1.8.0_181&amp;apos;
Driver info: org.openqa.selenium.chrome.ChromeDriver
Capabilities {acceptInsecureCerts: false, browserName: chrome, browserVersion: 77.0.3865.90, chrome: {chromedriverVersion: 77.0.3865.40 (f484704e052e0..., userDataDir: C:\Users\E562418\AppData\Lo...}, goog:chromeOptions: {debuggerAddress: localhost:58125}, javascriptEnabled: true, networkConnectionEnabled: false, pageLoadStrategy: normal, platform: XP, platformName: XP, proxy: Proxy(), setWindowRect: true, strictFileInteractability: false, timeouts: {implicit: 0, pageLoad: 300000, script: 30000}, unhandledPromptBehavior: dismiss and notify}
Session ID: e2e02443157cd6b41a4ccedf4429b40a">
      <![CDATA[org.openqa.selenium.ElementNotInteractableException: element not interactable
  (Session info: chrome=77.0.3865.90)
Build info: version: '3.9.1', revision: '63f7b50', time: '2018-02-07T22:42:28.403Z'
System info: host: 'B1009809', ip: '10.82.56.188', os.name: 'Windows 10', os.arch: 'amd64', os.version: '10.0', java.version: '1.8.0_181'
Driver info: org.openqa.selenium.chrome.ChromeDriver
Capabilities {acceptInsecureCerts: false, browserName: chrome, browserVersion: 77.0.3865.90, chrome: {chromedriverVersion: 77.0.3865.40 (f484704e052e0..., userDataDir: C:\Users\E562418\AppData\Lo...}, goog:chromeOptions: {debuggerAddress: localhost:58125}, javascriptEnabled: true, networkConnectionEnabled: false, pageLoadStrategy: normal, platform: XP, platformName: XP, proxy: Proxy(), setWindowRect: true, strictFileInteractability: false, timeouts: {implicit: 0, pageLoad: 300000, script: 30000}, unhandledPromptBehavior: dismiss and notify}
Session ID: e2e02443157cd6b41a4ccedf4429b40a
	at org.openqa.selenium.remote.http.W3CHttpResponseCodec.createException(W3CHttpResponseCodec.java:187)
	at org.openqa.selenium.remote.http.W3CHttpResponseCodec.decode(W3CHttpResponseCodec.java:122)
	at org.openqa.selenium.remote.http.W3CHttpResponseCodec.decode(W3CHttpResponseCodec.java:49)
	at org.openqa.selenium.remote.HttpCommandExecutor.execute(HttpCommandExecutor.java:160)
	at org.openqa.selenium.remote.service.DriverCommandExecutor.execute(DriverCommandExecutor.java:83)
	at org.openqa.selenium.remote.RemoteWebDriver.execute(RemoteWebDriver.java:601)
	at org.openqa.selenium.remote.RemoteWebElement.execute(RemoteWebElement.java:279)
	at org.openqa.selenium.remote.RemoteWebElement.click(RemoteWebElement.java:83)
	at Peugeot.HomePageComponentsAP.CheckClickOnCookies(HomePageComponentsAP.java:195)
	at Peugeot.HPCompESTest.GotTheCookiesPopUp(HPCompESTest.java:94)
... Removed 27 stack frames]]>
    </failure>
  </testcase> <!-- GotTheCookiesPopUp -->
  <testcase name="GotTheRightUrlWhenClickingOnProfessionalCarsLink" time="4.266" classname="Peugeot.HPCompESTest"/>
  <testcase name="GotTheRightUrlWhenClickingOnUsedCarsLink" time="3.777" classname="Peugeot.HPCompESTest"/>
  <testcase name="GotTheRightUrlWhenClickingOnTheDealersLink" time="13.629" classname="Peugeot.HPCompESTest"/>
  <testcase name="ThePeugeotLogoIsDisplayed" time="0.245" classname="Peugeot.HPCompBeFrTest"/>
  <testcase name="TheTextUnderThePageTitleIsCorrect" time="0.091" classname="Peugeot.HPCompBeFrTest">
    <failure type="java.lang.AssertionError">
      <![CDATA[java.lang.AssertionError
	at Peugeot.HPCompBeFrTest.TheTextUnderThePageTitleIsCorrect(HPCompBeFrTest.java:43)
... Removed 24 stack frames]]>
    </failure>
  </testcase> <!-- TheTextUnderThePageTitleIsCorrect -->
  <testcase name="GotToHomePageWhenClickingOnThePeugeotLogo" time="1.554" classname="Peugeot.HPCompBeFrTest"/>
  <testcase name="TheFacebookIconeIsPresent" time="0.125" classname="Peugeot.HPCompBeFrTest"/>
  <testcase name="TheYoutubeIconeIsPresent" time="0.126" classname="Peugeot.HPCompBeFrTest"/>
  <testcase name="GotFacebookPageWhenClickingTheFacebookIcone" time="3.838" classname="Peugeot.HPCompBeFrTest"/>
  <testcase name="GotYoutubePageWhenClickingTheyoutubeIcone" time="4.397" classname="Peugeot.HPCompBeFrTest"/>
  <testcase name="TheUserGeneralConditionsTextIsPresent" time="0.223" classname="Peugeot.HPCompBeFrTest"/>
  <testcase name="TheCookiesTextIsPresent" time="0.071" classname="Peugeot.HPCompBeFrTest"/>
  <testcase name="GotTheUserGeneralConditionsPage" time="3.384" classname="Peugeot.HPCompBeFrTest"/>
  <testcase name="GotTheCookiesPopUp" time="3.219" classname="Peugeot.HPCompBeFrTest">
    <failure type="org.openqa.selenium.NoSuchElementException" message="no such element: Unable to locate element: {&amp;quot;method&amp;quot;:&amp;quot;xpath&amp;quot;,&amp;quot;selector&amp;quot;:&amp;quot;//p[@id=&amp;apos;_psaihm_title&amp;apos;]&amp;quot;}
  (Session info: chrome=77.0.3865.90)
For documentation on this error, please visit: http://seleniumhq.org/exceptions/no_such_element.html
Build info: version: &amp;apos;3.9.1&amp;apos;, revision: &amp;apos;63f7b50&amp;apos;, time: &amp;apos;2018-02-07T22:42:28.403Z&amp;apos;
System info: host: &amp;apos;B1009809&amp;apos;, ip: &amp;apos;10.82.56.188&amp;apos;, os.name: &amp;apos;Windows 10&amp;apos;, os.arch: &amp;apos;amd64&amp;apos;, os.version: &amp;apos;10.0&amp;apos;, java.version: &amp;apos;1.8.0_181&amp;apos;
Driver info: org.openqa.selenium.chrome.ChromeDriver
Capabilities {acceptInsecureCerts: false, browserName: chrome, browserVersion: 77.0.3865.90, chrome: {chromedriverVersion: 77.0.3865.40 (f484704e052e0..., userDataDir: C:\Users\E562418\AppData\Lo...}, goog:chromeOptions: {debuggerAddress: localhost:57941}, javascriptEnabled: true, networkConnectionEnabled: false, pageLoadStrategy: normal, platform: XP, platformName: XP, proxy: Proxy(), setWindowRect: true, strictFileInteractability: false, timeouts: {implicit: 0, pageLoad: 300000, script: 30000}, unhandledPromptBehavior: dismiss and notify}
Session ID: 919c0420d7e63acf43db4090294750ee
*** Element info: {Using=xpath, value=//p[@id=&amp;apos;_psaihm_title&amp;apos;]}">
      <![CDATA[org.openqa.selenium.NoSuchElementException: no such element: Unable to locate element: {"method":"xpath","selector":"//p[@id='_psaihm_title']"}
  (Session info: chrome=77.0.3865.90)
For documentation on this error, please visit: http://seleniumhq.org/exceptions/no_such_element.html
Build info: version: '3.9.1', revision: '63f7b50', time: '2018-02-07T22:42:28.403Z'
System info: host: 'B1009809', ip: '10.82.56.188', os.name: 'Windows 10', os.arch: 'amd64', os.version: '10.0', java.version: '1.8.0_181'
Driver info: org.openqa.selenium.chrome.ChromeDriver
Capabilities {acceptInsecureCerts: false, browserName: chrome, browserVersion: 77.0.3865.90, chrome: {chromedriverVersion: 77.0.3865.40 (f484704e052e0..., userDataDir: C:\Users\E562418\AppData\Lo...}, goog:chromeOptions: {debuggerAddress: localhost:57941}, javascriptEnabled: true, networkConnectionEnabled: false, pageLoadStrategy: normal, platform: XP, platformName: XP, proxy: Proxy(), setWindowRect: true, strictFileInteractability: false, timeouts: {implicit: 0, pageLoad: 300000, script: 30000}, unhandledPromptBehavior: dismiss and notify}
Session ID: 919c0420d7e63acf43db4090294750ee
*** Element info: {Using=xpath, value=//p[@id='_psaihm_title']}
	at org.openqa.selenium.remote.http.W3CHttpResponseCodec.createException(W3CHttpResponseCodec.java:187)
	at org.openqa.selenium.remote.http.W3CHttpResponseCodec.decode(W3CHttpResponseCodec.java:122)
	at org.openqa.selenium.remote.http.W3CHttpResponseCodec.decode(W3CHttpResponseCodec.java:49)
	at org.openqa.selenium.remote.HttpCommandExecutor.execute(HttpCommandExecutor.java:160)
	at org.openqa.selenium.remote.service.DriverCommandExecutor.execute(DriverCommandExecutor.java:83)
	at org.openqa.selenium.remote.RemoteWebDriver.execute(RemoteWebDriver.java:601)
	at org.openqa.selenium.remote.RemoteWebDriver.findElement(RemoteWebDriver.java:371)
	at org.openqa.selenium.remote.RemoteWebDriver.findElementByXPath(RemoteWebDriver.java:473)
	at org.openqa.selenium.By$ByXPath.findElement(By.java:361)
	at org.openqa.selenium.remote.RemoteWebDriver.findElement(RemoteWebDriver.java:363)
	at Peugeot.HomePageComponentsAP.CheckClickOnCookies(HomePageComponentsAP.java:194)
	at Peugeot.HPCompBeFrTest.GotTheCookiesPopUp(HPCompBeFrTest.java:100)
... Removed 27 stack frames]]>
    </failure>
  </testcase> <!-- GotTheCookiesPopUp -->
  <testcase name="GotTheRightUrlWhenClickingOnCarConfiguratorLink" time="3.434" classname="Peugeot.HPCompBeFrTest"/>
  <testcase name="GotTheRightUrlWhenClickingOnCarAccessoriesLink" time="3.726" classname="Peugeot.HPCompBeFrTest"/>
  <testcase name="GotTheRightUrlWhenClickingOnUsedCarsLink" time="13.443" classname="Peugeot.HPCompBeFrTest">
    <failure type="java.lang.AssertionError">
      <![CDATA[java.lang.AssertionError
	at Peugeot.HPCompBeFrTest.GotTheRightUrlWhenClickingOnUsedCarsLink(HPCompBeFrTest.java:127)
... Removed 24 stack frames]]>
    </failure>
  </testcase> <!-- GotTheRightUrlWhenClickingOnUsedCarsLink -->
  <testcase name="GotTheRightUrlWhenClickingOnTheDealersLink" time="3.529" classname="Peugeot.HPCompBeFrTest"/>
  <testcase name="ThePageTitleisCorrect" time="0.309" classname="Peugeot.HPCompBeNlTest"/>
  <testcase name="ThePeugeotLogoIsDisplayed" time="0.108" classname="Peugeot.HPCompBeNlTest"/>
  <testcase name="TheTextUnderThePageTitleIsCorrect" time="0.077" classname="Peugeot.HPCompBeNlTest"/>
  <testcase name="GotToHomePageWhenClickingOnThePeugeotLogo" time="3.091" classname="Peugeot.HPCompBeNlTest">
    <failure type="java.lang.AssertionError">
      <![CDATA[java.lang.AssertionError
	at Peugeot.HPCompBeNlTest.GotToHomePageWhenClickingOnThePeugeotLogo(HPCompBeNlTest.java:49)
... Removed 24 stack frames]]>
    </failure>
  </testcase> <!-- GotToHomePageWhenClickingOnThePeugeotLogo -->
  <testcase name="TheYoutubeIconeIsPresent" time="0.138" classname="Peugeot.HPCompBeNlTest"/>
  <testcase name="GotYoutubePageWhenClickingTheyoutubeIcone" time="4.48" classname="Peugeot.HPCompBeNlTest"/>
  <testcase name="TheUserGeneralConditionsTextIsPresent" time="0.124" classname="Peugeot.HPCompBeNlTest"/>
  <testcase name="GotTheUserGeneralConditionsPage" time="3.373" classname="Peugeot.HPCompBeNlTest"/>
  <testcase name="GotTheRightUrlWhenClickingOnCarConfiguratorLink" time="7.218" classname="Peugeot.HPCompBeNlTest"/>
  <testcase name="GotTheRightUrlWhenClickingOnCarAccessoriesLink" time="3.456" classname="Peugeot.HPCompBeNlTest"/>
  <testcase name="GotTheRightUrlWhenClickingOnUsedCarsLink" time="13.423" classname="Peugeot.HPCompBeNlTest">
    <failure type="java.lang.AssertionError">
      <![CDATA[java.lang.AssertionError
	at Peugeot.HPCompBeNlTest.GotTheRightUrlWhenClickingOnUsedCarsLink(HPCompBeNlTest.java:102)
... Removed 24 stack frames]]>
    </failure>
  </testcase> <!-- GotTheRightUrlWhenClickingOnUsedCarsLink -->
  <testcase name="GotTheRightUrlWhenClickingOnTheFAQLink" time="3.507" classname="Peugeot.HPCompBeNlTest">
    <failure type="java.lang.AssertionError">
      <![CDATA[java.lang.AssertionError
	at Peugeot.HPCompBeNlTest.GotTheRightUrlWhenClickingOnTheFAQLink(HPCompBeNlTest.java:111)
... Removed 24 stack frames]]>
    </failure>
  </testcase> <!-- GotTheRightUrlWhenClickingOnTheFAQLink -->
  <testcase name="GotTheRightUrlWhenClickingOnTheDealersLink" time="3.523" classname="Peugeot.HPCompBeNlTest"/>
  <testcase name="ThePageTitleisCorrect" time="0.503" classname="Citroën.HPCompFrTest"/>
  <testcase name="ThePageTitleBrandisCorrect" time="0.059" classname="Citroën.HPCompFrTest"/>
  <testcase name="ThePeugeotLogoIsDisplayed" time="0.065" classname="Citroën.HPCompFrTest"/>
  <testcase name="TheTextUnderThePageTitleIsCorrect" time="0.052" classname="Citroën.HPCompFrTest">
    <failure type="java.lang.AssertionError">
      <![CDATA[java.lang.AssertionError
	at Citroën.HPCompFrTest.TheTextUnderThePageTitleIsCorrect(HPCompFrTest.java:54)
... Removed 24 stack frames]]>
    </failure>
  </testcase> <!-- TheTextUnderThePageTitleIsCorrect -->
  <testcase name="GotToHomePageWhenClickingOnTheCitënLogo" time="1.23" classname="Citroën.HPCompFrTest"/>
  <testcase name="TheFacebookIconeIsPresent" time="0.232" classname="Citroën.HPCompFrTest"/>
  <testcase name="GotFacebookPageWhenClickingTheFacebookIcone" time="4.651" classname="Citroën.HPCompFrTest"/>
  <testcase name="TheUserGeneralConditionsTextIsPresent" time="0.105" classname="Citroën.HPCompFrTest"/>
  <testcase name="TheCookiesTextIsPresent" time="0.073" classname="Citroën.HPCompFrTest"/>
  <testcase name="GotTheUserGeneralConditionsPDF" time="3.395" classname="Citroën.HPCompFrTest"/>
  <testcase name="GotTheCookiesPopUp" time="3.565" classname="Citroën.HPCompFrTest"/>
  <testcase name="TheMySaveIconIsDisplayed" time="0.052" classname="Citroën.HPCompFrTest"/>
  <testcase name="TheMySaveTextIsDisplayed" time="0.056" classname="Citroën.HPCompFrTest"/>
  <testcase name="TheNeedHelpIconeIsDisplayed" time="0.052" classname="Citroën.HPCompFrTest"/>
  <testcase name="TheNeedHelpTextIsDisplayed" time="0.049" classname="Citroën.HPCompFrTest"/>
  <testcase name="GotAPopupWhenClickingOnNeedHelpBotton" time="3.335" classname="Citroën.HPCompFrTest"/>
  <testcase name="TheTwiterIconeIsPresent" time="0.074" classname="Citroën.HPCompFrTest"/>
  <testcase name="TheYoutubeIconeIsPresent" time="0.047" classname="Citroën.HPCompFrTest"/>
  <testcase name="GotTwiterPageWhenClickingTheTwiterIcone" time="3.967" classname="Citroën.HPCompFrTest"/>
  <testcase name="GotYoutubePageWhenClickingTheyoutubeIcone" time="4.231" classname="Citroën.HPCompFrTest"/>
  <testcase name="TheSellGeneralConditionsTextIsPresent" time="0.227" classname="Citroën.HPCompFrTest"/>
  <testcase name="GotTheSellGeneralConditionsPDF" time="3.552" classname="Citroën.HPCompFrTest"/>
  <testcase name="GotTheRightUrlWhenClickingOnCarConfiguratorLink" time="4.557" classname="Citroën.HPCompFrTest"/>
  <testcase name="GotTheRightUrlWhenClickingOnProfessionalCarsLink" time="3.624" classname="Citroën.HPCompFrTest"/>
  <testcase name="GotTheRightUrlWhenClickingOnCarAccessoriesLink" time="4.811" classname="Citroën.HPCompFrTest"/>
  <testcase name="GotTheRightUrlWhenClickingOnUsedCarsLink" time="3.691" classname="Citroën.HPCompFrTest"/>
  <testcase name="GotTheRightUrlWhenClickingOnWebsotrePaimentLink" time="3.832" classname="Citroën.HPCompFrTest"/>
  <testcase name="GotTheRightUrlWhenClickingOnTheOrderStepsLink" time="3.754" classname="Citroën.HPCompFrTest"/>
  <testcase name="GotTheRightUrlWhenClickingOnTheDelieveryStepsLink" time="3.491" classname="Citroën.HPCompFrTest"/>
  <testcase name="GotTheRightUrlWhenClickingOnTheFAQLink" time="3.447" classname="Citroën.HPCompFrTest"/>
  <testcase name="GotTheRightUrlWhenClickingOnTheDealersLink" time="3.507" classname="Citroën.HPCompFrTest"/>
  <testcase name="ThePageTitleisCorrect" time="0.469" classname="Citroën.HPCompItTest"/>
  <testcase name="ThePageTitleBrandisCorrect" time="0.081" classname="Citroën.HPCompItTest"/>
  <testcase name="ThePeugeotLogoIsDisplayed" time="0.056" classname="Citroën.HPCompItTest"/>
  <testcase name="TheTextUnderThePageTitleIsCorrect" time="0.045" classname="Citroën.HPCompItTest"/>
  <testcase name="GotToHomePageWhenClickingOnTheCitënLogo" time="1.725" classname="Citroën.HPCompItTest"/>
  <testcase name="TheFacebookIconeIsPresent" time="0.831" classname="Citroën.HPCompItTest"/>
  <testcase name="GotFacebookPageWhenClickingTheFacebookIcone" time="5.487" classname="Citroën.HPCompItTest">
    <failure type="java.lang.AssertionError">
      <![CDATA[java.lang.AssertionError
	at Citroën.HPCompItTest.GotFacebookPageWhenClickingTheFacebookIcone(HPCompItTest.java:78)
... Removed 24 stack frames]]>
    </failure>
  </testcase> <!-- GotFacebookPageWhenClickingTheFacebookIcone -->
  <testcase name="TheTwiterIconeIsPresent" time="0.115" classname="Citroën.HPCompItTest"/>
  <testcase name="GotTwiterPageWhenClickingTheTwiterIcone" time="4.268" classname="Citroën.HPCompItTest">
    <failure type="java.lang.AssertionError">
      <![CDATA[java.lang.AssertionError
	at Citroën.HPCompItTest.GotTwiterPageWhenClickingTheTwiterIcone(HPCompItTest.java:90)
... Removed 24 stack frames]]>
    </failure>
  </testcase> <!-- GotTwiterPageWhenClickingTheTwiterIcone -->
  <testcase name="TheUserGeneralConditionsTextIsPresent" time="0.1" classname="Citroën.HPCompItTest"/>
  <testcase name="GotTheUserGeneralConditionsPDF" time="3.442" classname="Citroën.HPCompItTest"/>
  <testcase name="GotTheCookiesPopUp" time="3.533" classname="Citroën.HPCompItTest"/>
  <testcase name="TheCookiesTextIsPresent" time="0.053" classname="Citroën.HPCompItTest"/>
  <testcase name="TheYoutubeIconeIsPresent" time="0.074" classname="Citroën.HPCompItTest"/>
  <testcase name="GotYoutubePageWhenClickingTheyoutubeIcone" time="6.066" classname="Citroën.HPCompItTest"/>
  <testcase name="GotTheRightUrlWhenClickingOnCarConfiguratorLink" time="4.765" classname="Citroën.HPCompItTest"/>
  <testcase name="GotTheRightUrlWhenClickingOnCarAccessoriesLink" time="4.289" classname="Citroën.HPCompItTest"/>
  <testcase name="GotTheRightUrlWhenClickingOnUsedCarsLink" time="3.566" classname="Citroën.HPCompItTest"/>
  <testcase name="GotTheRightUrlWhenClickingOnWebsotrePaimentLink" time="0.107" classname="Citroën.HPCompItTest">
    <failure type="org.openqa.selenium.NoSuchElementException" message="no such element: Unable to locate element: {&amp;quot;method&amp;quot;:&amp;quot;xpath&amp;quot;,&amp;quot;selector&amp;quot;:&amp;quot;//a[contains(text(),&amp;apos;Le paiement sur Carstore&amp;apos;)]&amp;quot;}
  (Session info: chrome=77.0.3865.90)
For documentation on this error, please visit: http://seleniumhq.org/exceptions/no_such_element.html
Build info: version: &amp;apos;3.9.1&amp;apos;, revision: &amp;apos;63f7b50&amp;apos;, time: &amp;apos;2018-02-07T22:42:28.403Z&amp;apos;
System info: host: &amp;apos;B1009809&amp;apos;, ip: &amp;apos;10.82.56.188&amp;apos;, os.name: &amp;apos;Windows 10&amp;apos;, os.arch: &amp;apos;amd64&amp;apos;, os.version: &amp;apos;10.0&amp;apos;, java.version: &amp;apos;1.8.0_181&amp;apos;
Driver info: org.openqa.selenium.chrome.ChromeDriver
Capabilities {acceptInsecureCerts: false, browserName: chrome, browserVersion: 77.0.3865.90, chrome: {chromedriverVersion: 77.0.3865.40 (f484704e052e0..., userDataDir: C:\Users\E562418\AppData\Lo...}, goog:chromeOptions: {debuggerAddress: localhost:58455}, javascriptEnabled: true, networkConnectionEnabled: false, pageLoadStrategy: normal, platform: XP, platformName: XP, proxy: Proxy(), setWindowRect: true, strictFileInteractability: false, timeouts: {implicit: 0, pageLoad: 300000, script: 30000}, unhandledPromptBehavior: dismiss and notify}
Session ID: 915196eab01add0c8e00b03cf07a1754
*** Element info: {Using=xpath, value=//a[contains(text(),&amp;apos;Le paiement sur Carstore&amp;apos;)]}">
      <![CDATA[org.openqa.selenium.NoSuchElementException: no such element: Unable to locate element: {"method":"xpath","selector":"//a[contains(text(),'Le paiement sur Carstore')]"}
  (Session info: chrome=77.0.3865.90)
For documentation on this error, please visit: http://seleniumhq.org/exceptions/no_such_element.html
Build info: version: '3.9.1', revision: '63f7b50', time: '2018-02-07T22:42:28.403Z'
System info: host: 'B1009809', ip: '10.82.56.188', os.name: 'Windows 10', os.arch: 'amd64', os.version: '10.0', java.version: '1.8.0_181'
Driver info: org.openqa.selenium.chrome.ChromeDriver
Capabilities {acceptInsecureCerts: false, browserName: chrome, browserVersion: 77.0.3865.90, chrome: {chromedriverVersion: 77.0.3865.40 (f484704e052e0..., userDataDir: C:\Users\E562418\AppData\Lo...}, goog:chromeOptions: {debuggerAddress: localhost:58455}, javascriptEnabled: true, networkConnectionEnabled: false, pageLoadStrategy: normal, platform: XP, platformName: XP, proxy: Proxy(), setWindowRect: true, strictFileInteractability: false, timeouts: {implicit: 0, pageLoad: 300000, script: 30000}, unhandledPromptBehavior: dismiss and notify}
Session ID: 915196eab01add0c8e00b03cf07a1754
*** Element info: {Using=xpath, value=//a[contains(text(),'Le paiement sur Carstore')]}
	at org.openqa.selenium.remote.http.W3CHttpResponseCodec.createException(W3CHttpResponseCodec.java:187)
	at org.openqa.selenium.remote.http.W3CHttpResponseCodec.decode(W3CHttpResponseCodec.java:122)
	at org.openqa.selenium.remote.http.W3CHttpResponseCodec.decode(W3CHttpResponseCodec.java:49)
	at org.openqa.selenium.remote.HttpCommandExecutor.execute(HttpCommandExecutor.java:160)
	at org.openqa.selenium.remote.service.DriverCommandExecutor.execute(DriverCommandExecutor.java:83)
	at org.openqa.selenium.remote.RemoteWebDriver.execute(RemoteWebDriver.java:601)
	at org.openqa.selenium.remote.RemoteWebDriver.findElement(RemoteWebDriver.java:371)
	at org.openqa.selenium.remote.RemoteWebDriver.findElementByXPath(RemoteWebDriver.java:473)
	at org.openqa.selenium.By$ByXPath.findElement(By.java:361)
	at org.openqa.selenium.remote.RemoteWebDriver.findElement(RemoteWebDriver.java:363)
	at Citroën.HomePageComponentsAC.GettheUrlwhenClckingOnAlink(HomePageComponentsAC.java:20)
	at Citroën.HPCompItTest.GotTheRightUrlWhenClickingOnWebsotrePaimentLink(HPCompItTest.java:161)
... Removed 27 stack frames]]>
    </failure>
  </testcase> <!-- GotTheRightUrlWhenClickingOnWebsotrePaimentLink -->
  <testcase name="GotTheRightUrlWhenClickingOnTheDealersLink" time="3.488" classname="Citroën.HPCompItTest">
    <failure type="java.lang.AssertionError">
      <![CDATA[java.lang.AssertionError
	at Citroën.HPCompItTest.GotTheRightUrlWhenClickingOnTheDealersLink(HPCompItTest.java:171)
... Removed 24 stack frames]]>
    </failure>
  </testcase> <!-- GotTheRightUrlWhenClickingOnTheDealersLink -->
  <testcase name="ThePageTitleisCorrect" time="0.51" classname="Citroën.HPCompESTest"/>
  <testcase name="ThePageTitleBrandisCorrect" time="0.051" classname="Citroën.HPCompESTest"/>
  <testcase name="ThePeugeotLogoIsDisplayed" time="0.051" classname="Citroën.HPCompESTest"/>
  <testcase name="TheTextUnderThePageTitleIsCorrect" time="0.049" classname="Citroën.HPCompESTest">
    <failure type="java.lang.AssertionError">
      <![CDATA[java.lang.AssertionError
	at Citroën.HPCompESTest.TheTextUnderThePageTitleIsCorrect(HPCompESTest.java:60)
... Removed 24 stack frames]]>
    </failure>
  </testcase> <!-- TheTextUnderThePageTitleIsCorrect -->
  <testcase name="GotToHomePageWhenClickingOnTheCitënLogo" time="1.294" classname="Citroën.HPCompESTest"/>
  <testcase name="TheFacebookIconeIsPresent" time="0.423" classname="Citroën.HPCompESTest"/>
  <testcase name="GotFacebookPageWhenClickingTheFacebookIcone" time="5.083" classname="Citroën.HPCompESTest">
    <failure type="java.lang.AssertionError">
      <![CDATA[java.lang.AssertionError
	at Citroën.HPCompESTest.GotFacebookPageWhenClickingTheFacebookIcone(HPCompESTest.java:78)
... Removed 24 stack frames]]>
    </failure>
  </testcase> <!-- GotFacebookPageWhenClickingTheFacebookIcone -->
  <testcase name="TheTwiterIconeIsPresent" time="0.089" classname="Citroën.HPCompESTest"/>
  <testcase name="GotTwiterPageWhenClickingTheTwiterIcone" time="3.63" classname="Citroën.HPCompESTest"/>
  <testcase name="TheUserGeneralConditionsTextIsPresent" time="0.131" classname="Citroën.HPCompESTest"/>
  <testcase name="GotTheUserGeneralConditionsPDF" time="3.358" classname="Citroën.HPCompESTest"/>
  <testcase name="GotTheCookiesPopUp" time="3.677" classname="Citroën.HPCompESTest"/>
  <testcase name="TheCookiesTextIsPresent" time="0.043" classname="Citroën.HPCompESTest"/>
  <testcase name="GotTheRightUrlWhenClickingOnCarConfiguratorLink" time="4.285" classname="Citroën.HPCompESTest"/>
  <testcase name="GotTheRightUrlWhenClickingOnProfessionalCarsLink" time="3.585" classname="Citroën.HPCompESTest"/>
  <testcase name="GotTheRightUrlWhenClickingPricingLink" time="3.864" classname="Citroën.HPCompESTest"/>
  <testcase name="GotTheRightUrlWhenClickingOnUsedCarsLink" time="3.664" classname="Citroën.HPCompESTest"/>
  <testcase name="GotTheRightUrlWhenClickingOnTheDealersLink" time="3.518" classname="Citroën.HPCompESTest">
    <failure type="java.lang.AssertionError">
      <![CDATA[java.lang.AssertionError
	at Citroën.HPCompESTest.GotTheRightUrlWhenClickingOnTheDealersLink(HPCompESTest.java:160)
... Removed 24 stack frames]]>
    </failure>
  </testcase> <!-- GotTheRightUrlWhenClickingOnTheDealersLink -->
  <testcase name="ThePageTitleBrandisCorrect" time="0.493" classname="DS.HPCompFrTest"/>
  <testcase name="ThePageTitleisCorrect" time="0.052" classname="DS.HPCompFrTest"/>
  <testcase name="ThePeugeotLogoIsDisplayed" time="0.058" classname="DS.HPCompFrTest"/>
  <testcase name="TheTextUnderThePageTitleIsCorrect" time="0.048" classname="DS.HPCompFrTest"/>
  <testcase name="GotToHomePageWhenClickingOnTheCitënLogo" time="1.175" classname="DS.HPCompFrTest"/>
  <testcase name="TheFacebookIconeIsPresent" time="0.412" classname="DS.HPCompFrTest"/>
  <testcase name="GotFacebookPageWhenClickingTheFacebookIcone" time="4.688" classname="DS.HPCompFrTest"/>
  <testcase name="TheUserGeneralConditionsTextIsPresent" time="0.149" classname="DS.HPCompFrTest"/>
  <testcase name="TheCookiesTextIsPresent" time="0.06" classname="DS.HPCompFrTest"/>
  <testcase name="GotTheUserGeneralConditionsPDF" time="3.414" classname="DS.HPCompFrTest"/>
  <testcase name="GotTheCookiesPopUp" time="3.577" classname="DS.HPCompFrTest"/>
  <testcase name="TheMySaveIconIsDisplayed" time="0.045" classname="DS.HPCompFrTest"/>
  <testcase name="TheMySaveTextIsDisplayed" time="0.048" classname="DS.HPCompFrTest"/>
  <testcase name="TheNeedHelpIconeIsDisplayed" time="0.04" classname="DS.HPCompFrTest"/>
  <testcase name="TheNeedHelpTextIsDisplayed" time="0.046" classname="DS.HPCompFrTest"/>
  <testcase name="GotAPopupWhenClickingOnNeedHelpBotton" time="3.447" classname="DS.HPCompFrTest"/>
  <testcase name="TheTwiterIconeIsPresent" time="0.076" classname="DS.HPCompFrTest"/>
  <testcase name="TheYoutubeIconeIsPresent" time="0.067" classname="DS.HPCompFrTest"/>
  <testcase name="GotTwiterPageWhenClickingTheTwiterIcone" time="6.111" classname="DS.HPCompFrTest"/>
  <testcase name="GotYoutubePageWhenClickingTheyoutubeIcone" time="4.269" classname="DS.HPCompFrTest"/>
  <testcase name="TheSellGeneralConditionsTextIsPresent" time="0.096" classname="DS.HPCompFrTest"/>
  <testcase name="GotTheSellGeneralConditionsPDF" time="3.384" classname="DS.HPCompFrTest"/>
  <testcase name="GotTheRightUrlWhenClickingOnCarConfiguratorLink" time="4.206" classname="DS.HPCompFrTest"/>
  <testcase name="GotTheRightUrlWhenClickingOnProfessionalCarsLink" time="3.68" classname="DS.HPCompFrTest"/>
  <testcase name="GotTheRightUrlWhenClickingOnCarAccessoriesLink" time="3.621" classname="DS.HPCompFrTest"/>
  <testcase name="GotTheRightUrlWhenClickingOnUsedCarsLink" time="3.518" classname="DS.HPCompFrTest"/>
  <testcase name="GotTheRightUrlWhenClickingOnTheOrderStepsLink" time="3.43" classname="DS.HPCompFrTest"/>
  <testcase name="GotTheRightUrlWhenClickingOnWebsotrePaimentLink" time="3.435" classname="DS.HPCompFrTest"/>
  <testcase name="GotTheRightUrlWhenClickingOnTheDelieveryStepsLink" time="3.439" classname="DS.HPCompFrTest"/>
  <testcase name="GotTheRightUrlWhenClickingOnTheFAQLink" time="3.403" classname="DS.HPCompFrTest"/>
  <testcase name="GotTheRightUrlWhenClickingOnTheDealersLink" time="3.416" classname="DS.HPCompFrTest"/>
  <testcase name="ThePageTitleisCorrect" time="0.552" classname="DS.HPCompItTest"/>
  <testcase name="ThePageTitleBrandisCorrect" time="0.05" classname="DS.HPCompItTest"/>
  <testcase name="ThePeugeotLogoIsDisplayed" time="0.067" classname="DS.HPCompItTest"/>
  <testcase name="TheTextUnderThePageTitleIsCorrect" time="0.042" classname="DS.HPCompItTest"/>
  <testcase name="GotToHomePageWhenClickingOnTheCitënLogo" time="1.581" classname="DS.HPCompItTest"/>
  <testcase name="TheFacebookIconeIsPresent" time="0.295" classname="DS.HPCompItTest"/>
  <testcase name="GotFacebookPageWhenClickingTheFacebookIcone" time="3.575" classname="DS.HPCompItTest">
    <failure type="java.lang.AssertionError">
      <![CDATA[java.lang.AssertionError
	at DS.HPCompItTest.GotFacebookPageWhenClickingTheFacebookIcone(HPCompItTest.java:78)
... Removed 24 stack frames]]>
    </failure>
  </testcase> <!-- GotFacebookPageWhenClickingTheFacebookIcone -->
  <testcase name="TheUserGeneralConditionsTextIsPresent" time="0.076" classname="DS.HPCompItTest"/>
  <testcase name="TheCookiesTextIsPresent" time="0.076" classname="DS.HPCompItTest"/>
  <testcase name="GotTheUserGeneralConditionsURLRight" time="3.293" classname="DS.HPCompItTest"/>
  <testcase name="GotTheUserGeneralConditionsPage" time="3.321" classname="DS.HPCompItTest">
    <failure type="java.lang.AssertionError">
      <![CDATA[java.lang.AssertionError
	at DS.HPCompItTest.GotTheUserGeneralConditionsPage(HPCompItTest.java:106)
... Removed 24 stack frames]]>
    </failure>
  </testcase> <!-- GotTheUserGeneralConditionsPage -->
  <testcase name="GotTheCookiesPopUp" time="3.536" classname="DS.HPCompItTest"/>
  <testcase name="TheTwiterIconeIsPresent" time="0.054" classname="DS.HPCompItTest"/>
  <testcase name="TheYoutubeIconeIsPresent" time="0.049" classname="DS.HPCompItTest"/>
  <testcase name="GotTwiterPageWhenClickingTheTwiterIcone" time="3.982" classname="DS.HPCompItTest"/>
  <testcase name="GotYoutubePageWhenClickingTheyoutubeIcone" time="4.931" classname="DS.HPCompItTest"/>
  <testcase name="GotTheRightUrlWhenClickingOnCarConfiguratorLink" time="4.035" classname="DS.HPCompItTest"/>
  <testcase name="GotTheRightUrlWhenClickingOnTheDealersLink" time="4.036" classname="DS.HPCompItTest"/>
  <testcase name="ThePageTitleBrandisCorrect" time="0.525" classname="DS.HPCompESTest"/>
  <testcase name="ThePageTitleisCorrect" time="0.058" classname="DS.HPCompESTest"/>
  <testcase name="ThePeugeotLogoIsDisplayed" time="0.065" classname="DS.HPCompESTest"/>
  <testcase name="TheTextUnderThePageTitleIsCorrect" time="0.058" classname="DS.HPCompESTest"/>
  <testcase name="GotToHomePageWhenClickingOnTheCitënLogo" time="1.614" classname="DS.HPCompESTest"/>
  <testcase name="TheFacebookIconeIsPresent" time="0.881" classname="DS.HPCompESTest"/>
  <testcase name="GotFacebookPageWhenClickingTheFacebookIcone" time="4.215" classname="DS.HPCompESTest">
    <failure type="java.lang.AssertionError">
      <![CDATA[java.lang.AssertionError
	at DS.HPCompESTest.GotFacebookPageWhenClickingTheFacebookIcone(HPCompESTest.java:78)
... Removed 24 stack frames]]>
    </failure>
  </testcase> <!-- GotFacebookPageWhenClickingTheFacebookIcone -->
  <testcase name="TheUserGeneralConditionsTextIsPresent" time="0.074" classname="DS.HPCompESTest"/>
  <testcase name="TheCookiesTextIsPresent" time="0.065" classname="DS.HPCompESTest"/>
  <testcase name="GotTheUserGeneralConditionsPDF" time="3.27" classname="DS.HPCompESTest"/>
  <testcase name="GotTheUserGeneralConditionsPage" time="3.315" classname="DS.HPCompESTest">
    <failure type="java.lang.AssertionError">
      <![CDATA[java.lang.AssertionError
	at DS.HPCompESTest.GotTheUserGeneralConditionsPage(HPCompESTest.java:106)
... Removed 24 stack frames]]>
    </failure>
  </testcase> <!-- GotTheUserGeneralConditionsPage -->
  <testcase name="GotTheCookiesPopUp" time="3.825" classname="DS.HPCompESTest"/>
  <testcase name="TheTwiterIconeIsPresent" time="0.045" classname="DS.HPCompESTest"/>
  <testcase name="TheYoutubeIconeIsPresent" time="0.05" classname="DS.HPCompESTest"/>
  <testcase name="GotTwiterPageWhenClickingTheTwiterIcone" time="4.586" classname="DS.HPCompESTest"/>
  <testcase name="GotYoutubePageWhenClickingTheyoutubeIcone" time="4.194" classname="DS.HPCompESTest"/>
  <testcase name="GotTheRightUrlWhenClickingOnCarConfiguratorLink" time="3.729" classname="DS.HPCompESTest"/>
  <testcase name="GotTheRightUrlWhenClickingOnCarAccessoriesLink" time="3.614" classname="DS.HPCompESTest"/>
  <testcase name="GotTheRightUrlWhenClickingOnUsedCarsLink" time="3.513" classname="DS.HPCompESTest"/>
  <testcase name="GotTheRightUrlWhenClickingOnTheDealersLink" time="3.757" classname="DS.HPCompESTest"/>
</testsuite> <!-- HomePageComponents -->
