<?xml version="1.0" encoding="UTF-8"?>
<!-- Generated by org.testng.reporters.JUnitXMLReporter -->
<testsuite hostname="B1009809" name="LeadsTestProd" tests="17" failures="0" timestamp="11 Sep 2019 11:53:39 GMT" time="0.469" errors="0">
  <testcase name="@BeforeMethod BeforeTest" time="0.0" classname="Peugeot.LeadsTest">
    <failure type="java.lang.IllegalStateException" message="The driver executable does not exist: C:\Drivers\chromedriver.exe">
      <![CDATA[java.lang.IllegalStateException: The driver executable does not exist: C:\Drivers\chromedriver.exe
	at com.google.common.base.Preconditions.checkState(Preconditions.java:585)
	at org.openqa.selenium.remote.service.DriverService.checkExecutable(DriverService.java:136)
	at org.openqa.selenium.remote.service.DriverService.findExecutable(DriverService.java:131)
	at org.openqa.selenium.chrome.ChromeDriverService.access$000(ChromeDriverService.java:32)
	at org.openqa.selenium.chrome.ChromeDriverService$Builder.findDefaultExecutable(ChromeDriverService.java:137)
	at org.openqa.selenium.remote.service.DriverService$Builder.build(DriverService.java:339)
	at org.openqa.selenium.chrome.ChromeDriverService.createDefaultService(ChromeDriverService.java:88)
	at org.openqa.selenium.chrome.ChromeDriver.<init>(ChromeDriver.java:147)
	at Util.InitialiseDrivers.InitialiseChromDriver(InitialiseDrivers.java:24)
	at Peugeot.LeadsTest.BeforeTest(LeadsTest.java:26)
	at java.util.concurrent.ThreadPoolExecutor.runWorker(ThreadPoolExecutor.java:1149)
	at java.util.concurrent.ThreadPoolExecutor$Worker.run(ThreadPoolExecutor.java:624)
	at java.lang.Thread.run(Thread.java:748)
... Removed 12 stack frames]]>
    </failure>
  </testcase> <!-- @BeforeMethod BeforeTest -->
  <testcase name="@BeforeMethod BeforeTest" time="0.0" classname="Citroën.LeadsTest">
    <failure type="java.lang.IllegalStateException" message="The driver executable does not exist: C:\Drivers\chromedriver.exe">
      <![CDATA[java.lang.IllegalStateException: The driver executable does not exist: C:\Drivers\chromedriver.exe
	at com.google.common.base.Preconditions.checkState(Preconditions.java:585)
	at org.openqa.selenium.remote.service.DriverService.checkExecutable(DriverService.java:136)
	at org.openqa.selenium.remote.service.DriverService.findExecutable(DriverService.java:131)
	at org.openqa.selenium.chrome.ChromeDriverService.access$000(ChromeDriverService.java:32)
	at org.openqa.selenium.chrome.ChromeDriverService$Builder.findDefaultExecutable(ChromeDriverService.java:137)
	at org.openqa.selenium.remote.service.DriverService$Builder.build(DriverService.java:339)
	at org.openqa.selenium.chrome.ChromeDriverService.createDefaultService(ChromeDriverService.java:88)
	at org.openqa.selenium.chrome.ChromeDriver.<init>(ChromeDriver.java:147)
	at Util.InitialiseDrivers.InitialiseChromDriver(InitialiseDrivers.java:24)
	at Citroën.LeadsTest.BeforeTest(LeadsTest.java:24)
	at java.util.concurrent.ThreadPoolExecutor.runWorker(ThreadPoolExecutor.java:1149)
	at java.util.concurrent.ThreadPoolExecutor$Worker.run(ThreadPoolExecutor.java:624)
	at java.lang.Thread.run(Thread.java:748)
... Removed 12 stack frames]]>
    </failure>
  </testcase> <!-- @BeforeMethod BeforeTest -->
  <testcase name="@BeforeMethod BeforeTest" time="0.0" classname="DS.LeadsTest">
    <failure type="java.lang.IllegalStateException" message="The driver executable does not exist: C:\Drivers\chromedriver.exe">
      <![CDATA[java.lang.IllegalStateException: The driver executable does not exist: C:\Drivers\chromedriver.exe
	at com.google.common.base.Preconditions.checkState(Preconditions.java:585)
	at org.openqa.selenium.remote.service.DriverService.checkExecutable(DriverService.java:136)
	at org.openqa.selenium.remote.service.DriverService.findExecutable(DriverService.java:131)
	at org.openqa.selenium.chrome.ChromeDriverService.access$000(ChromeDriverService.java:32)
	at org.openqa.selenium.chrome.ChromeDriverService$Builder.findDefaultExecutable(ChromeDriverService.java:137)
	at org.openqa.selenium.remote.service.DriverService$Builder.build(DriverService.java:339)
	at org.openqa.selenium.chrome.ChromeDriverService.createDefaultService(ChromeDriverService.java:88)
	at org.openqa.selenium.chrome.ChromeDriver.<init>(ChromeDriver.java:147)
	at Util.InitialiseDrivers.InitialiseChromDriver(InitialiseDrivers.java:24)
	at DS.LeadsTest.BeforeTest(LeadsTest.java:24)
	at java.util.concurrent.ThreadPoolExecutor.runWorker(ThreadPoolExecutor.java:1149)
	at java.util.concurrent.ThreadPoolExecutor$Worker.run(ThreadPoolExecutor.java:624)
	at java.lang.Thread.run(Thread.java:748)
... Removed 12 stack frames]]>
    </failure>
  </testcase> <!-- @BeforeMethod BeforeTest -->
  <testcase name="@BeforeMethod BeforeTest" time="0.0" classname="Peugeot.LeadsTest">
    <skipped/>
  </testcase> <!-- @BeforeMethod BeforeTest -->
  <testcase name="@BeforeMethod BeforeTest" time="0.0" classname="Citroën.LeadsTest">
    <skipped/>
  </testcase> <!-- @BeforeMethod BeforeTest -->
  <testcase name="@BeforeMethod BeforeTest" time="0.0" classname="DS.LeadsTest">
    <skipped/>
  </testcase> <!-- @BeforeMethod BeforeTest -->
  <testcase name="@BeforeMethod BeforeTest" time="0.0" classname="Peugeot.LeadsTest">
    <skipped/>
  </testcase> <!-- @BeforeMethod BeforeTest -->
  <testcase name="@BeforeMethod BeforeTest" time="0.0" classname="Citroën.LeadsTest">
    <skipped/>
  </testcase> <!-- @BeforeMethod BeforeTest -->
  <testcase name="@BeforeMethod BeforeTest" time="0.0" classname="DS.LeadsTest">
    <skipped/>
  </testcase> <!-- @BeforeMethod BeforeTest -->
  <testcase name="@BeforeMethod BeforeTest" time="0.0" classname="Peugeot.LeadsTest">
    <skipped/>
  </testcase> <!-- @BeforeMethod BeforeTest -->
  <testcase name="@BeforeMethod BeforeTest" time="0.0" classname="Citroën.LeadsTest">
    <skipped/>
  </testcase> <!-- @BeforeMethod BeforeTest -->
  <testcase name="@BeforeMethod BeforeTest" time="0.0" classname="DS.LeadsTest">
    <skipped/>
  </testcase> <!-- @BeforeMethod BeforeTest -->
  <testcase name="@BeforeMethod BeforeTest" time="0.0" classname="Peugeot.LeadsTest">
    <skipped/>
  </testcase> <!-- @BeforeMethod BeforeTest -->
  <testcase name="@BeforeMethod BeforeTest" time="0.0" classname="Citroën.LeadsTest">
    <skipped/>
  </testcase> <!-- @BeforeMethod BeforeTest -->
  <testcase name="@BeforeMethod BeforeTest" time="0.0" classname="DS.LeadsTest">
    <skipped/>
  </testcase> <!-- @BeforeMethod BeforeTest -->
  <testcase name="@BeforeMethod BeforeTest" time="0.0" classname="Peugeot.LeadsTest">
    <skipped/>
  </testcase> <!-- @BeforeMethod BeforeTest -->
  <testcase name="@BeforeMethod BeforeTest" time="0.0" classname="Citroën.LeadsTest">
    <skipped/>
  </testcase> <!-- @BeforeMethod BeforeTest -->
  <testcase name="TheLeadHAvebeenSubmittedForPeugeotFrance" time="0.016" classname="Peugeot.LeadsTest">
    <skipped/>
  </testcase> <!-- TheLeadHAvebeenSubmittedForPeugeotFrance -->
  <testcase name="TheLeadHAvebeenSubmittedForCitroënFrance" time="0.015" classname="Citroën.LeadsTest">
    <skipped/>
  </testcase> <!-- TheLeadHAvebeenSubmittedForCitroënFrance -->
  <testcase name="TheLeadHAvebeenSubmittedForDSFrance" time="0.0" classname="DS.LeadsTest">
    <skipped/>
  </testcase> <!-- TheLeadHAvebeenSubmittedForDSFrance -->
  <testcase name="TheLeadHAvebeenSubmittedForPeugeotSpain" time="0.016" classname="Peugeot.LeadsTest">
    <skipped/>
  </testcase> <!-- TheLeadHAvebeenSubmittedForPeugeotSpain -->
  <testcase name="TheLeadHAvebeenSubmittedForCitroënSpain" time="0.0" classname="Citroën.LeadsTest">
    <skipped/>
  </testcase> <!-- TheLeadHAvebeenSubmittedForCitroënSpain -->
  <testcase name="TheLeadHAvebeenSubmittedForDSSpain" time="0.0" classname="DS.LeadsTest">
    <skipped/>
  </testcase> <!-- TheLeadHAvebeenSubmittedForDSSpain -->
  <testcase name="TheLeadHAvebeenSubmittedForPeugeotItaly" time="0.0" classname="Peugeot.LeadsTest">
    <skipped/>
  </testcase> <!-- TheLeadHAvebeenSubmittedForPeugeotItaly -->
  <testcase name="TheLeadHAvebeenSubmittedForCitroënItaly" time="0.015" classname="Citroën.LeadsTest">
    <skipped/>
  </testcase> <!-- TheLeadHAvebeenSubmittedForCitroënItaly -->
  <testcase name="TheLeadHAvebeenSubmittedForDSItaly" time="0.0" classname="DS.LeadsTest">
    <skipped/>
  </testcase> <!-- TheLeadHAvebeenSubmittedForDSItaly -->
  <testcase name="TheLeadHAvebeenSubmittedForPeugeotBelgiumFR" time="0.016" classname="Peugeot.LeadsTest">
    <skipped/>
  </testcase> <!-- TheLeadHAvebeenSubmittedForPeugeotBelgiumFR -->
  <testcase name="TheLeadHAvebeenSubmittedForCitroënBelgiumFR" time="0.0" classname="Citroën.LeadsTest">
    <skipped/>
  </testcase> <!-- TheLeadHAvebeenSubmittedForCitroënBelgiumFR -->
  <testcase name="TheLeadHAvebeenSubmittedForDSBelgiumFR" time="0.0" classname="DS.LeadsTest">
    <skipped/>
  </testcase> <!-- TheLeadHAvebeenSubmittedForDSBelgiumFR -->
  <testcase name="TheLeadHAvebeenSubmittedForPeugeotBelgiumNL" time="0.0" classname="Peugeot.LeadsTest">
    <skipped/>
  </testcase> <!-- TheLeadHAvebeenSubmittedForPeugeotBelgiumNL -->
  <testcase name="TheLeadHAvebeenSubmittedForCitroënBelgiumNL" time="0.0" classname="Citroën.LeadsTest">
    <skipped/>
  </testcase> <!-- TheLeadHAvebeenSubmittedForCitroënBelgiumNL -->
  <testcase name="TheLeadHAvebeenSubmittedForDSBelgiumNL" time="0.0" classname="DS.LeadsTest">
    <skipped/>
  </testcase> <!-- TheLeadHAvebeenSubmittedForDSBelgiumNL -->
  <testcase name="TheLeadHAvebeenSubmittedForPeugeotPortugal" time="0.0" classname="Peugeot.LeadsTest">
    <skipped/>
  </testcase> <!-- TheLeadHAvebeenSubmittedForPeugeotPortugal -->
  <testcase name="TheLeadHAvebeenSubmittedForPortugal" time="0.016" classname="Citroën.LeadsTest">
    <skipped/>
  </testcase> <!-- TheLeadHAvebeenSubmittedForPortugal -->
</testsuite> <!-- LeadsTestProd -->
