<?xml version="1.0" encoding="UTF-8"?>
<!-- Generated by org.testng.reporters.JUnitReportReporter -->
<testsuite skipped="0" hostname="B1009809" name="Peugeot.ProdHomePageComponentsPeugeotFranceTest" tests="21" failures="1" timestamp="14 May 2019 12:48:38 GMT" time="35.266" errors="0">
  <testcase name="ThePageTitleisCorrect" time="1.298" classname="Peugeot.ProdHomePageComponentsPeugeotFranceTest">
    <failure type="java.lang.AssertionError">
      <![CDATA[java.lang.AssertionError
at Peugeot.ProdHomePageComponentsPeugeotFranceTest.ThePageTitleisCorrect(ProdHomePageComponentsPeugeotFranceTest.java:38)
at sun.reflect.NativeMethodAccessorImpl.invoke0(Native Method)
at sun.reflect.NativeMethodAccessorImpl.invoke(NativeMethodAccessorImpl.java:62)
at sun.reflect.DelegatingMethodAccessorImpl.invoke(DelegatingMethodAccessorImpl.java:43)
at java.lang.reflect.Method.invoke(Method.java:498)
at org.testng.internal.MethodInvocationHelper.invokeMethod(MethodInvocationHelper.java:124)
at org.testng.internal.Invoker.invokeMethod(Invoker.java:580)
at org.testng.internal.Invoker.invokeTestMethod(Invoker.java:716)
at org.testng.internal.Invoker.invokeTestMethods(Invoker.java:988)
at org.testng.internal.TestMethodWorker.invokeTestMethods(TestMethodWorker.java:125)
at org.testng.internal.TestMethodWorker.run(TestMethodWorker.java:109)
at org.testng.TestRunner.privateRun(TestRunner.java:648)
at org.testng.TestRunner.run(TestRunner.java:505)
at org.testng.SuiteRunner.runTest(SuiteRunner.java:455)
at org.testng.SuiteRunner.runSequentially(SuiteRunner.java:450)
at org.testng.SuiteRunner.privateRun(SuiteRunner.java:415)
at org.testng.SuiteRunner.run(SuiteRunner.java:364)
at org.testng.SuiteRunnerWorker.runSuite(SuiteRunnerWorker.java:52)
at org.testng.SuiteRunnerWorker.run(SuiteRunnerWorker.java:84)
at org.testng.TestNG.runSuitesSequentially(TestNG.java:1208)
at org.testng.TestNG.runSuitesLocally(TestNG.java:1137)
at org.testng.TestNG.runSuites(TestNG.java:1049)
at org.testng.TestNG.run(TestNG.java:1017)
at org.testng.remote.AbstractRemoteTestNG.run(AbstractRemoteTestNG.java:114)
at org.testng.remote.RemoteTestNG.initAndRun(RemoteTestNG.java:251)
at org.testng.remote.RemoteTestNG.main(RemoteTestNG.java:77)
]]>
    </failure>
  </testcase> <!-- ThePageTitleisCorrect -->
  <testcase name="ThePeugeotLogoIsDisplayed" time="0.070" classname="Peugeot.ProdHomePageComponentsPeugeotFranceTest"/>
  <testcase name="TheMySaveIconIsDisplayed" time="0.081" classname="Peugeot.ProdHomePageComponentsPeugeotFranceTest"/>
  <testcase name="TheMySaveTextIsDisplayed" time="0.068" classname="Peugeot.ProdHomePageComponentsPeugeotFranceTest"/>
  <testcase name="TheNeedHelpIconeIsDisplayed" time="0.046" classname="Peugeot.ProdHomePageComponentsPeugeotFranceTest"/>
  <testcase name="TheNeedHelpTextIsDisplayed" time="0.060" classname="Peugeot.ProdHomePageComponentsPeugeotFranceTest"/>
  <testcase name="TheTextUnderThePageTitleIsCorrect" time="0.050" classname="Peugeot.ProdHomePageComponentsPeugeotFranceTest"/>
  <testcase name="GotToHomePageWhenClickingOnThePeugeotLogo" time="3.760" classname="Peugeot.ProdHomePageComponentsPeugeotFranceTest"/>
  <testcase name="GotAPopupWhenClickingOnNeedHelpBotton" time="4.992" classname="Peugeot.ProdHomePageComponentsPeugeotFranceTest"/>
  <testcase name="TheTwiterIconeIsPresent" time="0.046" classname="Peugeot.ProdHomePageComponentsPeugeotFranceTest"/>
  <testcase name="TheFacebookIconeIsPresent" time="0.040" classname="Peugeot.ProdHomePageComponentsPeugeotFranceTest"/>
  <testcase name="TheYoutubeIconeIsPresent" time="0.040" classname="Peugeot.ProdHomePageComponentsPeugeotFranceTest"/>
  <testcase name="GotTwiterPageWhenClickingTheTwiterIcone" time="4.073" classname="Peugeot.ProdHomePageComponentsPeugeotFranceTest"/>
  <testcase name="GotFacebookPageWhenClickingTheFacebookIcone" time="4.276" classname="Peugeot.ProdHomePageComponentsPeugeotFranceTest"/>
  <testcase name="GotYoutubePageWhenClickingTheyoutubeIcone" time="5.093" classname="Peugeot.ProdHomePageComponentsPeugeotFranceTest"/>
  <testcase name="TheUserGeneralConditionsTextIsPresent" time="0.085" classname="Peugeot.ProdHomePageComponentsPeugeotFranceTest"/>
  <testcase name="TheSellGeneralConditionsTextIsPresent" time="0.062" classname="Peugeot.ProdHomePageComponentsPeugeotFranceTest"/>
  <testcase name="TheCookiesTextIsPresent" time="0.053" classname="Peugeot.ProdHomePageComponentsPeugeotFranceTest"/>
  <testcase name="GotTheUserGeneralConditionsPDF" time="3.380" classname="Peugeot.ProdHomePageComponentsPeugeotFranceTest"/>
  <testcase name="GotTheSellGeneralConditionsPDF" time="3.437" classname="Peugeot.ProdHomePageComponentsPeugeotFranceTest"/>
  <testcase name="GotTheCookiesPopUp" time="4.256" classname="Peugeot.ProdHomePageComponentsPeugeotFranceTest"/>
</testsuite> <!-- Peugeot.ProdHomePageComponentsPeugeotFranceTest -->
