<?xml version="1.0" encoding="UTF-8"?>
<!-- Generated by org.testng.reporters.JUnitReportReporter -->
<testsuite hostname="B1009809" name="DS.HPCompESTest" tests="20" failures="2" timestamp="10 Oct 2019 14:22:28 GMT" time="41.453" errors="0">
  <testcase name="TheUserGeneralConditionsTextIsPresent" time="0.074" classname="DS.HPCompESTest"/>
  <testcase name="GotTheUserGeneralConditionsPage" time="3.315" classname="DS.HPCompESTest">
    <failure type="java.lang.AssertionError">
      <![CDATA[java.lang.AssertionError
	at DS.HPCompESTest.GotTheUserGeneralConditionsPage(HPCompESTest.java:106)
	at sun.reflect.NativeMethodAccessorImpl.invoke0(Native Method)
	at sun.reflect.NativeMethodAccessorImpl.invoke(NativeMethodAccessorImpl.java:62)
	at sun.reflect.DelegatingMethodAccessorImpl.invoke(DelegatingMethodAccessorImpl.java:43)
	at java.lang.reflect.Method.invoke(Method.java:498)
	at org.testng.internal.MethodInvocationHelper.invokeMethod(MethodInvocationHelper.java:86)
	at org.testng.internal.Invoker.invokeMethod(Invoker.java:643)
	at org.testng.internal.Invoker.invokeTestMethod(Invoker.java:820)
	at org.testng.internal.Invoker.invokeTestMethods(Invoker.java:1128)
	at org.testng.internal.TestMethodWorker.invokeTestMethods(TestMethodWorker.java:129)
	at org.testng.internal.TestMethodWorker.run(TestMethodWorker.java:112)
	at org.testng.TestRunner.privateRun(TestRunner.java:782)
	at org.testng.TestRunner.run(TestRunner.java:632)
	at org.testng.SuiteRunner.runTest(SuiteRunner.java:366)
	at org.testng.SuiteRunner.runSequentially(SuiteRunner.java:361)
	at org.testng.SuiteRunner.privateRun(SuiteRunner.java:319)
	at org.testng.SuiteRunner.run(SuiteRunner.java:268)
	at org.testng.SuiteRunnerWorker.runSuite(SuiteRunnerWorker.java:52)
	at org.testng.SuiteRunnerWorker.run(SuiteRunnerWorker.java:86)
	at org.testng.TestNG.runSuitesSequentially(TestNG.java:1244)
	at org.testng.TestNG.runSuitesLocally(TestNG.java:1169)
	at org.testng.TestNG.run(TestNG.java:1064)
	at org.testng.remote.AbstractRemoteTestNG.run(AbstractRemoteTestNG.java:114)
	at org.testng.remote.RemoteTestNG.initAndRun(RemoteTestNG.java:251)
	at org.testng.remote.RemoteTestNG.main(RemoteTestNG.java:77)
]]>
    </failure>
  </testcase> <!-- GotTheUserGeneralConditionsPage -->
  <testcase name="ThePeugeotLogoIsDisplayed" time="0.065" classname="DS.HPCompESTest"/>
  <testcase name="ThePageTitleisCorrect" time="0.058" classname="DS.HPCompESTest"/>
  <testcase name="TheCookiesTextIsPresent" time="0.065" classname="DS.HPCompESTest"/>
  <testcase name="GotYoutubePageWhenClickingTheyoutubeIcone" time="4.194" classname="DS.HPCompESTest"/>
  <testcase name="TheTwiterIconeIsPresent" time="0.045" classname="DS.HPCompESTest"/>
  <testcase name="TheFacebookIconeIsPresent" time="0.881" classname="DS.HPCompESTest"/>
  <testcase name="TheTextUnderThePageTitleIsCorrect" time="0.058" classname="DS.HPCompESTest"/>
  <testcase name="GotTheRightUrlWhenClickingOnCarConfiguratorLink" time="3.729" classname="DS.HPCompESTest"/>
  <testcase name="GotTheRightUrlWhenClickingOnCarAccessoriesLink" time="3.614" classname="DS.HPCompESTest"/>
  <testcase name="ThePageTitleBrandisCorrect" time="0.525" classname="DS.HPCompESTest"/>
  <testcase name="GotFacebookPageWhenClickingTheFacebookIcone" time="4.215" classname="DS.HPCompESTest">
    <failure type="java.lang.AssertionError">
      <![CDATA[java.lang.AssertionError
	at DS.HPCompESTest.GotFacebookPageWhenClickingTheFacebookIcone(HPCompESTest.java:78)
	at sun.reflect.NativeMethodAccessorImpl.invoke0(Native Method)
	at sun.reflect.NativeMethodAccessorImpl.invoke(NativeMethodAccessorImpl.java:62)
	at sun.reflect.DelegatingMethodAccessorImpl.invoke(DelegatingMethodAccessorImpl.java:43)
	at java.lang.reflect.Method.invoke(Method.java:498)
	at org.testng.internal.MethodInvocationHelper.invokeMethod(MethodInvocationHelper.java:86)
	at org.testng.internal.Invoker.invokeMethod(Invoker.java:643)
	at org.testng.internal.Invoker.invokeTestMethod(Invoker.java:820)
	at org.testng.internal.Invoker.invokeTestMethods(Invoker.java:1128)
	at org.testng.internal.TestMethodWorker.invokeTestMethods(TestMethodWorker.java:129)
	at org.testng.internal.TestMethodWorker.run(TestMethodWorker.java:112)
	at org.testng.TestRunner.privateRun(TestRunner.java:782)
	at org.testng.TestRunner.run(TestRunner.java:632)
	at org.testng.SuiteRunner.runTest(SuiteRunner.java:366)
	at org.testng.SuiteRunner.runSequentially(SuiteRunner.java:361)
	at org.testng.SuiteRunner.privateRun(SuiteRunner.java:319)
	at org.testng.SuiteRunner.run(SuiteRunner.java:268)
	at org.testng.SuiteRunnerWorker.runSuite(SuiteRunnerWorker.java:52)
	at org.testng.SuiteRunnerWorker.run(SuiteRunnerWorker.java:86)
	at org.testng.TestNG.runSuitesSequentially(TestNG.java:1244)
	at org.testng.TestNG.runSuitesLocally(TestNG.java:1169)
	at org.testng.TestNG.run(TestNG.java:1064)
	at org.testng.remote.AbstractRemoteTestNG.run(AbstractRemoteTestNG.java:114)
	at org.testng.remote.RemoteTestNG.initAndRun(RemoteTestNG.java:251)
	at org.testng.remote.RemoteTestNG.main(RemoteTestNG.java:77)
]]>
    </failure>
  </testcase> <!-- GotFacebookPageWhenClickingTheFacebookIcone -->
  <testcase name="GotTheCookiesPopUp" time="3.825" classname="DS.HPCompESTest"/>
  <testcase name="GotTwiterPageWhenClickingTheTwiterIcone" time="4.586" classname="DS.HPCompESTest"/>
  <testcase name="GotToHomePageWhenClickingOnTheCitÃ«nLogo" time="1.614" classname="DS.HPCompESTest"/>
  <testcase name="TheYoutubeIconeIsPresent" time="0.050" classname="DS.HPCompESTest"/>
  <testcase name="GotTheRightUrlWhenClickingOnTheDealersLink" time="3.757" classname="DS.HPCompESTest"/>
  <testcase name="GotTheUserGeneralConditionsPDF" time="3.270" classname="DS.HPCompESTest"/>
  <testcase name="GotTheRightUrlWhenClickingOnUsedCarsLink" time="3.513" classname="DS.HPCompESTest"/>
</testsuite> <!-- DS.HPCompESTest -->
