<?xml version="1.0" encoding="UTF-8"?>
<!-- Generated by org.testng.reporters.JUnitReportReporter -->
<testsuite hostname="B1009809" name="Citroën.HPCompFrTest" tests="31" failures="1" timestamp="10 Oct 2019 14:22:28 GMT" time="64.286" errors="0">
  <testcase name="GotTheRightUrlWhenClickingOnTheOrderStepsLink" time="3.754" classname="Citroën.HPCompFrTest"/>
  <testcase name="TheCookiesTextIsPresent" time="0.073" classname="Citroën.HPCompFrTest"/>
  <testcase name="GotTheRightUrlWhenClickingOnTheFAQLink" time="3.447" classname="Citroën.HPCompFrTest"/>
  <testcase name="TheMySaveTextIsDisplayed" time="0.056" classname="Citroën.HPCompFrTest"/>
  <testcase name="TheNeedHelpIconeIsDisplayed" time="0.052" classname="Citroën.HPCompFrTest"/>
  <testcase name="GotYoutubePageWhenClickingTheyoutubeIcone" time="4.231" classname="Citroën.HPCompFrTest"/>
  <testcase name="GotFacebookPageWhenClickingTheFacebookIcone" time="4.651" classname="Citroën.HPCompFrTest"/>
  <testcase name="GotAPopupWhenClickingOnNeedHelpBotton" time="3.335" classname="Citroën.HPCompFrTest"/>
  <testcase name="TheYoutubeIconeIsPresent" time="0.047" classname="Citroën.HPCompFrTest"/>
  <testcase name="TheSellGeneralConditionsTextIsPresent" time="0.227" classname="Citroën.HPCompFrTest"/>
  <testcase name="ThePageTitleBrandisCorrect" time="0.059" classname="Citroën.HPCompFrTest"/>
  <testcase name="TheUserGeneralConditionsTextIsPresent" time="0.105" classname="Citroën.HPCompFrTest"/>
  <testcase name="TheNeedHelpTextIsDisplayed" time="0.049" classname="Citroën.HPCompFrTest"/>
  <testcase name="GotTheRightUrlWhenClickingOnCarConfiguratorLink" time="4.557" classname="Citroën.HPCompFrTest"/>
  <testcase name="GotTheRightUrlWhenClickingOnCarAccessoriesLink" time="4.811" classname="Citroën.HPCompFrTest"/>
  <testcase name="TheMySaveIconIsDisplayed" time="0.052" classname="Citroën.HPCompFrTest"/>
  <testcase name="GotTheUserGeneralConditionsPDF" time="3.395" classname="Citroën.HPCompFrTest"/>
  <testcase name="GotToHomePageWhenClickingOnTheCitënLogo" time="1.230" classname="Citroën.HPCompFrTest"/>
  <testcase name="GotTheRightUrlWhenClickingOnProfessionalCarsLink" time="3.624" classname="Citroën.HPCompFrTest"/>
  <testcase name="GotTheRightUrlWhenClickingOnTheDealersLink" time="3.507" classname="Citroën.HPCompFrTest"/>
  <testcase name="TheTextUnderThePageTitleIsCorrect" time="0.052" classname="Citroën.HPCompFrTest">
    <failure type="java.lang.AssertionError">
      <![CDATA[java.lang.AssertionError
	at Citroën.HPCompFrTest.TheTextUnderThePageTitleIsCorrect(HPCompFrTest.java:54)
	at sun.reflect.NativeMethodAccessorImpl.invoke0(Native Method)
	at sun.reflect.NativeMethodAccessorImpl.invoke(NativeMethodAccessorImpl.java:62)
	at sun.reflect.DelegatingMethodAccessorImpl.invoke(DelegatingMethodAccessorImpl.java:43)
	at java.lang.reflect.Method.invoke(Method.java:498)
	at org.testng.internal.MethodInvocationHelper.invokeMethod(MethodInvocationHelper.java:86)
	at org.testng.internal.Invoker.invokeMethod(Invoker.java:643)
	at org.testng.internal.Invoker.invokeTestMethod(Invoker.java:820)
	at org.testng.internal.Invoker.invokeTestMethods(Invoker.java:1128)
	at org.testng.internal.TestMethodWorker.invokeTestMethods(TestMethodWorker.java:129)
	at org.testng.internal.TestMethodWorker.run(TestMethodWorker.java:112)
	at org.testng.TestRunner.privateRun(TestRunner.java:782)
	at org.testng.TestRunner.run(TestRunner.java:632)
	at org.testng.SuiteRunner.runTest(SuiteRunner.java:366)
	at org.testng.SuiteRunner.runSequentially(SuiteRunner.java:361)
	at org.testng.SuiteRunner.privateRun(SuiteRunner.java:319)
	at org.testng.SuiteRunner.run(SuiteRunner.java:268)
	at org.testng.SuiteRunnerWorker.runSuite(SuiteRunnerWorker.java:52)
	at org.testng.SuiteRunnerWorker.run(SuiteRunnerWorker.java:86)
	at org.testng.TestNG.runSuitesSequentially(TestNG.java:1244)
	at org.testng.TestNG.runSuitesLocally(TestNG.java:1169)
	at org.testng.TestNG.run(TestNG.java:1064)
	at org.testng.remote.AbstractRemoteTestNG.run(AbstractRemoteTestNG.java:114)
	at org.testng.remote.RemoteTestNG.initAndRun(RemoteTestNG.java:251)
	at org.testng.remote.RemoteTestNG.main(RemoteTestNG.java:77)
]]>
    </failure>
  </testcase> <!-- TheTextUnderThePageTitleIsCorrect -->
  <testcase name="ThePageTitleisCorrect" time="0.503" classname="Citroën.HPCompFrTest"/>
  <testcase name="GotTheSellGeneralConditionsPDF" time="3.552" classname="Citroën.HPCompFrTest"/>
  <testcase name="GotTheRightUrlWhenClickingOnUsedCarsLink" time="3.691" classname="Citroën.HPCompFrTest"/>
  <testcase name="GotTwiterPageWhenClickingTheTwiterIcone" time="3.967" classname="Citroën.HPCompFrTest"/>
  <testcase name="TheTwiterIconeIsPresent" time="0.074" classname="Citroën.HPCompFrTest"/>
  <testcase name="ThePeugeotLogoIsDisplayed" time="0.065" classname="Citroën.HPCompFrTest"/>
  <testcase name="TheFacebookIconeIsPresent" time="0.232" classname="Citroën.HPCompFrTest"/>
  <testcase name="GotTheRightUrlWhenClickingOnWebsotrePaimentLink" time="3.832" classname="Citroën.HPCompFrTest"/>
  <testcase name="GotTheCookiesPopUp" time="3.565" classname="Citroën.HPCompFrTest"/>
  <testcase name="GotTheRightUrlWhenClickingOnTheDelieveryStepsLink" time="3.491" classname="Citroën.HPCompFrTest"/>
</testsuite> <!-- Citroën.HPCompFrTest -->
