<?xml version="1.0" encoding="UTF-8"?>
<!-- Generated by org.testng.reporters.JUnitReportReporter -->
<testsuite skipped="0" hostname="B1009809" name="Peugeot.PreProdHomePageComponentsPeugeotBelgiumNLTest" tests="8" failures="2" timestamp="25 avr. 2019 09:20:34 GMT" time="15.143" errors="0">
  <testcase name="ThePageTitleisCorrect" time="0.200" classname="Peugeot.PreProdHomePageComponentsPeugeotBelgiumNLTest"/>
  <testcase name="ThePeugeotLogoIsDisplayed" time="0.052" classname="Peugeot.PreProdHomePageComponentsPeugeotBelgiumNLTest"/>
  <testcase name="TheTextUnderThePageTitleIsCorrect" time="0.056" classname="Peugeot.PreProdHomePageComponentsPeugeotBelgiumNLTest">
    <failure type="java.lang.AssertionError">
      <![CDATA[java.lang.AssertionError
at Peugeot.PreProdHomePageComponentsPeugeotBelgiumNLTest.TheTextUnderThePageTitleIsCorrect(PreProdHomePageComponentsPeugeotBelgiumNLTest.java:40)
at sun.reflect.NativeMethodAccessorImpl.invoke0(Native Method)
at sun.reflect.NativeMethodAccessorImpl.invoke(NativeMethodAccessorImpl.java:62)
at sun.reflect.DelegatingMethodAccessorImpl.invoke(DelegatingMethodAccessorImpl.java:43)
at java.lang.reflect.Method.invoke(Method.java:498)
at org.testng.internal.MethodInvocationHelper.invokeMethod(MethodInvocationHelper.java:124)
at org.testng.internal.Invoker.invokeMethod(Invoker.java:580)
at org.testng.internal.Invoker.invokeTestMethod(Invoker.java:716)
at org.testng.internal.Invoker.invokeTestMethods(Invoker.java:988)
at org.testng.internal.TestMethodWorker.invokeTestMethods(TestMethodWorker.java:125)
at org.testng.internal.TestMethodWorker.run(TestMethodWorker.java:109)
at java.util.concurrent.ThreadPoolExecutor.runWorker(ThreadPoolExecutor.java:1149)
at java.util.concurrent.ThreadPoolExecutor$Worker.run(ThreadPoolExecutor.java:624)
at java.lang.Thread.run(Thread.java:748)
]]>
    </failure>
  </testcase> <!-- TheTextUnderThePageTitleIsCorrect -->
  <testcase name="GotToHomePageWhenClickingOnThePeugeotLogo" time="5.839" classname="Peugeot.PreProdHomePageComponentsPeugeotBelgiumNLTest"/>
  <testcase name="TheYoutubeIconeIsPresent" time="0.040" classname="Peugeot.PreProdHomePageComponentsPeugeotBelgiumNLTest"/>
  <testcase name="GotYoutubePageWhenClickingTheyoutubeIcone" time="5.231" classname="Peugeot.PreProdHomePageComponentsPeugeotBelgiumNLTest"/>
  <testcase name="TheUserGeneralConditionsTextIsPresent" time="0.056" classname="Peugeot.PreProdHomePageComponentsPeugeotBelgiumNLTest"/>
  <testcase name="GotTheUserGeneralConditionsPage" time="3.669" classname="Peugeot.PreProdHomePageComponentsPeugeotBelgiumNLTest">
    <failure type="java.lang.AssertionError">
      <![CDATA[java.lang.AssertionError
at Peugeot.PreProdHomePageComponentsPeugeotBelgiumNLTest.GotTheUserGeneralConditionsPage(PreProdHomePageComponentsPeugeotBelgiumNLTest.java:71)
at sun.reflect.NativeMethodAccessorImpl.invoke0(Native Method)
at sun.reflect.NativeMethodAccessorImpl.invoke(NativeMethodAccessorImpl.java:62)
at sun.reflect.DelegatingMethodAccessorImpl.invoke(DelegatingMethodAccessorImpl.java:43)
at java.lang.reflect.Method.invoke(Method.java:498)
at org.testng.internal.MethodInvocationHelper.invokeMethod(MethodInvocationHelper.java:124)
at org.testng.internal.Invoker.invokeMethod(Invoker.java:580)
at org.testng.internal.Invoker.invokeTestMethod(Invoker.java:716)
at org.testng.internal.Invoker.invokeTestMethods(Invoker.java:988)
at org.testng.internal.TestMethodWorker.invokeTestMethods(TestMethodWorker.java:125)
at org.testng.internal.TestMethodWorker.run(TestMethodWorker.java:109)
at java.util.concurrent.ThreadPoolExecutor.runWorker(ThreadPoolExecutor.java:1149)
at java.util.concurrent.ThreadPoolExecutor$Worker.run(ThreadPoolExecutor.java:624)
at java.lang.Thread.run(Thread.java:748)
]]>
    </failure>
  </testcase> <!-- GotTheUserGeneralConditionsPage -->
</testsuite> <!-- Peugeot.PreProdHomePageComponentsPeugeotBelgiumNLTest -->
