<?xml version="1.0" encoding="UTF-8"?>
<!-- Generated by org.testng.reporters.JUnitReportReporter -->
<testsuite skipped="0" hostname="B1009809" name="DS.HPCompItTestDS" tests="15" failures="1" timestamp="20 May 2019 15:34:48 GMT" time="26.261" errors="0">
  <testcase name="ThePageTitleBrandisCorrect" time="0.364" classname="DS.HPCompItTestDS"/>
  <testcase name="ThePageTitleisCorrect" time="0.088" classname="DS.HPCompItTestDS"/>
  <testcase name="ThePeugeotLogoIsDisplayed" time="0.058" classname="DS.HPCompItTestDS"/>
  <testcase name="TheTextUnderThePageTitleIsCorrect" time="0.062" classname="DS.HPCompItTestDS"/>
  <testcase name="GotToHomePageWhenClickingOnTheCitÃ«nLogo" time="1.227" classname="DS.HPCompItTestDS"/>
  <testcase name="TheFacebookIconeIsPresent" time="0.586" classname="DS.HPCompItTestDS"/>
  <testcase name="GotFacebookPageWhenClickingTheFacebookIcone" time="6.446" classname="DS.HPCompItTestDS">
    <failure type="java.lang.AssertionError">
      <![CDATA[java.lang.AssertionError
at DS.HPCompItTestDS.GotFacebookPageWhenClickingTheFacebookIcone(HPCompItTestDS.java:77)
at sun.reflect.NativeMethodAccessorImpl.invoke0(Native Method)
at sun.reflect.NativeMethodAccessorImpl.invoke(NativeMethodAccessorImpl.java:62)
at sun.reflect.DelegatingMethodAccessorImpl.invoke(DelegatingMethodAccessorImpl.java:43)
at java.lang.reflect.Method.invoke(Method.java:498)
at org.testng.internal.MethodInvocationHelper.invokeMethod(MethodInvocationHelper.java:124)
at org.testng.internal.Invoker.invokeMethod(Invoker.java:580)
at org.testng.internal.Invoker.invokeTestMethod(Invoker.java:716)
at org.testng.internal.Invoker.invokeTestMethods(Invoker.java:988)
at org.testng.internal.TestMethodWorker.invokeTestMethods(TestMethodWorker.java:125)
at org.testng.internal.TestMethodWorker.run(TestMethodWorker.java:109)
at org.testng.TestRunner.privateRun(TestRunner.java:648)
at org.testng.TestRunner.run(TestRunner.java:505)
at org.testng.SuiteRunner.runTest(SuiteRunner.java:455)
at org.testng.SuiteRunner.runSequentially(SuiteRunner.java:450)
at org.testng.SuiteRunner.privateRun(SuiteRunner.java:415)
at org.testng.SuiteRunner.run(SuiteRunner.java:364)
at org.testng.SuiteRunnerWorker.runSuite(SuiteRunnerWorker.java:52)
at org.testng.SuiteRunnerWorker.run(SuiteRunnerWorker.java:84)
at org.testng.TestNG.runSuitesSequentially(TestNG.java:1208)
at org.testng.TestNG.runSuitesLocally(TestNG.java:1137)
at org.testng.TestNG.runSuites(TestNG.java:1049)
at org.testng.TestNG.run(TestNG.java:1017)
at org.testng.remote.AbstractRemoteTestNG.run(AbstractRemoteTestNG.java:114)
at org.testng.remote.RemoteTestNG.initAndRun(RemoteTestNG.java:251)
at org.testng.remote.RemoteTestNG.main(RemoteTestNG.java:77)
]]>
    </failure>
  </testcase> <!-- GotFacebookPageWhenClickingTheFacebookIcone -->
  <testcase name="TheUserGeneralConditionsTextIsPresent" time="0.129" classname="DS.HPCompItTestDS"/>
  <testcase name="TheCookiesTextIsPresent" time="0.078" classname="DS.HPCompItTestDS"/>
  <testcase name="GotTheUserGeneralConditionsPDF" time="3.415" classname="DS.HPCompItTestDS"/>
  <testcase name="GotTheCookiesPopUp" time="3.715" classname="DS.HPCompItTestDS"/>
  <testcase name="TheTwiterIconeIsPresent" time="0.067" classname="DS.HPCompItTestDS"/>
  <testcase name="TheYoutubeIconeIsPresent" time="0.062" classname="DS.HPCompItTestDS"/>
  <testcase name="GotTwiterPageWhenClickingTheTwiterIcone" time="4.845" classname="DS.HPCompItTestDS"/>
  <testcase name="GotYoutubePageWhenClickingTheyoutubeIcone" time="5.119" classname="DS.HPCompItTestDS"/>
</testsuite> <!-- DS.HPCompItTestDS -->
