<?xml version="1.0" encoding="UTF-8"?>
<!-- Generated by org.testng.reporters.JUnitReportReporter -->
<testsuite skipped="0" hostname="B1009809" name="Citroën.HPCompESTestAC" tests="13" failures="1" timestamp="20 May 2019 14:06:20 GMT" time="18.701" errors="0">
  <testcase name="ThePageTitleBrandisCorrect" time="0.639" classname="Citroën.HPCompESTestAC"/>
  <testcase name="ThePageTitleisCorrect" time="0.093" classname="Citroën.HPCompESTestAC"/>
  <testcase name="ThePeugeotLogoIsDisplayed" time="0.075" classname="Citroën.HPCompESTestAC"/>
  <testcase name="TheTextUnderThePageTitleIsCorrect" time="0.082" classname="Citroën.HPCompESTestAC"/>
  <testcase name="GotToHomePageWhenClickingOnTheCitënLogo" time="1.765" classname="Citroën.HPCompESTestAC"/>
  <testcase name="TheFacebookIconeIsPresent" time="0.639" classname="Citroën.HPCompESTestAC"/>
  <testcase name="GotFacebookPageWhenClickingTheFacebookIcone" time="3.397" classname="Citroën.HPCompESTestAC">
    <failure type="java.lang.AssertionError">
      <![CDATA[java.lang.AssertionError
at Citroën.HPCompESTestAC.GotFacebookPageWhenClickingTheFacebookIcone(HPCompESTestAC.java:77)
at sun.reflect.NativeMethodAccessorImpl.invoke0(Native Method)
at sun.reflect.NativeMethodAccessorImpl.invoke(NativeMethodAccessorImpl.java:62)
at sun.reflect.DelegatingMethodAccessorImpl.invoke(DelegatingMethodAccessorImpl.java:43)
at java.lang.reflect.Method.invoke(Method.java:498)
at org.testng.internal.MethodInvocationHelper.invokeMethod(MethodInvocationHelper.java:124)
at org.testng.internal.Invoker.invokeMethod(Invoker.java:580)
at org.testng.internal.Invoker.invokeTestMethod(Invoker.java:716)
at org.testng.internal.Invoker.invokeTestMethods(Invoker.java:988)
at org.testng.internal.TestMethodWorker.invokeTestMethods(TestMethodWorker.java:125)
at org.testng.internal.TestMethodWorker.run(TestMethodWorker.java:109)
at org.testng.TestRunner.privateRun(TestRunner.java:648)
at org.testng.TestRunner.run(TestRunner.java:505)
at org.testng.SuiteRunner.runTest(SuiteRunner.java:455)
at org.testng.SuiteRunner.runSequentially(SuiteRunner.java:450)
at org.testng.SuiteRunner.privateRun(SuiteRunner.java:415)
at org.testng.SuiteRunner.run(SuiteRunner.java:364)
at org.testng.SuiteRunnerWorker.runSuite(SuiteRunnerWorker.java:52)
at org.testng.SuiteRunnerWorker.run(SuiteRunnerWorker.java:84)
at org.testng.TestNG.runSuitesSequentially(TestNG.java:1208)
at org.testng.TestNG.runSuitesLocally(TestNG.java:1137)
at org.testng.TestNG.runSuites(TestNG.java:1049)
at org.testng.TestNG.run(TestNG.java:1017)
at org.testng.remote.AbstractRemoteTestNG.run(AbstractRemoteTestNG.java:114)
at org.testng.remote.RemoteTestNG.initAndRun(RemoteTestNG.java:251)
at org.testng.remote.RemoteTestNG.main(RemoteTestNG.java:77)
]]>
    </failure>
  </testcase> <!-- GotFacebookPageWhenClickingTheFacebookIcone -->
  <testcase name="TheUserGeneralConditionsTextIsPresent" time="0.116" classname="Citroën.HPCompESTestAC"/>
  <testcase name="TheCookiesTextIsPresent" time="0.122" classname="Citroën.HPCompESTestAC"/>
  <testcase name="GotTheUserGeneralConditionsPDF" time="3.461" classname="Citroën.HPCompESTestAC"/>
  <testcase name="GotTheCookiesPopUp" time="3.562" classname="Citroën.HPCompESTestAC"/>
  <testcase name="TheTwiterIconeIsPresent" time="0.052" classname="Citroën.HPCompESTestAC"/>
  <testcase name="GotTwiterPageWhenClickingTheTwiterIcone" time="4.698" classname="Citroën.HPCompESTestAC"/>
</testsuite> <!-- Citroën.HPCompESTestAC -->
