<?xml version="1.0" encoding="UTF-8"?>
<!-- Generated by org.testng.reporters.JUnitReportReporter -->
<testsuite hostname="B1009809" name="DS.HPCompItTest" tests="18" failures="2" timestamp="10 Oct 2019 14:22:28 GMT" time="33.551" errors="0">
  <testcase name="GotToHomePageWhenClickingOnTheCitÃ«nLogo" time="1.581" classname="DS.HPCompItTest"/>
  <testcase name="GotFacebookPageWhenClickingTheFacebookIcone" time="3.575" classname="DS.HPCompItTest">
    <failure type="java.lang.AssertionError">
      <![CDATA[java.lang.AssertionError
	at DS.HPCompItTest.GotFacebookPageWhenClickingTheFacebookIcone(HPCompItTest.java:78)
	at sun.reflect.NativeMethodAccessorImpl.invoke0(Native Method)
	at sun.reflect.NativeMethodAccessorImpl.invoke(NativeMethodAccessorImpl.java:62)
	at sun.reflect.DelegatingMethodAccessorImpl.invoke(DelegatingMethodAccessorImpl.java:43)
	at java.lang.reflect.Method.invoke(Method.java:498)
	at org.testng.internal.MethodInvocationHelper.invokeMethod(MethodInvocationHelper.java:86)
	at org.testng.internal.Invoker.invokeMethod(Invoker.java:643)
	at org.testng.internal.Invoker.invokeTestMethod(Invoker.java:820)
	at org.testng.internal.Invoker.invokeTestMethods(Invoker.java:1128)
	at org.testng.internal.TestMethodWorker.invokeTestMethods(TestMethodWorker.java:129)
	at org.testng.internal.TestMethodWorker.run(TestMethodWorker.java:112)
	at org.testng.TestRunner.privateRun(TestRunner.java:782)
	at org.testng.TestRunner.run(TestRunner.java:632)
	at org.testng.SuiteRunner.runTest(SuiteRunner.java:366)
	at org.testng.SuiteRunner.runSequentially(SuiteRunner.java:361)
	at org.testng.SuiteRunner.privateRun(SuiteRunner.java:319)
	at org.testng.SuiteRunner.run(SuiteRunner.java:268)
	at org.testng.SuiteRunnerWorker.runSuite(SuiteRunnerWorker.java:52)
	at org.testng.SuiteRunnerWorker.run(SuiteRunnerWorker.java:86)
	at org.testng.TestNG.runSuitesSequentially(TestNG.java:1244)
	at org.testng.TestNG.runSuitesLocally(TestNG.java:1169)
	at org.testng.TestNG.run(TestNG.java:1064)
	at org.testng.remote.AbstractRemoteTestNG.run(AbstractRemoteTestNG.java:114)
	at org.testng.remote.RemoteTestNG.initAndRun(RemoteTestNG.java:251)
	at org.testng.remote.RemoteTestNG.main(RemoteTestNG.java:77)
]]>
    </failure>
  </testcase> <!-- GotFacebookPageWhenClickingTheFacebookIcone -->
  <testcase name="GotTheRightUrlWhenClickingOnTheDealersLink" time="4.036" classname="DS.HPCompItTest"/>
  <testcase name="GotTheRightUrlWhenClickingOnCarConfiguratorLink" time="4.035" classname="DS.HPCompItTest"/>
  <testcase name="GotTheUserGeneralConditionsPage" time="3.321" classname="DS.HPCompItTest">
    <failure type="java.lang.AssertionError">
      <![CDATA[java.lang.AssertionError
	at DS.HPCompItTest.GotTheUserGeneralConditionsPage(HPCompItTest.java:106)
	at sun.reflect.NativeMethodAccessorImpl.invoke0(Native Method)
	at sun.reflect.NativeMethodAccessorImpl.invoke(NativeMethodAccessorImpl.java:62)
	at sun.reflect.DelegatingMethodAccessorImpl.invoke(DelegatingMethodAccessorImpl.java:43)
	at java.lang.reflect.Method.invoke(Method.java:498)
	at org.testng.internal.MethodInvocationHelper.invokeMethod(MethodInvocationHelper.java:86)
	at org.testng.internal.Invoker.invokeMethod(Invoker.java:643)
	at org.testng.internal.Invoker.invokeTestMethod(Invoker.java:820)
	at org.testng.internal.Invoker.invokeTestMethods(Invoker.java:1128)
	at org.testng.internal.TestMethodWorker.invokeTestMethods(TestMethodWorker.java:129)
	at org.testng.internal.TestMethodWorker.run(TestMethodWorker.java:112)
	at org.testng.TestRunner.privateRun(TestRunner.java:782)
	at org.testng.TestRunner.run(TestRunner.java:632)
	at org.testng.SuiteRunner.runTest(SuiteRunner.java:366)
	at org.testng.SuiteRunner.runSequentially(SuiteRunner.java:361)
	at org.testng.SuiteRunner.privateRun(SuiteRunner.java:319)
	at org.testng.SuiteRunner.run(SuiteRunner.java:268)
	at org.testng.SuiteRunnerWorker.runSuite(SuiteRunnerWorker.java:52)
	at org.testng.SuiteRunnerWorker.run(SuiteRunnerWorker.java:86)
	at org.testng.TestNG.runSuitesSequentially(TestNG.java:1244)
	at org.testng.TestNG.runSuitesLocally(TestNG.java:1169)
	at org.testng.TestNG.run(TestNG.java:1064)
	at org.testng.remote.AbstractRemoteTestNG.run(AbstractRemoteTestNG.java:114)
	at org.testng.remote.RemoteTestNG.initAndRun(RemoteTestNG.java:251)
	at org.testng.remote.RemoteTestNG.main(RemoteTestNG.java:77)
]]>
    </failure>
  </testcase> <!-- GotTheUserGeneralConditionsPage -->
  <testcase name="GotTheUserGeneralConditionsURLRight" time="3.293" classname="DS.HPCompItTest"/>
  <testcase name="GotYoutubePageWhenClickingTheyoutubeIcone" time="4.931" classname="DS.HPCompItTest"/>
  <testcase name="GotTwiterPageWhenClickingTheTwiterIcone" time="3.982" classname="DS.HPCompItTest"/>
  <testcase name="ThePageTitleisCorrect" time="0.552" classname="DS.HPCompItTest"/>
  <testcase name="GotTheCookiesPopUp" time="3.536" classname="DS.HPCompItTest"/>
  <testcase name="TheUserGeneralConditionsTextIsPresent" time="0.076" classname="DS.HPCompItTest"/>
  <testcase name="TheFacebookIconeIsPresent" time="0.295" classname="DS.HPCompItTest"/>
  <testcase name="ThePeugeotLogoIsDisplayed" time="0.067" classname="DS.HPCompItTest"/>
  <testcase name="TheTextUnderThePageTitleIsCorrect" time="0.042" classname="DS.HPCompItTest"/>
  <testcase name="TheYoutubeIconeIsPresent" time="0.049" classname="DS.HPCompItTest"/>
  <testcase name="TheTwiterIconeIsPresent" time="0.054" classname="DS.HPCompItTest"/>
  <testcase name="TheCookiesTextIsPresent" time="0.076" classname="DS.HPCompItTest"/>
  <testcase name="ThePageTitleBrandisCorrect" time="0.050" classname="DS.HPCompItTest"/>
</testsuite> <!-- DS.HPCompItTest -->
