<?xml version="1.0" encoding="UTF-8"?>
<!-- Generated by org.testng.reporters.JUnitReportReporter -->
<testsuite skipped="0" hostname="B1009809" name="Citroën.HPCompITTestAC" tests="15" failures="2" timestamp="20 May 2019 14:54:10 GMT" time="26.912" errors="0">
  <testcase name="ThePageTitleisCorrect" time="0.750" classname="Citroën.HPCompITTestAC"/>
  <testcase name="ThePageTitleBrandisCorrect" time="0.107" classname="Citroën.HPCompITTestAC"/>
  <testcase name="ThePeugeotLogoIsDisplayed" time="0.069" classname="Citroën.HPCompITTestAC"/>
  <testcase name="TheTextUnderThePageTitleIsCorrect" time="0.063" classname="Citroën.HPCompITTestAC"/>
  <testcase name="GotToHomePageWhenClickingOnTheCitënLogo" time="2.038" classname="Citroën.HPCompITTestAC"/>
  <testcase name="TheFacebookIconeIsPresent" time="1.798" classname="Citroën.HPCompITTestAC"/>
  <testcase name="GotFacebookPageWhenClickingTheFacebookIcone" time="4.267" classname="Citroën.HPCompITTestAC">
    <failure type="java.lang.AssertionError">
      <![CDATA[java.lang.AssertionError
at Citroën.HPCompITTestAC.GotFacebookPageWhenClickingTheFacebookIcone(HPCompITTestAC.java:77)
at sun.reflect.NativeMethodAccessorImpl.invoke0(Native Method)
at sun.reflect.NativeMethodAccessorImpl.invoke(NativeMethodAccessorImpl.java:62)
at sun.reflect.DelegatingMethodAccessorImpl.invoke(DelegatingMethodAccessorImpl.java:43)
at java.lang.reflect.Method.invoke(Method.java:498)
at org.testng.internal.MethodInvocationHelper.invokeMethod(MethodInvocationHelper.java:124)
at org.testng.internal.Invoker.invokeMethod(Invoker.java:580)
at org.testng.internal.Invoker.invokeTestMethod(Invoker.java:716)
at org.testng.internal.Invoker.invokeTestMethods(Invoker.java:988)
at org.testng.internal.TestMethodWorker.invokeTestMethods(TestMethodWorker.java:125)
at org.testng.internal.TestMethodWorker.run(TestMethodWorker.java:109)
at org.testng.TestRunner.privateRun(TestRunner.java:648)
at org.testng.TestRunner.run(TestRunner.java:505)
at org.testng.SuiteRunner.runTest(SuiteRunner.java:455)
at org.testng.SuiteRunner.runSequentially(SuiteRunner.java:450)
at org.testng.SuiteRunner.privateRun(SuiteRunner.java:415)
at org.testng.SuiteRunner.run(SuiteRunner.java:364)
at org.testng.SuiteRunnerWorker.runSuite(SuiteRunnerWorker.java:52)
at org.testng.SuiteRunnerWorker.run(SuiteRunnerWorker.java:84)
at org.testng.TestNG.runSuitesSequentially(TestNG.java:1208)
at org.testng.TestNG.runSuitesLocally(TestNG.java:1137)
at org.testng.TestNG.runSuites(TestNG.java:1049)
at org.testng.TestNG.run(TestNG.java:1017)
at org.testng.remote.AbstractRemoteTestNG.run(AbstractRemoteTestNG.java:114)
at org.testng.remote.RemoteTestNG.initAndRun(RemoteTestNG.java:251)
at org.testng.remote.RemoteTestNG.main(RemoteTestNG.java:77)
]]>
    </failure>
  </testcase> <!-- GotFacebookPageWhenClickingTheFacebookIcone -->
  <testcase name="TheTwiterIconeIsPresent" time="0.136" classname="Citroën.HPCompITTestAC"/>
  <testcase name="GotTwiterPageWhenClickingTheTwiterIcone" time="4.799" classname="Citroën.HPCompITTestAC">
    <failure type="java.lang.AssertionError">
      <![CDATA[java.lang.AssertionError
at Citroën.HPCompITTestAC.GotTwiterPageWhenClickingTheTwiterIcone(HPCompITTestAC.java:89)
at sun.reflect.NativeMethodAccessorImpl.invoke0(Native Method)
at sun.reflect.NativeMethodAccessorImpl.invoke(NativeMethodAccessorImpl.java:62)
at sun.reflect.DelegatingMethodAccessorImpl.invoke(DelegatingMethodAccessorImpl.java:43)
at java.lang.reflect.Method.invoke(Method.java:498)
at org.testng.internal.MethodInvocationHelper.invokeMethod(MethodInvocationHelper.java:124)
at org.testng.internal.Invoker.invokeMethod(Invoker.java:580)
at org.testng.internal.Invoker.invokeTestMethod(Invoker.java:716)
at org.testng.internal.Invoker.invokeTestMethods(Invoker.java:988)
at org.testng.internal.TestMethodWorker.invokeTestMethods(TestMethodWorker.java:125)
at org.testng.internal.TestMethodWorker.run(TestMethodWorker.java:109)
at org.testng.TestRunner.privateRun(TestRunner.java:648)
at org.testng.TestRunner.run(TestRunner.java:505)
at org.testng.SuiteRunner.runTest(SuiteRunner.java:455)
at org.testng.SuiteRunner.runSequentially(SuiteRunner.java:450)
at org.testng.SuiteRunner.privateRun(SuiteRunner.java:415)
at org.testng.SuiteRunner.run(SuiteRunner.java:364)
at org.testng.SuiteRunnerWorker.runSuite(SuiteRunnerWorker.java:52)
at org.testng.SuiteRunnerWorker.run(SuiteRunnerWorker.java:84)
at org.testng.TestNG.runSuitesSequentially(TestNG.java:1208)
at org.testng.TestNG.runSuitesLocally(TestNG.java:1137)
at org.testng.TestNG.runSuites(TestNG.java:1049)
at org.testng.TestNG.run(TestNG.java:1017)
at org.testng.remote.AbstractRemoteTestNG.run(AbstractRemoteTestNG.java:114)
at org.testng.remote.RemoteTestNG.initAndRun(RemoteTestNG.java:251)
at org.testng.remote.RemoteTestNG.main(RemoteTestNG.java:77)
]]>
    </failure>
  </testcase> <!-- GotTwiterPageWhenClickingTheTwiterIcone -->
  <testcase name="GotTheUserGeneralConditionsPDF" time="3.385" classname="Citroën.HPCompITTestAC"/>
  <testcase name="TheUserGeneralConditionsTextIsPresent" time="0.089" classname="Citroën.HPCompITTestAC"/>
  <testcase name="GotTheCookiesPopUp" time="3.512" classname="Citroën.HPCompITTestAC"/>
  <testcase name="TheCookiesTextIsPresent" time="0.051" classname="Citroën.HPCompITTestAC"/>
  <testcase name="TheYoutubeIconeIsPresent" time="0.052" classname="Citroën.HPCompITTestAC"/>
  <testcase name="GotYoutubePageWhenClickingTheyoutubeIcone" time="5.796" classname="Citroën.HPCompITTestAC"/>
</testsuite> <!-- Citroën.HPCompITTestAC -->
