<?xml version="1.0" encoding="UTF-8"?>
<!-- Generated by org.testng.reporters.JUnitReportReporter -->
<testsuite skipped="0" hostname="B1009809" name="Peugeot.ResultPageTest" tests="19" failures="1" timestamp="07 juin 2019 10:15:40 GMT" time="1105.462" errors="1">
  <testcase name="CheckThatTheNumberOfOfferschangesWhenChangingEngine" time="46.530" classname="Peugeot.ResultPageTest"/>
  <testcase name="TheNumberOfOffersISGreaterWhenAddingAModel" time="42.021" classname="Peugeot.ResultPageTest">
    <failure type="java.lang.AssertionError">
      <![CDATA[java.lang.AssertionError
at Peugeot.ResultPageTest.TheNumberOfOffersISGreaterWhenAddingAModel(ResultPageTest.java:259)
at sun.reflect.NativeMethodAccessorImpl.invoke0(Native Method)
at sun.reflect.NativeMethodAccessorImpl.invoke(NativeMethodAccessorImpl.java:62)
at sun.reflect.DelegatingMethodAccessorImpl.invoke(DelegatingMethodAccessorImpl.java:43)
at java.lang.reflect.Method.invoke(Method.java:498)
at org.testng.internal.MethodInvocationHelper.invokeMethod(MethodInvocationHelper.java:124)
at org.testng.internal.Invoker.invokeMethod(Invoker.java:580)
at org.testng.internal.Invoker.invokeTestMethod(Invoker.java:716)
at org.testng.internal.Invoker.invokeTestMethods(Invoker.java:988)
at org.testng.internal.TestMethodWorker.invokeTestMethods(TestMethodWorker.java:125)
at org.testng.internal.TestMethodWorker.run(TestMethodWorker.java:109)
at org.testng.TestRunner.privateRun(TestRunner.java:648)
at org.testng.TestRunner.run(TestRunner.java:505)
at org.testng.SuiteRunner.runTest(SuiteRunner.java:455)
at org.testng.SuiteRunner.runSequentially(SuiteRunner.java:450)
at org.testng.SuiteRunner.privateRun(SuiteRunner.java:415)
at org.testng.SuiteRunner.run(SuiteRunner.java:364)
at org.testng.SuiteRunnerWorker.runSuite(SuiteRunnerWorker.java:52)
at org.testng.SuiteRunnerWorker.run(SuiteRunnerWorker.java:84)
at org.testng.TestNG.runSuitesSequentially(TestNG.java:1208)
at org.testng.TestNG.runSuitesLocally(TestNG.java:1137)
at org.testng.TestNG.runSuites(TestNG.java:1049)
at org.testng.TestNG.run(TestNG.java:1017)
at org.testng.remote.AbstractRemoteTestNG.run(AbstractRemoteTestNG.java:114)
at org.testng.remote.RemoteTestNG.initAndRun(RemoteTestNG.java:251)
at org.testng.remote.RemoteTestNG.main(RemoteTestNG.java:77)
]]>
    </failure>
  </testcase> <!-- TheNumberOfOffersISGreaterWhenAddingAModel -->
  <testcase name="CheckThatTheNumberOfOfferschangesWhenChangingGearBox" time="66.664" classname="Peugeot.ResultPageTest"/>
  <testcase name="TheNumberOfOffersISGreaterWhenAddingAModel" time="58.185" classname="Peugeot.ResultPageTest"/>
  <testcase name="TheNumberOfOffersIsCorrectWhenChangingTheEnergy" time="124.327" classname="Peugeot.ResultPageTest"/>
  <testcase name="TheNumberOfOffersIsLowerWhenChangingThePriceSlider" time="38.669" classname="Peugeot.ResultPageTest"/>
  <testcase name="TheNumberOfOffersIsLowerWhenChangingThePriceSlider" time="31.777" classname="Peugeot.ResultPageTest"/>
  <testcase name="CheckThatTheNumberOfOfferschangesWhenChangingEngine" time="53.547" classname="Peugeot.ResultPageTest"/>
  <testcase name="TheNumberOfOffersIsLowerWhenChangingThePriceSlider" time="44.580" classname="Peugeot.ResultPageTest"/>
  <testcase name="TheNumberOfOffersIsCorrectWhenChangingTheEnergy" time="113.049" classname="Peugeot.ResultPageTest"/>
  <testcase name="CheckThatTheNumberOfOfferschangesWhenChangingGearBox" time="54.707" classname="Peugeot.ResultPageTest"/>
  <testcase name="CheckThatTheNumberOfOfferschangesWhenChangingFinition" time="59.457" classname="Peugeot.ResultPageTest"/>
  <testcase name="TheNumberOfOffersISGreaterWhenAddingAModel" time="43.286" classname="Peugeot.ResultPageTest"/>
  <testcase name="CheckThatTheNumberOfOfferschangesWhenChangingFinition" time="49.993" classname="Peugeot.ResultPageTest"/>
  <testcase name="CheckThatTheNumberOfOfferschangesWhenChangingGearBox" time="53.747" classname="Peugeot.ResultPageTest"/>
  <testcase name="CheckThatTheNumberOfOfferschangesWhenChangingEngine" time="48.362" classname="Peugeot.ResultPageTest"/>
  <testcase name="CheckThatTheNumberOfOfferschangesWhenChangingFinition" time="69.454" classname="Peugeot.ResultPageTest"/>
  <testcase name="TheNumberOfOffersIsCorrectWhenChangingTheEnergy" time="107.107" classname="Peugeot.ResultPageTest"/>
  <testcase name="CheckThatThedeliveryDateisGreaterThanTodaysDate" time="0.000" classname="Peugeot.ResultPageTest">
    <error type="org.testng.TestNGException" message="
Found two providers called &#039;UrlsProvider1&#039; on class Peugeot.ResultPageTest">
      <![CDATA[org.testng.TestNGException: 
Found two providers called 'UrlsProvider1' on class Peugeot.ResultPageTest
at org.testng.internal.Parameters.findDataProvider(Parameters.java:593)
at org.testng.internal.Parameters.findDataProvider(Parameters.java:509)
at org.testng.internal.Parameters.handleParameters(Parameters.java:691)
at org.testng.internal.ParameterHandler.handleParameters(ParameterHandler.java:49)
at org.testng.internal.ParameterHandler.createParameters(ParameterHandler.java:37)
at org.testng.internal.Invoker.invokeTestMethods(Invoker.java:923)
at org.testng.internal.TestMethodWorker.invokeTestMethods(TestMethodWorker.java:125)
at org.testng.internal.TestMethodWorker.run(TestMethodWorker.java:109)
at org.testng.TestRunner.privateRun(TestRunner.java:648)
at org.testng.TestRunner.run(TestRunner.java:505)
at org.testng.SuiteRunner.runTest(SuiteRunner.java:455)
at org.testng.SuiteRunner.runSequentially(SuiteRunner.java:450)
at org.testng.SuiteRunner.privateRun(SuiteRunner.java:415)
at org.testng.SuiteRunner.run(SuiteRunner.java:364)
at org.testng.SuiteRunnerWorker.runSuite(SuiteRunnerWorker.java:52)
at org.testng.SuiteRunnerWorker.run(SuiteRunnerWorker.java:84)
at org.testng.TestNG.runSuitesSequentially(TestNG.java:1208)
at org.testng.TestNG.runSuitesLocally(TestNG.java:1137)
at org.testng.TestNG.runSuites(TestNG.java:1049)
at org.testng.TestNG.run(TestNG.java:1017)
at org.testng.remote.AbstractRemoteTestNG.run(AbstractRemoteTestNG.java:114)
at org.testng.remote.RemoteTestNG.initAndRun(RemoteTestNG.java:251)
at org.testng.remote.RemoteTestNG.main(RemoteTestNG.java:77)
]]>
    </error>
  </testcase> <!-- CheckThatThedeliveryDateisGreaterThanTodaysDate -->
</testsuite> <!-- Peugeot.ResultPageTest -->
