<html>
<head>
<title>TestNG:  HomePageComponents</title>
<link href="../testng.css" rel="stylesheet" type="text/css" />
<link href="../my-testng.css" rel="stylesheet" type="text/css" />

<style type="text/css">
.log { display: none;} 
.stack-trace { display: none;} 
</style>
<script type="text/javascript">
<!--
function flip(e) {
  current = e.style.display;
  if (current == 'block') {
    e.style.display = 'none';
    return 0;
  }
  else {
    e.style.display = 'block';
    return 1;
  }
}

function toggleBox(szDivId, elem, msg1, msg2)
{
  var res = -1;  if (document.getElementById) {
    res = flip(document.getElementById(szDivId));
  }
  else if (document.all) {
    // this is the way old msie versions work
    res = flip(document.all[szDivId]);
  }
  if(elem) {
    if(res == 0) elem.innerHTML = msg1; else elem.innerHTML = msg2;
  }

}

function toggleAllBoxes() {
  if (document.getElementsByTagName) {
    d = document.getElementsByTagName('div');
    for (i = 0; i < d.length; i++) {
      if (d[i].className == 'log') {
        flip(d[i]);
      }
    }
  }
}

// -->
</script>

</head>
<body>
<h2 align='center'>HomePageComponents</h2><table border='1' align="center">
<tr>
<td>Tests passed/Failed/Skipped:</td><td>57/9/0</td>
</tr><tr>
<td>Started on:</td><td>Thu Apr 25 11:17:42 CEST 2019</td>
</tr>
<tr><td>Total time:</td><td>169 seconds (169935 ms)</td>
</tr><tr>
<td>Included groups:</td><td></td>
</tr><tr>
<td>Excluded groups:</td><td></td>
</tr>
</table><p/>
<small><i>(Hover the method name to see the test class name)</i></small><p/>
<table width='100%' border='1' class='invocation-failed'>
<tr><td colspan='4' align='center'><b>FAILED TESTS</b></td></tr>
<tr><td><b>Test method</b></td>
<td width="30%"><b>Exception</b></td>
<td width="10%"><b>Time (seconds)</b></td>
<td><b>Instance</b></td>
</tr>
<tr>
<td title='Peugeot.PreProdHomePageComponentsPeugeotSpainTest.GotTheUserGeneralConditionsPDF()'><b>GotTheUserGeneralConditionsPDF</b><br>Test class: Peugeot.PreProdHomePageComponentsPeugeotSpainTest</td>
<td><div><pre>org.openqa.selenium.NoSuchElementException: no such element: Unable to locate element: {&quot;method&quot;:&quot;xpath&quot;,&quot;selector&quot;:&quot;//a[contains(text(),&apos;Condiciones generales de uso.&apos;)]&quot;}
  (Session info: chrome=73.0.3683.103)
  (Driver info: chromedriver=73.0.3683.68 (47787ec04b6e38e22703e856e101e840b65afe72),platform=Windows NT 10.0.14393 x86_64) (WARNING: The server did not provide any stacktrace information)
Command duration or timeout: 0 milliseconds
For documentation on this error, please visit: http://seleniumhq.org/exceptions/no_such_element.html
Build info: version: &apos;3.9.1&apos;, revision: &apos;63f7b50&apos;, time: &apos;2018-02-07T22:42:28.403Z&apos;
System info: host: &apos;B1009809&apos;, ip: &apos;172.16.167.80&apos;, os.name: &apos;Windows 10&apos;, os.arch: &apos;amd64&apos;, os.version: &apos;10.0&apos;, java.version: &apos;1.8.0_181&apos;
Driver info: org.openqa.selenium.chrome.ChromeDriver
Capabilities {acceptInsecureCerts: false, acceptSslCerts: false, applicationCacheEnabled: false, browserConnectionEnabled: false, browserName: chrome, chrome: {chromedriverVersion: 73.0.3683.68 (47787ec04b6e3..., userDataDir: C:\Users\E562418\AppData\Lo...}, cssSelectorsEnabled: true, databaseEnabled: false, goog:chromeOptions: {debuggerAddress: localhost:51916}, handlesAlerts: true, hasTouchScreen: false, javascriptEnabled: true, locationContextEnabled: true, mobileEmulationEnabled: false, nativeEvents: true, networkConnectionEnabled: false, pageLoadStrategy: normal, platform: XP, platformName: XP, proxy: Proxy(), rotatable: false, setWindowRect: true, strictFileInteractability: false, takesHeapSnapshot: true, takesScreenshot: true, timeouts: {implicit: 0, pageLoad: 300000, script: 30000}, unexpectedAlertBehaviour: ignore, unhandledPromptBehavior: ignore, version: 73.0.3683.103, webStorageEnabled: true}
Session ID: 31c723260cd857895776469319156d8d
*** Element info: {Using=xpath, value=//a[contains(text(),&apos;Condiciones generales de uso.&apos;)]}
	at org.openqa.selenium.remote.ErrorHandler.createThrowable(ErrorHandler.java:214)
	at org.openqa.selenium.remote.ErrorHandler.throwIfResponseFailed(ErrorHandler.java:166)
	at org.openqa.selenium.remote.http.JsonHttpResponseCodec.reconstructValue(JsonHttpResponseCodec.java:40)
	at org.openqa.selenium.remote.http.AbstractHttpResponseCodec.decode(AbstractHttpResponseCodec.java:80)
	at org.openqa.selenium.remote.http.AbstractHttpResponseCodec.decode(AbstractHttpResponseCodec.java:44)
	at org.openqa.selenium.remote.HttpCommandExecutor.execute(HttpCommandExecutor.java:160)
	at org.openqa.selenium.remote.service.DriverCommandExecutor.execute(DriverCommandExecutor.java:83)
	at org.openqa.selenium.remote.RemoteWebDriver.execute(RemoteWebDriver.java:601)
	at org.openqa.selenium.remote.RemoteWebDriver.findElement(RemoteWebDriver.java:371)
	at org.openqa.selenium.remote.RemoteWebDriver.findElementByXPath(RemoteWebDriver.java:473)
	at org.openqa.selenium.By$ByXPath.findElement(By.java:361)
	at org.openqa.selenium.remote.RemoteWebDriver.findElement(RemoteWebDriver.java:363)
	at Peugeot.HomePagePEComposants.CheckClickOnUserGeneralConditions(HomePagePEComposants.java:139)
	at Peugeot.PreProdHomePageComponentsPeugeotSpainTest.GotTheUserGeneralConditionsPDF(PreProdHomePageComponentsPeugeotSpainTest.java:102)
	at java.util.concurrent.ThreadPoolExecutor.runWorker(ThreadPoolExecutor.java:1149)
	at java.util.concurrent.ThreadPoolExecutor$Worker.run(ThreadPoolExecutor.java:624)
	at java.lang.Thread.run(Thread.java:748)
... Removed 14 stack frames</pre></div><a href='#' onClick='toggleBox("stack-trace91756703", this, "Click to show all stack frames", "Click to hide stack frames")'>Click to show all stack frames</a>
<div class='stack-trace' id='stack-trace91756703'><pre>org.openqa.selenium.NoSuchElementException: no such element: Unable to locate element: {&quot;method&quot;:&quot;xpath&quot;,&quot;selector&quot;:&quot;//a[contains(text(),&apos;Condiciones generales de uso.&apos;)]&quot;}
  (Session info: chrome=73.0.3683.103)
  (Driver info: chromedriver=73.0.3683.68 (47787ec04b6e38e22703e856e101e840b65afe72),platform=Windows NT 10.0.14393 x86_64) (WARNING: The server did not provide any stacktrace information)
Command duration or timeout: 0 milliseconds
For documentation on this error, please visit: http://seleniumhq.org/exceptions/no_such_element.html
Build info: version: &apos;3.9.1&apos;, revision: &apos;63f7b50&apos;, time: &apos;2018-02-07T22:42:28.403Z&apos;
System info: host: &apos;B1009809&apos;, ip: &apos;172.16.167.80&apos;, os.name: &apos;Windows 10&apos;, os.arch: &apos;amd64&apos;, os.version: &apos;10.0&apos;, java.version: &apos;1.8.0_181&apos;
Driver info: org.openqa.selenium.chrome.ChromeDriver
Capabilities {acceptInsecureCerts: false, acceptSslCerts: false, applicationCacheEnabled: false, browserConnectionEnabled: false, browserName: chrome, chrome: {chromedriverVersion: 73.0.3683.68 (47787ec04b6e3..., userDataDir: C:\Users\E562418\AppData\Lo...}, cssSelectorsEnabled: true, databaseEnabled: false, goog:chromeOptions: {debuggerAddress: localhost:51916}, handlesAlerts: true, hasTouchScreen: false, javascriptEnabled: true, locationContextEnabled: true, mobileEmulationEnabled: false, nativeEvents: true, networkConnectionEnabled: false, pageLoadStrategy: normal, platform: XP, platformName: XP, proxy: Proxy(), rotatable: false, setWindowRect: true, strictFileInteractability: false, takesHeapSnapshot: true, takesScreenshot: true, timeouts: {implicit: 0, pageLoad: 300000, script: 30000}, unexpectedAlertBehaviour: ignore, unhandledPromptBehavior: ignore, version: 73.0.3683.103, webStorageEnabled: true}
Session ID: 31c723260cd857895776469319156d8d
*** Element info: {Using=xpath, value=//a[contains(text(),&apos;Condiciones generales de uso.&apos;)]}
	at sun.reflect.NativeConstructorAccessorImpl.newInstance0(Native Method)
	at sun.reflect.NativeConstructorAccessorImpl.newInstance(NativeConstructorAccessorImpl.java:62)
	at sun.reflect.DelegatingConstructorAccessorImpl.newInstance(DelegatingConstructorAccessorImpl.java:45)
	at java.lang.reflect.Constructor.newInstance(Constructor.java:423)
	at org.openqa.selenium.remote.ErrorHandler.createThrowable(ErrorHandler.java:214)
	at org.openqa.selenium.remote.ErrorHandler.throwIfResponseFailed(ErrorHandler.java:166)
	at org.openqa.selenium.remote.http.JsonHttpResponseCodec.reconstructValue(JsonHttpResponseCodec.java:40)
	at org.openqa.selenium.remote.http.AbstractHttpResponseCodec.decode(AbstractHttpResponseCodec.java:80)
	at org.openqa.selenium.remote.http.AbstractHttpResponseCodec.decode(AbstractHttpResponseCodec.java:44)
	at org.openqa.selenium.remote.HttpCommandExecutor.execute(HttpCommandExecutor.java:160)
	at org.openqa.selenium.remote.service.DriverCommandExecutor.execute(DriverCommandExecutor.java:83)
	at org.openqa.selenium.remote.RemoteWebDriver.execute(RemoteWebDriver.java:601)
	at org.openqa.selenium.remote.RemoteWebDriver.findElement(RemoteWebDriver.java:371)
	at org.openqa.selenium.remote.RemoteWebDriver.findElementByXPath(RemoteWebDriver.java:473)
	at org.openqa.selenium.By$ByXPath.findElement(By.java:361)
	at org.openqa.selenium.remote.RemoteWebDriver.findElement(RemoteWebDriver.java:363)
	at Peugeot.HomePagePEComposants.CheckClickOnUserGeneralConditions(HomePagePEComposants.java:139)
	at Peugeot.PreProdHomePageComponentsPeugeotSpainTest.GotTheUserGeneralConditionsPDF(PreProdHomePageComponentsPeugeotSpainTest.java:102)
	at sun.reflect.NativeMethodAccessorImpl.invoke0(Native Method)
	at sun.reflect.NativeMethodAccessorImpl.invoke(NativeMethodAccessorImpl.java:62)
	at sun.reflect.DelegatingMethodAccessorImpl.invoke(DelegatingMethodAccessorImpl.java:43)
	at java.lang.reflect.Method.invoke(Method.java:498)
	at org.testng.internal.MethodInvocationHelper.invokeMethod(MethodInvocationHelper.java:124)
	at org.testng.internal.Invoker.invokeMethod(Invoker.java:580)
	at org.testng.internal.Invoker.invokeTestMethod(Invoker.java:716)
	at org.testng.internal.Invoker.invokeTestMethods(Invoker.java:988)
	at org.testng.internal.TestMethodWorker.invokeTestMethods(TestMethodWorker.java:125)
	at org.testng.internal.TestMethodWorker.run(TestMethodWorker.java:109)
	at java.util.concurrent.ThreadPoolExecutor.runWorker(ThreadPoolExecutor.java:1149)
	at java.util.concurrent.ThreadPoolExecutor$Worker.run(ThreadPoolExecutor.java:624)
	at java.lang.Thread.run(Thread.java:748)
</pre></div></td>
<td>0</td>
<td>Peugeot.PreProdHomePageComponentsPeugeotSpainTest@2eda0940</td></tr>
<tr>
<td title='Peugeot.PreProdHomePageComponentsPeugeotBelgiumNLTest.GotTheUserGeneralConditionsPage()'><b>GotTheUserGeneralConditionsPage</b><br>Test class: Peugeot.PreProdHomePageComponentsPeugeotBelgiumNLTest</td>
<td><div><pre>java.lang.AssertionError
	at Peugeot.PreProdHomePageComponentsPeugeotBelgiumNLTest.GotTheUserGeneralConditionsPage(PreProdHomePageComponentsPeugeotBelgiumNLTest.java:71)
	at java.util.concurrent.ThreadPoolExecutor.runWorker(ThreadPoolExecutor.java:1149)
	at java.util.concurrent.ThreadPoolExecutor$Worker.run(ThreadPoolExecutor.java:624)
	at java.lang.Thread.run(Thread.java:748)
... Removed 10 stack frames</pre></div><a href='#' onClick='toggleBox("stack-trace1590272315", this, "Click to show all stack frames", "Click to hide stack frames")'>Click to show all stack frames</a>
<div class='stack-trace' id='stack-trace1590272315'><pre>java.lang.AssertionError
	at Peugeot.PreProdHomePageComponentsPeugeotBelgiumNLTest.GotTheUserGeneralConditionsPage(PreProdHomePageComponentsPeugeotBelgiumNLTest.java:71)
	at sun.reflect.NativeMethodAccessorImpl.invoke0(Native Method)
	at sun.reflect.NativeMethodAccessorImpl.invoke(NativeMethodAccessorImpl.java:62)
	at sun.reflect.DelegatingMethodAccessorImpl.invoke(DelegatingMethodAccessorImpl.java:43)
	at java.lang.reflect.Method.invoke(Method.java:498)
	at org.testng.internal.MethodInvocationHelper.invokeMethod(MethodInvocationHelper.java:124)
	at org.testng.internal.Invoker.invokeMethod(Invoker.java:580)
	at org.testng.internal.Invoker.invokeTestMethod(Invoker.java:716)
	at org.testng.internal.Invoker.invokeTestMethods(Invoker.java:988)
	at org.testng.internal.TestMethodWorker.invokeTestMethods(TestMethodWorker.java:125)
	at org.testng.internal.TestMethodWorker.run(TestMethodWorker.java:109)
	at java.util.concurrent.ThreadPoolExecutor.runWorker(ThreadPoolExecutor.java:1149)
	at java.util.concurrent.ThreadPoolExecutor$Worker.run(ThreadPoolExecutor.java:624)
	at java.lang.Thread.run(Thread.java:748)
</pre></div></td>
<td>3</td>
<td>Peugeot.PreProdHomePageComponentsPeugeotBelgiumNLTest@706a04ae</td></tr>
<tr>
<td title='Peugeot.PreProdHomePageComponentsPeugeotBelgiumFRTest.GotTheUserGeneralConditionsPage()'><b>GotTheUserGeneralConditionsPage</b><br>Test class: Peugeot.PreProdHomePageComponentsPeugeotBelgiumFRTest</td>
<td><div><pre>java.lang.AssertionError
	at Peugeot.PreProdHomePageComponentsPeugeotBelgiumFRTest.GotTheUserGeneralConditionsPage(PreProdHomePageComponentsPeugeotBelgiumFRTest.java:92)
	at java.util.concurrent.ThreadPoolExecutor.runWorker(ThreadPoolExecutor.java:1149)
	at java.util.concurrent.ThreadPoolExecutor$Worker.run(ThreadPoolExecutor.java:624)
	at java.lang.Thread.run(Thread.java:748)
... Removed 10 stack frames</pre></div><a href='#' onClick='toggleBox("stack-trace2143431198", this, "Click to show all stack frames", "Click to hide stack frames")'>Click to show all stack frames</a>
<div class='stack-trace' id='stack-trace2143431198'><pre>java.lang.AssertionError
	at Peugeot.PreProdHomePageComponentsPeugeotBelgiumFRTest.GotTheUserGeneralConditionsPage(PreProdHomePageComponentsPeugeotBelgiumFRTest.java:92)
	at sun.reflect.NativeMethodAccessorImpl.invoke0(Native Method)
	at sun.reflect.NativeMethodAccessorImpl.invoke(NativeMethodAccessorImpl.java:62)
	at sun.reflect.DelegatingMethodAccessorImpl.invoke(DelegatingMethodAccessorImpl.java:43)
	at java.lang.reflect.Method.invoke(Method.java:498)
	at org.testng.internal.MethodInvocationHelper.invokeMethod(MethodInvocationHelper.java:124)
	at org.testng.internal.Invoker.invokeMethod(Invoker.java:580)
	at org.testng.internal.Invoker.invokeTestMethod(Invoker.java:716)
	at org.testng.internal.Invoker.invokeTestMethods(Invoker.java:988)
	at org.testng.internal.TestMethodWorker.invokeTestMethods(TestMethodWorker.java:125)
	at org.testng.internal.TestMethodWorker.run(TestMethodWorker.java:109)
	at java.util.concurrent.ThreadPoolExecutor.runWorker(ThreadPoolExecutor.java:1149)
	at java.util.concurrent.ThreadPoolExecutor$Worker.run(ThreadPoolExecutor.java:624)
	at java.lang.Thread.run(Thread.java:748)
</pre></div></td>
<td>3</td>
<td>Peugeot.PreProdHomePageComponentsPeugeotBelgiumFRTest@3578436e</td></tr>
<tr>
<td title='Peugeot.PreProdHomePageComponentsPeugeotSpainTest.GotToHomePageWhenClickingOnThePeugeotLogo()'><b>GotToHomePageWhenClickingOnThePeugeotLogo</b><br>Test class: Peugeot.PreProdHomePageComponentsPeugeotSpainTest</td>
<td><div><pre>org.openqa.selenium.TimeoutException: timeout
  (Session info: chrome=73.0.3683.103)
  (Driver info: chromedriver=73.0.3683.68 (47787ec04b6e38e22703e856e101e840b65afe72),platform=Windows NT 10.0.14393 x86_64) (WARNING: The server did not provide any stacktrace information)
Command duration or timeout: 0 milliseconds
Build info: version: &apos;3.9.1&apos;, revision: &apos;63f7b50&apos;, time: &apos;2018-02-07T22:42:28.403Z&apos;
System info: host: &apos;B1009809&apos;, ip: &apos;172.16.167.80&apos;, os.name: &apos;Windows 10&apos;, os.arch: &apos;amd64&apos;, os.version: &apos;10.0&apos;, java.version: &apos;1.8.0_181&apos;
Driver info: org.openqa.selenium.chrome.ChromeDriver
Capabilities {acceptInsecureCerts: false, acceptSslCerts: false, applicationCacheEnabled: false, browserConnectionEnabled: false, browserName: chrome, chrome: {chromedriverVersion: 73.0.3683.68 (47787ec04b6e3..., userDataDir: C:\Users\E562418\AppData\Lo...}, cssSelectorsEnabled: true, databaseEnabled: false, goog:chromeOptions: {debuggerAddress: localhost:51916}, handlesAlerts: true, hasTouchScreen: false, javascriptEnabled: true, locationContextEnabled: true, mobileEmulationEnabled: false, nativeEvents: true, networkConnectionEnabled: false, pageLoadStrategy: normal, platform: XP, platformName: XP, proxy: Proxy(), rotatable: false, setWindowRect: true, strictFileInteractability: false, takesHeapSnapshot: true, takesScreenshot: true, timeouts: {implicit: 0, pageLoad: 300000, script: 30000}, unexpectedAlertBehaviour: ignore, unhandledPromptBehavior: ignore, version: 73.0.3683.103, webStorageEnabled: true}
Session ID: 31c723260cd857895776469319156d8d
	at org.openqa.selenium.remote.ErrorHandler.createThrowable(ErrorHandler.java:214)
	at org.openqa.selenium.remote.ErrorHandler.throwIfResponseFailed(ErrorHandler.java:166)
	at org.openqa.selenium.remote.http.JsonHttpResponseCodec.reconstructValue(JsonHttpResponseCodec.java:40)
	at org.openqa.selenium.remote.http.AbstractHttpResponseCodec.decode(AbstractHttpResponseCodec.java:80)
	at org.openqa.selenium.remote.http.AbstractHttpResponseCodec.decode(AbstractHttpResponseCodec.java:44)
	at org.openqa.selenium.remote.HttpCommandExecutor.execute(HttpCommandExecutor.java:160)
	at org.openqa.selenium.remote.service.DriverCommandExecutor.execute(DriverCommandExecutor.java:83)
	at org.openqa.selenium.remote.RemoteWebDriver.execute(RemoteWebDriver.java:601)
	at org.openqa.selenium.remote.RemoteWebDriver.execute(RemoteWebDriver.java:658)
	at org.openqa.selenium.remote.RemoteWebDriver$RemoteNavigation.back(RemoteWebDriver.java:904)
	at Peugeot.HomePagePEComposants.CheckClickOnHeaderPeugeotLogo(HomePagePEComposants.java:57)
	at Peugeot.PreProdHomePageComponentsPeugeotSpainTest.GotToHomePageWhenClickingOnThePeugeotLogo(PreProdHomePageComponentsPeugeotSpainTest.java:48)
	at java.util.concurrent.ThreadPoolExecutor.runWorker(ThreadPoolExecutor.java:1149)
	at java.util.concurrent.ThreadPoolExecutor$Worker.run(ThreadPoolExecutor.java:624)
	at java.lang.Thread.run(Thread.java:748)
... Removed 14 stack frames</pre></div><a href='#' onClick='toggleBox("stack-trace577839315", this, "Click to show all stack frames", "Click to hide stack frames")'>Click to show all stack frames</a>
<div class='stack-trace' id='stack-trace577839315'><pre>org.openqa.selenium.TimeoutException: timeout
  (Session info: chrome=73.0.3683.103)
  (Driver info: chromedriver=73.0.3683.68 (47787ec04b6e38e22703e856e101e840b65afe72),platform=Windows NT 10.0.14393 x86_64) (WARNING: The server did not provide any stacktrace information)
Command duration or timeout: 0 milliseconds
Build info: version: &apos;3.9.1&apos;, revision: &apos;63f7b50&apos;, time: &apos;2018-02-07T22:42:28.403Z&apos;
System info: host: &apos;B1009809&apos;, ip: &apos;172.16.167.80&apos;, os.name: &apos;Windows 10&apos;, os.arch: &apos;amd64&apos;, os.version: &apos;10.0&apos;, java.version: &apos;1.8.0_181&apos;
Driver info: org.openqa.selenium.chrome.ChromeDriver
Capabilities {acceptInsecureCerts: false, acceptSslCerts: false, applicationCacheEnabled: false, browserConnectionEnabled: false, browserName: chrome, chrome: {chromedriverVersion: 73.0.3683.68 (47787ec04b6e3..., userDataDir: C:\Users\E562418\AppData\Lo...}, cssSelectorsEnabled: true, databaseEnabled: false, goog:chromeOptions: {debuggerAddress: localhost:51916}, handlesAlerts: true, hasTouchScreen: false, javascriptEnabled: true, locationContextEnabled: true, mobileEmulationEnabled: false, nativeEvents: true, networkConnectionEnabled: false, pageLoadStrategy: normal, platform: XP, platformName: XP, proxy: Proxy(), rotatable: false, setWindowRect: true, strictFileInteractability: false, takesHeapSnapshot: true, takesScreenshot: true, timeouts: {implicit: 0, pageLoad: 300000, script: 30000}, unexpectedAlertBehaviour: ignore, unhandledPromptBehavior: ignore, version: 73.0.3683.103, webStorageEnabled: true}
Session ID: 31c723260cd857895776469319156d8d
	at sun.reflect.NativeConstructorAccessorImpl.newInstance0(Native Method)
	at sun.reflect.NativeConstructorAccessorImpl.newInstance(NativeConstructorAccessorImpl.java:62)
	at sun.reflect.DelegatingConstructorAccessorImpl.newInstance(DelegatingConstructorAccessorImpl.java:45)
	at java.lang.reflect.Constructor.newInstance(Constructor.java:423)
	at org.openqa.selenium.remote.ErrorHandler.createThrowable(ErrorHandler.java:214)
	at org.openqa.selenium.remote.ErrorHandler.throwIfResponseFailed(ErrorHandler.java:166)
	at org.openqa.selenium.remote.http.JsonHttpResponseCodec.reconstructValue(JsonHttpResponseCodec.java:40)
	at org.openqa.selenium.remote.http.AbstractHttpResponseCodec.decode(AbstractHttpResponseCodec.java:80)
	at org.openqa.selenium.remote.http.AbstractHttpResponseCodec.decode(AbstractHttpResponseCodec.java:44)
	at org.openqa.selenium.remote.HttpCommandExecutor.execute(HttpCommandExecutor.java:160)
	at org.openqa.selenium.remote.service.DriverCommandExecutor.execute(DriverCommandExecutor.java:83)
	at org.openqa.selenium.remote.RemoteWebDriver.execute(RemoteWebDriver.java:601)
	at org.openqa.selenium.remote.RemoteWebDriver.execute(RemoteWebDriver.java:658)
	at org.openqa.selenium.remote.RemoteWebDriver$RemoteNavigation.back(RemoteWebDriver.java:904)
	at Peugeot.HomePagePEComposants.CheckClickOnHeaderPeugeotLogo(HomePagePEComposants.java:57)
	at Peugeot.PreProdHomePageComponentsPeugeotSpainTest.GotToHomePageWhenClickingOnThePeugeotLogo(PreProdHomePageComponentsPeugeotSpainTest.java:48)
	at sun.reflect.NativeMethodAccessorImpl.invoke0(Native Method)
	at sun.reflect.NativeMethodAccessorImpl.invoke(NativeMethodAccessorImpl.java:62)
	at sun.reflect.DelegatingMethodAccessorImpl.invoke(DelegatingMethodAccessorImpl.java:43)
	at java.lang.reflect.Method.invoke(Method.java:498)
	at org.testng.internal.MethodInvocationHelper.invokeMethod(MethodInvocationHelper.java:124)
	at org.testng.internal.Invoker.invokeMethod(Invoker.java:580)
	at org.testng.internal.Invoker.invokeTestMethod(Invoker.java:716)
	at org.testng.internal.Invoker.invokeTestMethods(Invoker.java:988)
	at org.testng.internal.TestMethodWorker.invokeTestMethods(TestMethodWorker.java:125)
	at org.testng.internal.TestMethodWorker.run(TestMethodWorker.java:109)
	at java.util.concurrent.ThreadPoolExecutor.runWorker(ThreadPoolExecutor.java:1149)
	at java.util.concurrent.ThreadPoolExecutor$Worker.run(ThreadPoolExecutor.java:624)
	at java.lang.Thread.run(Thread.java:748)
</pre></div></td>
<td>39</td>
<td>Peugeot.PreProdHomePageComponentsPeugeotSpainTest@2eda0940</td></tr>
<tr>
<td title='Peugeot.PreProdHomePageComponentsPeugeotSpainTest.GotYoutubePageWhenClickingTheyoutubeIcone()'><b>GotYoutubePageWhenClickingTheyoutubeIcone</b><br>Test class: Peugeot.PreProdHomePageComponentsPeugeotSpainTest</td>
<td><div><pre>java.lang.AssertionError
	at Peugeot.PreProdHomePageComponentsPeugeotSpainTest.GotYoutubePageWhenClickingTheyoutubeIcone(PreProdHomePageComponentsPeugeotSpainTest.java:83)
	at java.util.concurrent.ThreadPoolExecutor.runWorker(ThreadPoolExecutor.java:1149)
	at java.util.concurrent.ThreadPoolExecutor$Worker.run(ThreadPoolExecutor.java:624)
	at java.lang.Thread.run(Thread.java:748)
... Removed 10 stack frames</pre></div><a href='#' onClick='toggleBox("stack-trace2115745566", this, "Click to show all stack frames", "Click to hide stack frames")'>Click to show all stack frames</a>
<div class='stack-trace' id='stack-trace2115745566'><pre>java.lang.AssertionError
	at Peugeot.PreProdHomePageComponentsPeugeotSpainTest.GotYoutubePageWhenClickingTheyoutubeIcone(PreProdHomePageComponentsPeugeotSpainTest.java:83)
	at sun.reflect.NativeMethodAccessorImpl.invoke0(Native Method)
	at sun.reflect.NativeMethodAccessorImpl.invoke(NativeMethodAccessorImpl.java:62)
	at sun.reflect.DelegatingMethodAccessorImpl.invoke(DelegatingMethodAccessorImpl.java:43)
	at java.lang.reflect.Method.invoke(Method.java:498)
	at org.testng.internal.MethodInvocationHelper.invokeMethod(MethodInvocationHelper.java:124)
	at org.testng.internal.Invoker.invokeMethod(Invoker.java:580)
	at org.testng.internal.Invoker.invokeTestMethod(Invoker.java:716)
	at org.testng.internal.Invoker.invokeTestMethods(Invoker.java:988)
	at org.testng.internal.TestMethodWorker.invokeTestMethods(TestMethodWorker.java:125)
	at org.testng.internal.TestMethodWorker.run(TestMethodWorker.java:109)
	at java.util.concurrent.ThreadPoolExecutor.runWorker(ThreadPoolExecutor.java:1149)
	at java.util.concurrent.ThreadPoolExecutor$Worker.run(ThreadPoolExecutor.java:624)
	at java.lang.Thread.run(Thread.java:748)
</pre></div></td>
<td>3</td>
<td>Peugeot.PreProdHomePageComponentsPeugeotSpainTest@2eda0940</td></tr>
<tr>
<td title='Peugeot.PreProdHomePageComponentsPeugeotFranceTest.TheMySaveTextIsDisplayed()'><b>TheMySaveTextIsDisplayed</b><br>Test class: Peugeot.PreProdHomePageComponentsPeugeotFranceTest</td>
<td><div><pre>org.openqa.selenium.NoSuchElementException: no such element: Unable to locate element: {&quot;method&quot;:&quot;xpath&quot;,&quot;selector&quot;:&quot;//span[contains(text(),&apos;MES SAUVEGARDES&apos;)]&quot;}
  (Session info: chrome=73.0.3683.103)
  (Driver info: chromedriver=73.0.3683.68 (47787ec04b6e38e22703e856e101e840b65afe72),platform=Windows NT 10.0.14393 x86_64) (WARNING: The server did not provide any stacktrace information)
Command duration or timeout: 0 milliseconds
For documentation on this error, please visit: http://seleniumhq.org/exceptions/no_such_element.html
Build info: version: &apos;3.9.1&apos;, revision: &apos;63f7b50&apos;, time: &apos;2018-02-07T22:42:28.403Z&apos;
System info: host: &apos;B1009809&apos;, ip: &apos;172.16.167.80&apos;, os.name: &apos;Windows 10&apos;, os.arch: &apos;amd64&apos;, os.version: &apos;10.0&apos;, java.version: &apos;1.8.0_181&apos;
Driver info: org.openqa.selenium.chrome.ChromeDriver
Capabilities {acceptInsecureCerts: false, acceptSslCerts: false, applicationCacheEnabled: false, browserConnectionEnabled: false, browserName: chrome, chrome: {chromedriverVersion: 73.0.3683.68 (47787ec04b6e3..., userDataDir: C:\Users\E562418\AppData\Lo...}, cssSelectorsEnabled: true, databaseEnabled: false, goog:chromeOptions: {debuggerAddress: localhost:51507}, handlesAlerts: true, hasTouchScreen: false, javascriptEnabled: true, locationContextEnabled: true, mobileEmulationEnabled: false, nativeEvents: true, networkConnectionEnabled: false, pageLoadStrategy: normal, platform: XP, platformName: XP, proxy: Proxy(), rotatable: false, setWindowRect: true, strictFileInteractability: false, takesHeapSnapshot: true, takesScreenshot: true, timeouts: {implicit: 0, pageLoad: 300000, script: 30000}, unexpectedAlertBehaviour: ignore, unhandledPromptBehavior: ignore, version: 73.0.3683.103, webStorageEnabled: true}
Session ID: 9aab71aab5814ecaddc4f29ced8219a1
*** Element info: {Using=xpath, value=//span[contains(text(),&apos;MES SAUVEGARDES&apos;)]}
	at org.openqa.selenium.remote.ErrorHandler.createThrowable(ErrorHandler.java:214)
	at org.openqa.selenium.remote.ErrorHandler.throwIfResponseFailed(ErrorHandler.java:166)
	at org.openqa.selenium.remote.http.JsonHttpResponseCodec.reconstructValue(JsonHttpResponseCodec.java:40)
	at org.openqa.selenium.remote.http.AbstractHttpResponseCodec.decode(AbstractHttpResponseCodec.java:80)
	at org.openqa.selenium.remote.http.AbstractHttpResponseCodec.decode(AbstractHttpResponseCodec.java:44)
	at org.openqa.selenium.remote.HttpCommandExecutor.execute(HttpCommandExecutor.java:160)
	at org.openqa.selenium.remote.service.DriverCommandExecutor.execute(DriverCommandExecutor.java:83)
	at org.openqa.selenium.remote.RemoteWebDriver.execute(RemoteWebDriver.java:601)
	at org.openqa.selenium.remote.RemoteWebDriver.findElement(RemoteWebDriver.java:371)
	at org.openqa.selenium.remote.RemoteWebDriver.findElementByXPath(RemoteWebDriver.java:473)
	at org.openqa.selenium.By$ByXPath.findElement(By.java:361)
	at org.openqa.selenium.remote.RemoteWebDriver.findElement(RemoteWebDriver.java:363)
	at Peugeot.HomePagePEComposants.CheckTextMysavePresent(HomePagePEComposants.java:34)
	at Peugeot.PreProdHomePageComponentsPeugeotFranceTest.TheMySaveTextIsDisplayed(PreProdHomePageComponentsPeugeotFranceTest.java:48)
	at java.util.concurrent.ThreadPoolExecutor.runWorker(ThreadPoolExecutor.java:1149)
	at java.util.concurrent.ThreadPoolExecutor$Worker.run(ThreadPoolExecutor.java:624)
	at java.lang.Thread.run(Thread.java:748)
... Removed 14 stack frames</pre></div><a href='#' onClick='toggleBox("stack-trace27970687", this, "Click to show all stack frames", "Click to hide stack frames")'>Click to show all stack frames</a>
<div class='stack-trace' id='stack-trace27970687'><pre>org.openqa.selenium.NoSuchElementException: no such element: Unable to locate element: {&quot;method&quot;:&quot;xpath&quot;,&quot;selector&quot;:&quot;//span[contains(text(),&apos;MES SAUVEGARDES&apos;)]&quot;}
  (Session info: chrome=73.0.3683.103)
  (Driver info: chromedriver=73.0.3683.68 (47787ec04b6e38e22703e856e101e840b65afe72),platform=Windows NT 10.0.14393 x86_64) (WARNING: The server did not provide any stacktrace information)
Command duration or timeout: 0 milliseconds
For documentation on this error, please visit: http://seleniumhq.org/exceptions/no_such_element.html
Build info: version: &apos;3.9.1&apos;, revision: &apos;63f7b50&apos;, time: &apos;2018-02-07T22:42:28.403Z&apos;
System info: host: &apos;B1009809&apos;, ip: &apos;172.16.167.80&apos;, os.name: &apos;Windows 10&apos;, os.arch: &apos;amd64&apos;, os.version: &apos;10.0&apos;, java.version: &apos;1.8.0_181&apos;
Driver info: org.openqa.selenium.chrome.ChromeDriver
Capabilities {acceptInsecureCerts: false, acceptSslCerts: false, applicationCacheEnabled: false, browserConnectionEnabled: false, browserName: chrome, chrome: {chromedriverVersion: 73.0.3683.68 (47787ec04b6e3..., userDataDir: C:\Users\E562418\AppData\Lo...}, cssSelectorsEnabled: true, databaseEnabled: false, goog:chromeOptions: {debuggerAddress: localhost:51507}, handlesAlerts: true, hasTouchScreen: false, javascriptEnabled: true, locationContextEnabled: true, mobileEmulationEnabled: false, nativeEvents: true, networkConnectionEnabled: false, pageLoadStrategy: normal, platform: XP, platformName: XP, proxy: Proxy(), rotatable: false, setWindowRect: true, strictFileInteractability: false, takesHeapSnapshot: true, takesScreenshot: true, timeouts: {implicit: 0, pageLoad: 300000, script: 30000}, unexpectedAlertBehaviour: ignore, unhandledPromptBehavior: ignore, version: 73.0.3683.103, webStorageEnabled: true}
Session ID: 9aab71aab5814ecaddc4f29ced8219a1
*** Element info: {Using=xpath, value=//span[contains(text(),&apos;MES SAUVEGARDES&apos;)]}
	at sun.reflect.NativeConstructorAccessorImpl.newInstance0(Native Method)
	at sun.reflect.NativeConstructorAccessorImpl.newInstance(NativeConstructorAccessorImpl.java:62)
	at sun.reflect.DelegatingConstructorAccessorImpl.newInstance(DelegatingConstructorAccessorImpl.java:45)
	at java.lang.reflect.Constructor.newInstance(Constructor.java:423)
	at org.openqa.selenium.remote.ErrorHandler.createThrowable(ErrorHandler.java:214)
	at org.openqa.selenium.remote.ErrorHandler.throwIfResponseFailed(ErrorHandler.java:166)
	at org.openqa.selenium.remote.http.JsonHttpResponseCodec.reconstructValue(JsonHttpResponseCodec.java:40)
	at org.openqa.selenium.remote.http.AbstractHttpResponseCodec.decode(AbstractHttpResponseCodec.java:80)
	at org.openqa.selenium.remote.http.AbstractHttpResponseCodec.decode(AbstractHttpResponseCodec.java:44)
	at org.openqa.selenium.remote.HttpCommandExecutor.execute(HttpCommandExecutor.java:160)
	at org.openqa.selenium.remote.service.DriverCommandExecutor.execute(DriverCommandExecutor.java:83)
	at org.openqa.selenium.remote.RemoteWebDriver.execute(RemoteWebDriver.java:601)
	at org.openqa.selenium.remote.RemoteWebDriver.findElement(RemoteWebDriver.java:371)
	at org.openqa.selenium.remote.RemoteWebDriver.findElementByXPath(RemoteWebDriver.java:473)
	at org.openqa.selenium.By$ByXPath.findElement(By.java:361)
	at org.openqa.selenium.remote.RemoteWebDriver.findElement(RemoteWebDriver.java:363)
	at Peugeot.HomePagePEComposants.CheckTextMysavePresent(HomePagePEComposants.java:34)
	at Peugeot.PreProdHomePageComponentsPeugeotFranceTest.TheMySaveTextIsDisplayed(PreProdHomePageComponentsPeugeotFranceTest.java:48)
	at sun.reflect.NativeMethodAccessorImpl.invoke0(Native Method)
	at sun.reflect.NativeMethodAccessorImpl.invoke(NativeMethodAccessorImpl.java:62)
	at sun.reflect.DelegatingMethodAccessorImpl.invoke(DelegatingMethodAccessorImpl.java:43)
	at java.lang.reflect.Method.invoke(Method.java:498)
	at org.testng.internal.MethodInvocationHelper.invokeMethod(MethodInvocationHelper.java:124)
	at org.testng.internal.Invoker.invokeMethod(Invoker.java:580)
	at org.testng.internal.Invoker.invokeTestMethod(Invoker.java:716)
	at org.testng.internal.Invoker.invokeTestMethods(Invoker.java:988)
	at org.testng.internal.TestMethodWorker.invokeTestMethods(TestMethodWorker.java:125)
	at org.testng.internal.TestMethodWorker.run(TestMethodWorker.java:109)
	at java.util.concurrent.ThreadPoolExecutor.runWorker(ThreadPoolExecutor.java:1149)
	at java.util.concurrent.ThreadPoolExecutor$Worker.run(ThreadPoolExecutor.java:624)
	at java.lang.Thread.run(Thread.java:748)
</pre></div></td>
<td>0</td>
<td>Peugeot.PreProdHomePageComponentsPeugeotFranceTest@43a0cee9</td></tr>
<tr>
<td title='Peugeot.PreProdHomePageComponentsPeugeotBelgiumNLTest.TheTextUnderThePageTitleIsCorrect()'><b>TheTextUnderThePageTitleIsCorrect</b><br>Test class: Peugeot.PreProdHomePageComponentsPeugeotBelgiumNLTest</td>
<td><div><pre>java.lang.AssertionError
	at Peugeot.PreProdHomePageComponentsPeugeotBelgiumNLTest.TheTextUnderThePageTitleIsCorrect(PreProdHomePageComponentsPeugeotBelgiumNLTest.java:40)
	at java.util.concurrent.ThreadPoolExecutor.runWorker(ThreadPoolExecutor.java:1149)
	at java.util.concurrent.ThreadPoolExecutor$Worker.run(ThreadPoolExecutor.java:624)
	at java.lang.Thread.run(Thread.java:748)
... Removed 10 stack frames</pre></div><a href='#' onClick='toggleBox("stack-trace1093221478", this, "Click to show all stack frames", "Click to hide stack frames")'>Click to show all stack frames</a>
<div class='stack-trace' id='stack-trace1093221478'><pre>java.lang.AssertionError
	at Peugeot.PreProdHomePageComponentsPeugeotBelgiumNLTest.TheTextUnderThePageTitleIsCorrect(PreProdHomePageComponentsPeugeotBelgiumNLTest.java:40)
	at sun.reflect.NativeMethodAccessorImpl.invoke0(Native Method)
	at sun.reflect.NativeMethodAccessorImpl.invoke(NativeMethodAccessorImpl.java:62)
	at sun.reflect.DelegatingMethodAccessorImpl.invoke(DelegatingMethodAccessorImpl.java:43)
	at java.lang.reflect.Method.invoke(Method.java:498)
	at org.testng.internal.MethodInvocationHelper.invokeMethod(MethodInvocationHelper.java:124)
	at org.testng.internal.Invoker.invokeMethod(Invoker.java:580)
	at org.testng.internal.Invoker.invokeTestMethod(Invoker.java:716)
	at org.testng.internal.Invoker.invokeTestMethods(Invoker.java:988)
	at org.testng.internal.TestMethodWorker.invokeTestMethods(TestMethodWorker.java:125)
	at org.testng.internal.TestMethodWorker.run(TestMethodWorker.java:109)
	at java.util.concurrent.ThreadPoolExecutor.runWorker(ThreadPoolExecutor.java:1149)
	at java.util.concurrent.ThreadPoolExecutor$Worker.run(ThreadPoolExecutor.java:624)
	at java.lang.Thread.run(Thread.java:748)
</pre></div></td>
<td>0</td>
<td>Peugeot.PreProdHomePageComponentsPeugeotBelgiumNLTest@706a04ae</td></tr>
<tr>
<td title='Peugeot.PreProdHomePageComponentsPeugeotFranceTest.TheTextUnderThePageTitleIsCorrect()'><b>TheTextUnderThePageTitleIsCorrect</b><br>Test class: Peugeot.PreProdHomePageComponentsPeugeotFranceTest</td>
<td><div><pre>java.lang.AssertionError
	at Peugeot.PreProdHomePageComponentsPeugeotFranceTest.TheTextUnderThePageTitleIsCorrect(PreProdHomePageComponentsPeugeotFranceTest.java:66)
	at java.util.concurrent.ThreadPoolExecutor.runWorker(ThreadPoolExecutor.java:1149)
	at java.util.concurrent.ThreadPoolExecutor$Worker.run(ThreadPoolExecutor.java:624)
	at java.lang.Thread.run(Thread.java:748)
... Removed 10 stack frames</pre></div><a href='#' onClick='toggleBox("stack-trace642456673", this, "Click to show all stack frames", "Click to hide stack frames")'>Click to show all stack frames</a>
<div class='stack-trace' id='stack-trace642456673'><pre>java.lang.AssertionError
	at Peugeot.PreProdHomePageComponentsPeugeotFranceTest.TheTextUnderThePageTitleIsCorrect(PreProdHomePageComponentsPeugeotFranceTest.java:66)
	at sun.reflect.NativeMethodAccessorImpl.invoke0(Native Method)
	at sun.reflect.NativeMethodAccessorImpl.invoke(NativeMethodAccessorImpl.java:62)
	at sun.reflect.DelegatingMethodAccessorImpl.invoke(DelegatingMethodAccessorImpl.java:43)
	at java.lang.reflect.Method.invoke(Method.java:498)
	at org.testng.internal.MethodInvocationHelper.invokeMethod(MethodInvocationHelper.java:124)
	at org.testng.internal.Invoker.invokeMethod(Invoker.java:580)
	at org.testng.internal.Invoker.invokeTestMethod(Invoker.java:716)
	at org.testng.internal.Invoker.invokeTestMethods(Invoker.java:988)
	at org.testng.internal.TestMethodWorker.invokeTestMethods(TestMethodWorker.java:125)
	at org.testng.internal.TestMethodWorker.run(TestMethodWorker.java:109)
	at java.util.concurrent.ThreadPoolExecutor.runWorker(ThreadPoolExecutor.java:1149)
	at java.util.concurrent.ThreadPoolExecutor$Worker.run(ThreadPoolExecutor.java:624)
	at java.lang.Thread.run(Thread.java:748)
</pre></div></td>
<td>0</td>
<td>Peugeot.PreProdHomePageComponentsPeugeotFranceTest@43a0cee9</td></tr>
<tr>
<td title='Peugeot.PreProdHomePageComponentsPeugeotSpainTest.TheUserGeneralConditionsTextIsPresent()'><b>TheUserGeneralConditionsTextIsPresent</b><br>Test class: Peugeot.PreProdHomePageComponentsPeugeotSpainTest</td>
<td><div><pre>org.openqa.selenium.NoSuchElementException: no such element: Unable to locate element: {&quot;method&quot;:&quot;xpath&quot;,&quot;selector&quot;:&quot;//a[contains(text(),&apos;Condiciones generales de uso.&apos;)]&quot;}
  (Session info: chrome=73.0.3683.103)
  (Driver info: chromedriver=73.0.3683.68 (47787ec04b6e38e22703e856e101e840b65afe72),platform=Windows NT 10.0.14393 x86_64) (WARNING: The server did not provide any stacktrace information)
Command duration or timeout: 0 milliseconds
For documentation on this error, please visit: http://seleniumhq.org/exceptions/no_such_element.html
Build info: version: &apos;3.9.1&apos;, revision: &apos;63f7b50&apos;, time: &apos;2018-02-07T22:42:28.403Z&apos;
System info: host: &apos;B1009809&apos;, ip: &apos;172.16.167.80&apos;, os.name: &apos;Windows 10&apos;, os.arch: &apos;amd64&apos;, os.version: &apos;10.0&apos;, java.version: &apos;1.8.0_181&apos;
Driver info: org.openqa.selenium.chrome.ChromeDriver
Capabilities {acceptInsecureCerts: false, acceptSslCerts: false, applicationCacheEnabled: false, browserConnectionEnabled: false, browserName: chrome, chrome: {chromedriverVersion: 73.0.3683.68 (47787ec04b6e3..., userDataDir: C:\Users\E562418\AppData\Lo...}, cssSelectorsEnabled: true, databaseEnabled: false, goog:chromeOptions: {debuggerAddress: localhost:51916}, handlesAlerts: true, hasTouchScreen: false, javascriptEnabled: true, locationContextEnabled: true, mobileEmulationEnabled: false, nativeEvents: true, networkConnectionEnabled: false, pageLoadStrategy: normal, platform: XP, platformName: XP, proxy: Proxy(), rotatable: false, setWindowRect: true, strictFileInteractability: false, takesHeapSnapshot: true, takesScreenshot: true, timeouts: {implicit: 0, pageLoad: 300000, script: 30000}, unexpectedAlertBehaviour: ignore, unhandledPromptBehavior: ignore, version: 73.0.3683.103, webStorageEnabled: true}
Session ID: 31c723260cd857895776469319156d8d
*** Element info: {Using=xpath, value=//a[contains(text(),&apos;Condiciones generales de uso.&apos;)]}
	at org.openqa.selenium.remote.ErrorHandler.createThrowable(ErrorHandler.java:214)
	at org.openqa.selenium.remote.ErrorHandler.throwIfResponseFailed(ErrorHandler.java:166)
	at org.openqa.selenium.remote.http.JsonHttpResponseCodec.reconstructValue(JsonHttpResponseCodec.java:40)
	at org.openqa.selenium.remote.http.AbstractHttpResponseCodec.decode(AbstractHttpResponseCodec.java:80)
	at org.openqa.selenium.remote.http.AbstractHttpResponseCodec.decode(AbstractHttpResponseCodec.java:44)
	at org.openqa.selenium.remote.HttpCommandExecutor.execute(HttpCommandExecutor.java:160)
	at org.openqa.selenium.remote.service.DriverCommandExecutor.execute(DriverCommandExecutor.java:83)
	at org.openqa.selenium.remote.RemoteWebDriver.execute(RemoteWebDriver.java:601)
	at org.openqa.selenium.remote.RemoteWebDriver.findElement(RemoteWebDriver.java:371)
	at org.openqa.selenium.remote.RemoteWebDriver.findElementByXPath(RemoteWebDriver.java:473)
	at org.openqa.selenium.By$ByXPath.findElement(By.java:361)
	at org.openqa.selenium.remote.RemoteWebDriver.findElement(RemoteWebDriver.java:363)
	at Peugeot.HomePagePEComposants.CheckTheUserGeneralConditionsTextPresence(HomePagePEComposants.java:123)
	at Peugeot.PreProdHomePageComponentsPeugeotSpainTest.TheUserGeneralConditionsTextIsPresent(PreProdHomePageComponentsPeugeotSpainTest.java:90)
	at java.util.concurrent.ThreadPoolExecutor.runWorker(ThreadPoolExecutor.java:1149)
	at java.util.concurrent.ThreadPoolExecutor$Worker.run(ThreadPoolExecutor.java:624)
	at java.lang.Thread.run(Thread.java:748)
... Removed 14 stack frames</pre></div><a href='#' onClick='toggleBox("stack-trace2035455603", this, "Click to show all stack frames", "Click to hide stack frames")'>Click to show all stack frames</a>
<div class='stack-trace' id='stack-trace2035455603'><pre>org.openqa.selenium.NoSuchElementException: no such element: Unable to locate element: {&quot;method&quot;:&quot;xpath&quot;,&quot;selector&quot;:&quot;//a[contains(text(),&apos;Condiciones generales de uso.&apos;)]&quot;}
  (Session info: chrome=73.0.3683.103)
  (Driver info: chromedriver=73.0.3683.68 (47787ec04b6e38e22703e856e101e840b65afe72),platform=Windows NT 10.0.14393 x86_64) (WARNING: The server did not provide any stacktrace information)
Command duration or timeout: 0 milliseconds
For documentation on this error, please visit: http://seleniumhq.org/exceptions/no_such_element.html
Build info: version: &apos;3.9.1&apos;, revision: &apos;63f7b50&apos;, time: &apos;2018-02-07T22:42:28.403Z&apos;
System info: host: &apos;B1009809&apos;, ip: &apos;172.16.167.80&apos;, os.name: &apos;Windows 10&apos;, os.arch: &apos;amd64&apos;, os.version: &apos;10.0&apos;, java.version: &apos;1.8.0_181&apos;
Driver info: org.openqa.selenium.chrome.ChromeDriver
Capabilities {acceptInsecureCerts: false, acceptSslCerts: false, applicationCacheEnabled: false, browserConnectionEnabled: false, browserName: chrome, chrome: {chromedriverVersion: 73.0.3683.68 (47787ec04b6e3..., userDataDir: C:\Users\E562418\AppData\Lo...}, cssSelectorsEnabled: true, databaseEnabled: false, goog:chromeOptions: {debuggerAddress: localhost:51916}, handlesAlerts: true, hasTouchScreen: false, javascriptEnabled: true, locationContextEnabled: true, mobileEmulationEnabled: false, nativeEvents: true, networkConnectionEnabled: false, pageLoadStrategy: normal, platform: XP, platformName: XP, proxy: Proxy(), rotatable: false, setWindowRect: true, strictFileInteractability: false, takesHeapSnapshot: true, takesScreenshot: true, timeouts: {implicit: 0, pageLoad: 300000, script: 30000}, unexpectedAlertBehaviour: ignore, unhandledPromptBehavior: ignore, version: 73.0.3683.103, webStorageEnabled: true}
Session ID: 31c723260cd857895776469319156d8d
*** Element info: {Using=xpath, value=//a[contains(text(),&apos;Condiciones generales de uso.&apos;)]}
	at sun.reflect.NativeConstructorAccessorImpl.newInstance0(Native Method)
	at sun.reflect.NativeConstructorAccessorImpl.newInstance(NativeConstructorAccessorImpl.java:62)
	at sun.reflect.DelegatingConstructorAccessorImpl.newInstance(DelegatingConstructorAccessorImpl.java:45)
	at java.lang.reflect.Constructor.newInstance(Constructor.java:423)
	at org.openqa.selenium.remote.ErrorHandler.createThrowable(ErrorHandler.java:214)
	at org.openqa.selenium.remote.ErrorHandler.throwIfResponseFailed(ErrorHandler.java:166)
	at org.openqa.selenium.remote.http.JsonHttpResponseCodec.reconstructValue(JsonHttpResponseCodec.java:40)
	at org.openqa.selenium.remote.http.AbstractHttpResponseCodec.decode(AbstractHttpResponseCodec.java:80)
	at org.openqa.selenium.remote.http.AbstractHttpResponseCodec.decode(AbstractHttpResponseCodec.java:44)
	at org.openqa.selenium.remote.HttpCommandExecutor.execute(HttpCommandExecutor.java:160)
	at org.openqa.selenium.remote.service.DriverCommandExecutor.execute(DriverCommandExecutor.java:83)
	at org.openqa.selenium.remote.RemoteWebDriver.execute(RemoteWebDriver.java:601)
	at org.openqa.selenium.remote.RemoteWebDriver.findElement(RemoteWebDriver.java:371)
	at org.openqa.selenium.remote.RemoteWebDriver.findElementByXPath(RemoteWebDriver.java:473)
	at org.openqa.selenium.By$ByXPath.findElement(By.java:361)
	at org.openqa.selenium.remote.RemoteWebDriver.findElement(RemoteWebDriver.java:363)
	at Peugeot.HomePagePEComposants.CheckTheUserGeneralConditionsTextPresence(HomePagePEComposants.java:123)
	at Peugeot.PreProdHomePageComponentsPeugeotSpainTest.TheUserGeneralConditionsTextIsPresent(PreProdHomePageComponentsPeugeotSpainTest.java:90)
	at sun.reflect.NativeMethodAccessorImpl.invoke0(Native Method)
	at sun.reflect.NativeMethodAccessorImpl.invoke(NativeMethodAccessorImpl.java:62)
	at sun.reflect.DelegatingMethodAccessorImpl.invoke(DelegatingMethodAccessorImpl.java:43)
	at java.lang.reflect.Method.invoke(Method.java:498)
	at org.testng.internal.MethodInvocationHelper.invokeMethod(MethodInvocationHelper.java:124)
	at org.testng.internal.Invoker.invokeMethod(Invoker.java:580)
	at org.testng.internal.Invoker.invokeTestMethod(Invoker.java:716)
	at org.testng.internal.Invoker.invokeTestMethods(Invoker.java:988)
	at org.testng.internal.TestMethodWorker.invokeTestMethods(TestMethodWorker.java:125)
	at org.testng.internal.TestMethodWorker.run(TestMethodWorker.java:109)
	at java.util.concurrent.ThreadPoolExecutor.runWorker(ThreadPoolExecutor.java:1149)
	at java.util.concurrent.ThreadPoolExecutor$Worker.run(ThreadPoolExecutor.java:624)
	at java.lang.Thread.run(Thread.java:748)
</pre></div></td>
<td>0</td>
<td>Peugeot.PreProdHomePageComponentsPeugeotSpainTest@2eda0940</td></tr>
</table><p>
<table width='100%' border='1' class='invocation-passed'>
<tr><td colspan='4' align='center'><b>PASSED TESTS</b></td></tr>
<tr><td><b>Test method</b></td>
<td width="30%"><b>Exception</b></td>
<td width="10%"><b>Time (seconds)</b></td>
<td><b>Instance</b></td>
</tr>
<tr>
<td title='Peugeot.PreProdHomePageComponentsPeugeotFranceTest.GotAPopupWhenClickingOnNeedHelpBotton()'><b>GotAPopupWhenClickingOnNeedHelpBotton</b><br>Test class: Peugeot.PreProdHomePageComponentsPeugeotFranceTest</td>
<td></td>
<td>3</td>
<td>Peugeot.PreProdHomePageComponentsPeugeotFranceTest@43a0cee9</td></tr>
<tr>
<td title='Peugeot.PreProdHomePageComponentsPeugeotFranceTest.GotFacebookPageWhenClickingTheFacebookIcone()'><b>GotFacebookPageWhenClickingTheFacebookIcone</b><br>Test class: Peugeot.PreProdHomePageComponentsPeugeotFranceTest</td>
<td></td>
<td>3</td>
<td>Peugeot.PreProdHomePageComponentsPeugeotFranceTest@43a0cee9</td></tr>
<tr>
<td title='Peugeot.PreProdHomePageComponentsPeugeotItalyTest.GotFacebookPageWhenClickingTheFacebookIcone()'><b>GotFacebookPageWhenClickingTheFacebookIcone</b><br>Test class: Peugeot.PreProdHomePageComponentsPeugeotItalyTest</td>
<td></td>
<td>3</td>
<td>Peugeot.PreProdHomePageComponentsPeugeotItalyTest@eb21112</td></tr>
<tr>
<td title='Peugeot.PreProdHomePageComponentsPeugeotSpainTest.GotFacebookPageWhenClickingTheFacebookIcone()'><b>GotFacebookPageWhenClickingTheFacebookIcone</b><br>Test class: Peugeot.PreProdHomePageComponentsPeugeotSpainTest</td>
<td></td>
<td>3</td>
<td>Peugeot.PreProdHomePageComponentsPeugeotSpainTest@2eda0940</td></tr>
<tr>
<td title='Peugeot.PreProdHomePageComponentsPeugeotBelgiumFRTest.GotFacebookPageWhenClickingTheFacebookIcone()'><b>GotFacebookPageWhenClickingTheFacebookIcone</b><br>Test class: Peugeot.PreProdHomePageComponentsPeugeotBelgiumFRTest</td>
<td></td>
<td>3</td>
<td>Peugeot.PreProdHomePageComponentsPeugeotBelgiumFRTest@3578436e</td></tr>
<tr>
<td title='Peugeot.PreProdHomePageComponentsPeugeotFranceTest.GotTheCookiesPopUp()'><b>GotTheCookiesPopUp</b><br>Test class: Peugeot.PreProdHomePageComponentsPeugeotFranceTest</td>
<td></td>
<td>4</td>
<td>Peugeot.PreProdHomePageComponentsPeugeotFranceTest@43a0cee9</td></tr>
<tr>
<td title='Peugeot.PreProdHomePageComponentsPeugeotItalyTest.GotTheCookiesPopUp()'><b>GotTheCookiesPopUp</b><br>Test class: Peugeot.PreProdHomePageComponentsPeugeotItalyTest</td>
<td></td>
<td>3</td>
<td>Peugeot.PreProdHomePageComponentsPeugeotItalyTest@eb21112</td></tr>
<tr>
<td title='Peugeot.PreProdHomePageComponentsPeugeotSpainTest.GotTheCookiesPopUp()'><b>GotTheCookiesPopUp</b><br>Test class: Peugeot.PreProdHomePageComponentsPeugeotSpainTest</td>
<td></td>
<td>3</td>
<td>Peugeot.PreProdHomePageComponentsPeugeotSpainTest@2eda0940</td></tr>
<tr>
<td title='Peugeot.PreProdHomePageComponentsPeugeotBelgiumFRTest.GotTheCookiesPopUp()'><b>GotTheCookiesPopUp</b><br>Test class: Peugeot.PreProdHomePageComponentsPeugeotBelgiumFRTest</td>
<td></td>
<td>3</td>
<td>Peugeot.PreProdHomePageComponentsPeugeotBelgiumFRTest@3578436e</td></tr>
<tr>
<td title='Peugeot.PreProdHomePageComponentsPeugeotItalyTest.GotTheGeneralInformationPage()'><b>GotTheGeneralInformationPage</b><br>Test class: Peugeot.PreProdHomePageComponentsPeugeotItalyTest</td>
<td></td>
<td>3</td>
<td>Peugeot.PreProdHomePageComponentsPeugeotItalyTest@eb21112</td></tr>
<tr>
<td title='Peugeot.PreProdHomePageComponentsPeugeotFranceTest.GotTheSellGeneralConditionsPDF()'><b>GotTheSellGeneralConditionsPDF</b><br>Test class: Peugeot.PreProdHomePageComponentsPeugeotFranceTest</td>
<td></td>
<td>3</td>
<td>Peugeot.PreProdHomePageComponentsPeugeotFranceTest@43a0cee9</td></tr>
<tr>
<td title='Peugeot.PreProdHomePageComponentsPeugeotFranceTest.GotTheUserGeneralConditionsPDF()'><b>GotTheUserGeneralConditionsPDF</b><br>Test class: Peugeot.PreProdHomePageComponentsPeugeotFranceTest</td>
<td></td>
<td>3</td>
<td>Peugeot.PreProdHomePageComponentsPeugeotFranceTest@43a0cee9</td></tr>
<tr>
<td title='Peugeot.PreProdHomePageComponentsPeugeotBelgiumNLTest.GotToHomePageWhenClickingOnThePeugeotLogo()'><b>GotToHomePageWhenClickingOnThePeugeotLogo</b><br>Test class: Peugeot.PreProdHomePageComponentsPeugeotBelgiumNLTest</td>
<td></td>
<td>5</td>
<td>Peugeot.PreProdHomePageComponentsPeugeotBelgiumNLTest@706a04ae</td></tr>
<tr>
<td title='Peugeot.PreProdHomePageComponentsPeugeotFranceTest.GotToHomePageWhenClickingOnThePeugeotLogo()'><b>GotToHomePageWhenClickingOnThePeugeotLogo</b><br>Test class: Peugeot.PreProdHomePageComponentsPeugeotFranceTest</td>
<td></td>
<td>4</td>
<td>Peugeot.PreProdHomePageComponentsPeugeotFranceTest@43a0cee9</td></tr>
<tr>
<td title='Peugeot.PreProdHomePageComponentsPeugeotItalyTest.GotToHomePageWhenClickingOnThePeugeotLogo()'><b>GotToHomePageWhenClickingOnThePeugeotLogo</b><br>Test class: Peugeot.PreProdHomePageComponentsPeugeotItalyTest</td>
<td></td>
<td>24</td>
<td>Peugeot.PreProdHomePageComponentsPeugeotItalyTest@eb21112</td></tr>
<tr>
<td title='Peugeot.PreProdHomePageComponentsPeugeotBelgiumFRTest.GotToHomePageWhenClickingOnThePeugeotLogo()'><b>GotToHomePageWhenClickingOnThePeugeotLogo</b><br>Test class: Peugeot.PreProdHomePageComponentsPeugeotBelgiumFRTest</td>
<td></td>
<td>4</td>
<td>Peugeot.PreProdHomePageComponentsPeugeotBelgiumFRTest@3578436e</td></tr>
<tr>
<td title='Peugeot.PreProdHomePageComponentsPeugeotFranceTest.GotTwiterPageWhenClickingTheTwiterIcone()'><b>GotTwiterPageWhenClickingTheTwiterIcone</b><br>Test class: Peugeot.PreProdHomePageComponentsPeugeotFranceTest</td>
<td></td>
<td>4</td>
<td>Peugeot.PreProdHomePageComponentsPeugeotFranceTest@43a0cee9</td></tr>
<tr>
<td title='Peugeot.PreProdHomePageComponentsPeugeotItalyTest.GotTwiterPageWhenClickingTheTwiterIcone()'><b>GotTwiterPageWhenClickingTheTwiterIcone</b><br>Test class: Peugeot.PreProdHomePageComponentsPeugeotItalyTest</td>
<td></td>
<td>4</td>
<td>Peugeot.PreProdHomePageComponentsPeugeotItalyTest@eb21112</td></tr>
<tr>
<td title='Peugeot.PreProdHomePageComponentsPeugeotSpainTest.GotTwiterPageWhenClickingTheTwiterIcone()'><b>GotTwiterPageWhenClickingTheTwiterIcone</b><br>Test class: Peugeot.PreProdHomePageComponentsPeugeotSpainTest</td>
<td></td>
<td>5</td>
<td>Peugeot.PreProdHomePageComponentsPeugeotSpainTest@2eda0940</td></tr>
<tr>
<td title='Peugeot.PreProdHomePageComponentsPeugeotBelgiumNLTest.GotYoutubePageWhenClickingTheyoutubeIcone()'><b>GotYoutubePageWhenClickingTheyoutubeIcone</b><br>Test class: Peugeot.PreProdHomePageComponentsPeugeotBelgiumNLTest</td>
<td></td>
<td>5</td>
<td>Peugeot.PreProdHomePageComponentsPeugeotBelgiumNLTest@706a04ae</td></tr>
<tr>
<td title='Peugeot.PreProdHomePageComponentsPeugeotFranceTest.GotYoutubePageWhenClickingTheyoutubeIcone()'><b>GotYoutubePageWhenClickingTheyoutubeIcone</b><br>Test class: Peugeot.PreProdHomePageComponentsPeugeotFranceTest</td>
<td></td>
<td>4</td>
<td>Peugeot.PreProdHomePageComponentsPeugeotFranceTest@43a0cee9</td></tr>
<tr>
<td title='Peugeot.PreProdHomePageComponentsPeugeotItalyTest.GotYoutubePageWhenClickingTheyoutubeIcone()'><b>GotYoutubePageWhenClickingTheyoutubeIcone</b><br>Test class: Peugeot.PreProdHomePageComponentsPeugeotItalyTest</td>
<td></td>
<td>4</td>
<td>Peugeot.PreProdHomePageComponentsPeugeotItalyTest@eb21112</td></tr>
<tr>
<td title='Peugeot.PreProdHomePageComponentsPeugeotBelgiumFRTest.GotYoutubePageWhenClickingTheyoutubeIcone()'><b>GotYoutubePageWhenClickingTheyoutubeIcone</b><br>Test class: Peugeot.PreProdHomePageComponentsPeugeotBelgiumFRTest</td>
<td></td>
<td>5</td>
<td>Peugeot.PreProdHomePageComponentsPeugeotBelgiumFRTest@3578436e</td></tr>
<tr>
<td title='Peugeot.PreProdHomePageComponentsPeugeotFranceTest.TheCookiesTextIsPresent()'><b>TheCookiesTextIsPresent</b><br>Test class: Peugeot.PreProdHomePageComponentsPeugeotFranceTest</td>
<td></td>
<td>0</td>
<td>Peugeot.PreProdHomePageComponentsPeugeotFranceTest@43a0cee9</td></tr>
<tr>
<td title='Peugeot.PreProdHomePageComponentsPeugeotItalyTest.TheCookiesTextIsPresent()'><b>TheCookiesTextIsPresent</b><br>Test class: Peugeot.PreProdHomePageComponentsPeugeotItalyTest</td>
<td></td>
<td>0</td>
<td>Peugeot.PreProdHomePageComponentsPeugeotItalyTest@eb21112</td></tr>
<tr>
<td title='Peugeot.PreProdHomePageComponentsPeugeotSpainTest.TheCookiesTextIsPresent()'><b>TheCookiesTextIsPresent</b><br>Test class: Peugeot.PreProdHomePageComponentsPeugeotSpainTest</td>
<td></td>
<td>0</td>
<td>Peugeot.PreProdHomePageComponentsPeugeotSpainTest@2eda0940</td></tr>
<tr>
<td title='Peugeot.PreProdHomePageComponentsPeugeotBelgiumFRTest.TheCookiesTextIsPresent()'><b>TheCookiesTextIsPresent</b><br>Test class: Peugeot.PreProdHomePageComponentsPeugeotBelgiumFRTest</td>
<td></td>
<td>0</td>
<td>Peugeot.PreProdHomePageComponentsPeugeotBelgiumFRTest@3578436e</td></tr>
<tr>
<td title='Peugeot.PreProdHomePageComponentsPeugeotFranceTest.TheFacebookIconeIsPresent()'><b>TheFacebookIconeIsPresent</b><br>Test class: Peugeot.PreProdHomePageComponentsPeugeotFranceTest</td>
<td></td>
<td>0</td>
<td>Peugeot.PreProdHomePageComponentsPeugeotFranceTest@43a0cee9</td></tr>
<tr>
<td title='Peugeot.PreProdHomePageComponentsPeugeotItalyTest.TheFacebookIconeIsPresent()'><b>TheFacebookIconeIsPresent</b><br>Test class: Peugeot.PreProdHomePageComponentsPeugeotItalyTest</td>
<td></td>
<td>0</td>
<td>Peugeot.PreProdHomePageComponentsPeugeotItalyTest@eb21112</td></tr>
<tr>
<td title='Peugeot.PreProdHomePageComponentsPeugeotSpainTest.TheFacebookIconeIsPresent()'><b>TheFacebookIconeIsPresent</b><br>Test class: Peugeot.PreProdHomePageComponentsPeugeotSpainTest</td>
<td></td>
<td>0</td>
<td>Peugeot.PreProdHomePageComponentsPeugeotSpainTest@2eda0940</td></tr>
<tr>
<td title='Peugeot.PreProdHomePageComponentsPeugeotBelgiumFRTest.TheFacebookIconeIsPresent()'><b>TheFacebookIconeIsPresent</b><br>Test class: Peugeot.PreProdHomePageComponentsPeugeotBelgiumFRTest</td>
<td></td>
<td>0</td>
<td>Peugeot.PreProdHomePageComponentsPeugeotBelgiumFRTest@3578436e</td></tr>
<tr>
<td title='Peugeot.PreProdHomePageComponentsPeugeotFranceTest.TheMySaveIconIsDisplayed()'><b>TheMySaveIconIsDisplayed</b><br>Test class: Peugeot.PreProdHomePageComponentsPeugeotFranceTest</td>
<td></td>
<td>0</td>
<td>Peugeot.PreProdHomePageComponentsPeugeotFranceTest@43a0cee9</td></tr>
<tr>
<td title='Peugeot.PreProdHomePageComponentsPeugeotFranceTest.TheNeedHelpIconeIsDisplayed()'><b>TheNeedHelpIconeIsDisplayed</b><br>Test class: Peugeot.PreProdHomePageComponentsPeugeotFranceTest</td>
<td></td>
<td>0</td>
<td>Peugeot.PreProdHomePageComponentsPeugeotFranceTest@43a0cee9</td></tr>
<tr>
<td title='Peugeot.PreProdHomePageComponentsPeugeotFranceTest.TheNeedHelpTextIsDisplayed()'><b>TheNeedHelpTextIsDisplayed</b><br>Test class: Peugeot.PreProdHomePageComponentsPeugeotFranceTest</td>
<td></td>
<td>0</td>
<td>Peugeot.PreProdHomePageComponentsPeugeotFranceTest@43a0cee9</td></tr>
<tr>
<td title='Peugeot.PreProdHomePageComponentsPeugeotBelgiumFRTest.ThePageTitleisCorrect()'><b>ThePageTitleisCorrect</b><br>Test class: Peugeot.PreProdHomePageComponentsPeugeotBelgiumFRTest</td>
<td></td>
<td>0</td>
<td>Peugeot.PreProdHomePageComponentsPeugeotBelgiumFRTest@3578436e</td></tr>
<tr>
<td title='Peugeot.PreProdHomePageComponentsPeugeotBelgiumNLTest.ThePageTitleisCorrect()'><b>ThePageTitleisCorrect</b><br>Test class: Peugeot.PreProdHomePageComponentsPeugeotBelgiumNLTest</td>
<td></td>
<td>0</td>
<td>Peugeot.PreProdHomePageComponentsPeugeotBelgiumNLTest@706a04ae</td></tr>
<tr>
<td title='Peugeot.PreProdHomePageComponentsPeugeotFranceTest.ThePeugeotLogoIsDisplayed()'><b>ThePeugeotLogoIsDisplayed</b><br>Test class: Peugeot.PreProdHomePageComponentsPeugeotFranceTest</td>
<td></td>
<td>0</td>
<td>Peugeot.PreProdHomePageComponentsPeugeotFranceTest@43a0cee9</td></tr>
<tr>
<td title='Peugeot.PreProdHomePageComponentsPeugeotItalyTest.ThePeugeotLogoIsDisplayed()'><b>ThePeugeotLogoIsDisplayed</b><br>Test class: Peugeot.PreProdHomePageComponentsPeugeotItalyTest</td>
<td></td>
<td>0</td>
<td>Peugeot.PreProdHomePageComponentsPeugeotItalyTest@eb21112</td></tr>
<tr>
<td title='Peugeot.PreProdHomePageComponentsPeugeotSpainTest.ThePeugeotLogoIsDisplayed()'><b>ThePeugeotLogoIsDisplayed</b><br>Test class: Peugeot.PreProdHomePageComponentsPeugeotSpainTest</td>
<td></td>
<td>0</td>
<td>Peugeot.PreProdHomePageComponentsPeugeotSpainTest@2eda0940</td></tr>
<tr>
<td title='Peugeot.PreProdHomePageComponentsPeugeotBelgiumFRTest.ThePeugeotLogoIsDisplayed()'><b>ThePeugeotLogoIsDisplayed</b><br>Test class: Peugeot.PreProdHomePageComponentsPeugeotBelgiumFRTest</td>
<td></td>
<td>0</td>
<td>Peugeot.PreProdHomePageComponentsPeugeotBelgiumFRTest@3578436e</td></tr>
<tr>
<td title='Peugeot.PreProdHomePageComponentsPeugeotBelgiumNLTest.ThePeugeotLogoIsDisplayed()'><b>ThePeugeotLogoIsDisplayed</b><br>Test class: Peugeot.PreProdHomePageComponentsPeugeotBelgiumNLTest</td>
<td></td>
<td>0</td>
<td>Peugeot.PreProdHomePageComponentsPeugeotBelgiumNLTest@706a04ae</td></tr>
<tr>
<td title='Peugeot.PreProdHomePageComponentsPeugeotFranceTest.TheSellGeneralConditionsTextIsPresent()'><b>TheSellGeneralConditionsTextIsPresent</b><br>Test class: Peugeot.PreProdHomePageComponentsPeugeotFranceTest</td>
<td></td>
<td>0</td>
<td>Peugeot.PreProdHomePageComponentsPeugeotFranceTest@43a0cee9</td></tr>
<tr>
<td title='Peugeot.PreProdHomePageComponentsPeugeotItalyTest.TheTextUnderThePageTitleIsCorrect()'><b>TheTextUnderThePageTitleIsCorrect</b><br>Test class: Peugeot.PreProdHomePageComponentsPeugeotItalyTest</td>
<td></td>
<td>0</td>
<td>Peugeot.PreProdHomePageComponentsPeugeotItalyTest@eb21112</td></tr>
<tr>
<td title='Peugeot.PreProdHomePageComponentsPeugeotSpainTest.TheTextUnderThePageTitleIsCorrect()'><b>TheTextUnderThePageTitleIsCorrect</b><br>Test class: Peugeot.PreProdHomePageComponentsPeugeotSpainTest</td>
<td></td>
<td>0</td>
<td>Peugeot.PreProdHomePageComponentsPeugeotSpainTest@2eda0940</td></tr>
<tr>
<td title='Peugeot.PreProdHomePageComponentsPeugeotBelgiumFRTest.TheTextUnderThePageTitleIsCorrect()'><b>TheTextUnderThePageTitleIsCorrect</b><br>Test class: Peugeot.PreProdHomePageComponentsPeugeotBelgiumFRTest</td>
<td></td>
<td>0</td>
<td>Peugeot.PreProdHomePageComponentsPeugeotBelgiumFRTest@3578436e</td></tr>
<tr>
<td title='Peugeot.PreProdHomePageComponentsPeugeotFranceTest.TheTwiterIconeIsPresent()'><b>TheTwiterIconeIsPresent</b><br>Test class: Peugeot.PreProdHomePageComponentsPeugeotFranceTest</td>
<td></td>
<td>0</td>
<td>Peugeot.PreProdHomePageComponentsPeugeotFranceTest@43a0cee9</td></tr>
<tr>
<td title='Peugeot.PreProdHomePageComponentsPeugeotItalyTest.TheTwiterIconeIsPresent()'><b>TheTwiterIconeIsPresent</b><br>Test class: Peugeot.PreProdHomePageComponentsPeugeotItalyTest</td>
<td></td>
<td>0</td>
<td>Peugeot.PreProdHomePageComponentsPeugeotItalyTest@eb21112</td></tr>
<tr>
<td title='Peugeot.PreProdHomePageComponentsPeugeotSpainTest.TheTwiterIconeIsPresent()'><b>TheTwiterIconeIsPresent</b><br>Test class: Peugeot.PreProdHomePageComponentsPeugeotSpainTest</td>
<td></td>
<td>0</td>
<td>Peugeot.PreProdHomePageComponentsPeugeotSpainTest@2eda0940</td></tr>
<tr>
<td title='Peugeot.PreProdHomePageComponentsPeugeotBelgiumNLTest.TheUserGeneralConditionsTextIsPresent()'><b>TheUserGeneralConditionsTextIsPresent</b><br>Test class: Peugeot.PreProdHomePageComponentsPeugeotBelgiumNLTest</td>
<td></td>
<td>0</td>
<td>Peugeot.PreProdHomePageComponentsPeugeotBelgiumNLTest@706a04ae</td></tr>
<tr>
<td title='Peugeot.PreProdHomePageComponentsPeugeotFranceTest.TheUserGeneralConditionsTextIsPresent()'><b>TheUserGeneralConditionsTextIsPresent</b><br>Test class: Peugeot.PreProdHomePageComponentsPeugeotFranceTest</td>
<td></td>
<td>0</td>
<td>Peugeot.PreProdHomePageComponentsPeugeotFranceTest@43a0cee9</td></tr>
<tr>
<td title='Peugeot.PreProdHomePageComponentsPeugeotItalyTest.TheUserGeneralConditionsTextIsPresent()'><b>TheUserGeneralConditionsTextIsPresent</b><br>Test class: Peugeot.PreProdHomePageComponentsPeugeotItalyTest</td>
<td></td>
<td>0</td>
<td>Peugeot.PreProdHomePageComponentsPeugeotItalyTest@eb21112</td></tr>
<tr>
<td title='Peugeot.PreProdHomePageComponentsPeugeotBelgiumFRTest.TheUserGeneralConditionsTextIsPresent()'><b>TheUserGeneralConditionsTextIsPresent</b><br>Test class: Peugeot.PreProdHomePageComponentsPeugeotBelgiumFRTest</td>
<td></td>
<td>0</td>
<td>Peugeot.PreProdHomePageComponentsPeugeotBelgiumFRTest@3578436e</td></tr>
<tr>
<td title='Peugeot.PreProdHomePageComponentsPeugeotBelgiumNLTest.TheYoutubeIconeIsPresent()'><b>TheYoutubeIconeIsPresent</b><br>Test class: Peugeot.PreProdHomePageComponentsPeugeotBelgiumNLTest</td>
<td></td>
<td>0</td>
<td>Peugeot.PreProdHomePageComponentsPeugeotBelgiumNLTest@706a04ae</td></tr>
<tr>
<td title='Peugeot.PreProdHomePageComponentsPeugeotFranceTest.TheYoutubeIconeIsPresent()'><b>TheYoutubeIconeIsPresent</b><br>Test class: Peugeot.PreProdHomePageComponentsPeugeotFranceTest</td>
<td></td>
<td>0</td>
<td>Peugeot.PreProdHomePageComponentsPeugeotFranceTest@43a0cee9</td></tr>
<tr>
<td title='Peugeot.PreProdHomePageComponentsPeugeotItalyTest.TheYoutubeIconeIsPresent()'><b>TheYoutubeIconeIsPresent</b><br>Test class: Peugeot.PreProdHomePageComponentsPeugeotItalyTest</td>
<td></td>
<td>0</td>
<td>Peugeot.PreProdHomePageComponentsPeugeotItalyTest@eb21112</td></tr>
<tr>
<td title='Peugeot.PreProdHomePageComponentsPeugeotSpainTest.TheYoutubeIconeIsPresent()'><b>TheYoutubeIconeIsPresent</b><br>Test class: Peugeot.PreProdHomePageComponentsPeugeotSpainTest</td>
<td></td>
<td>0</td>
<td>Peugeot.PreProdHomePageComponentsPeugeotSpainTest@2eda0940</td></tr>
<tr>
<td title='Peugeot.PreProdHomePageComponentsPeugeotBelgiumFRTest.TheYoutubeIconeIsPresent()'><b>TheYoutubeIconeIsPresent</b><br>Test class: Peugeot.PreProdHomePageComponentsPeugeotBelgiumFRTest</td>
<td></td>
<td>0</td>
<td>Peugeot.PreProdHomePageComponentsPeugeotBelgiumFRTest@3578436e</td></tr>
</table><p>
</body>
</html>