<?xml version="1.0" encoding="UTF-8"?>
<!-- Generated by org.testng.reporters.JUnitXMLReporter -->
<testsuite hostname="B1009809" ignored="0" name="HomePageComponents" tests="66" failures="9" timestamp="25 avr. 2019 09:20:32 GMT" time="169.935" errors="0">
  <testcase name="ThePageTitleisCorrect" time="0.108" classname="Peugeot.PreProdHomePageComponentsPeugeotBelgiumFRTest"/>
  <testcase name="ThePageTitleisCorrect" time="0.2" classname="Peugeot.PreProdHomePageComponentsPeugeotBelgiumNLTest"/>
  <testcase name="ThePeugeotLogoIsDisplayed" time="0.189" classname="Peugeot.PreProdHomePageComponentsPeugeotFranceTest"/>
  <testcase name="ThePeugeotLogoIsDisplayed" time="0.2" classname="Peugeot.PreProdHomePageComponentsPeugeotItalyTest"/>
  <testcase name="ThePeugeotLogoIsDisplayed" time="0.068" classname="Peugeot.PreProdHomePageComponentsPeugeotSpainTest"/>
  <testcase name="ThePeugeotLogoIsDisplayed" time="0.052" classname="Peugeot.PreProdHomePageComponentsPeugeotBelgiumFRTest"/>
  <testcase name="ThePeugeotLogoIsDisplayed" time="0.052" classname="Peugeot.PreProdHomePageComponentsPeugeotBelgiumNLTest"/>
  <testcase name="TheMySaveIconIsDisplayed" time="0.056" classname="Peugeot.PreProdHomePageComponentsPeugeotFranceTest"/>
  <testcase name="TheTextUnderThePageTitleIsCorrect" time="0.056" classname="Peugeot.PreProdHomePageComponentsPeugeotBelgiumNLTest">
    <failure type="java.lang.AssertionError">
      <![CDATA[java.lang.AssertionError
at Peugeot.PreProdHomePageComponentsPeugeotBelgiumNLTest.TheTextUnderThePageTitleIsCorrect(PreProdHomePageComponentsPeugeotBelgiumNLTest.java:40)
at java.util.concurrent.ThreadPoolExecutor.runWorker(ThreadPoolExecutor.java:1149)
at java.util.concurrent.ThreadPoolExecutor$Worker.run(ThreadPoolExecutor.java:624)
at java.lang.Thread.run(Thread.java:748)
... Removed 10 stack frames]]>
    </failure>
  </testcase> <!-- TheTextUnderThePageTitleIsCorrect -->
  <testcase name="TheMySaveTextIsDisplayed" time="0.161" classname="Peugeot.PreProdHomePageComponentsPeugeotFranceTest">
    <failure type="org.openqa.selenium.NoSuchElementException" message="no such element: Unable to locate element: {&amp;quot;method&amp;quot;:&amp;quot;xpath&amp;quot;,&amp;quot;selector&amp;quot;:&amp;quot;//span[contains(text(),&amp;apos;MES SAUVEGARDES&amp;apos;)]&amp;quot;}
  (Session info: chrome=73.0.3683.103)
  (Driver info: chromedriver=73.0.3683.68 (47787ec04b6e38e22703e856e101e840b65afe72),platform=Windows NT 10.0.14393 x86_64) (WARNING: The server did not provide any stacktrace information)
Command duration or timeout: 0 milliseconds
For documentation on this error, please visit: http://seleniumhq.org/exceptions/no_such_element.html
Build info: version: &amp;apos;3.9.1&amp;apos;, revision: &amp;apos;63f7b50&amp;apos;, time: &amp;apos;2018-02-07T22:42:28.403Z&amp;apos;
System info: host: &amp;apos;B1009809&amp;apos;, ip: &amp;apos;172.16.167.80&amp;apos;, os.name: &amp;apos;Windows 10&amp;apos;, os.arch: &amp;apos;amd64&amp;apos;, os.version: &amp;apos;10.0&amp;apos;, java.version: &amp;apos;1.8.0_181&amp;apos;
Driver info: org.openqa.selenium.chrome.ChromeDriver
Capabilities {acceptInsecureCerts: false, acceptSslCerts: false, applicationCacheEnabled: false, browserConnectionEnabled: false, browserName: chrome, chrome: {chromedriverVersion: 73.0.3683.68 (47787ec04b6e3..., userDataDir: C:\Users\E562418\AppData\Lo...}, cssSelectorsEnabled: true, databaseEnabled: false, goog:chromeOptions: {debuggerAddress: localhost:51507}, handlesAlerts: true, hasTouchScreen: false, javascriptEnabled: true, locationContextEnabled: true, mobileEmulationEnabled: false, nativeEvents: true, networkConnectionEnabled: false, pageLoadStrategy: normal, platform: XP, platformName: XP, proxy: Proxy(), rotatable: false, setWindowRect: true, strictFileInteractability: false, takesHeapSnapshot: true, takesScreenshot: true, timeouts: {implicit: 0, pageLoad: 300000, script: 30000}, unexpectedAlertBehaviour: ignore, unhandledPromptBehavior: ignore, version: 73.0.3683.103, webStorageEnabled: true}
Session ID: 9aab71aab5814ecaddc4f29ced8219a1
*** Element info: {Using=xpath, value=//span[contains(text(),&amp;apos;MES SAUVEGARDES&amp;apos;)]}">
      <![CDATA[org.openqa.selenium.NoSuchElementException: no such element: Unable to locate element: {"method":"xpath","selector":"//span[contains(text(),'MES SAUVEGARDES')]"}
  (Session info: chrome=73.0.3683.103)
  (Driver info: chromedriver=73.0.3683.68 (47787ec04b6e38e22703e856e101e840b65afe72),platform=Windows NT 10.0.14393 x86_64) (WARNING: The server did not provide any stacktrace information)
Command duration or timeout: 0 milliseconds
For documentation on this error, please visit: http://seleniumhq.org/exceptions/no_such_element.html
Build info: version: '3.9.1', revision: '63f7b50', time: '2018-02-07T22:42:28.403Z'
System info: host: 'B1009809', ip: '172.16.167.80', os.name: 'Windows 10', os.arch: 'amd64', os.version: '10.0', java.version: '1.8.0_181'
Driver info: org.openqa.selenium.chrome.ChromeDriver
Capabilities {acceptInsecureCerts: false, acceptSslCerts: false, applicationCacheEnabled: false, browserConnectionEnabled: false, browserName: chrome, chrome: {chromedriverVersion: 73.0.3683.68 (47787ec04b6e3..., userDataDir: C:\Users\E562418\AppData\Lo...}, cssSelectorsEnabled: true, databaseEnabled: false, goog:chromeOptions: {debuggerAddress: localhost:51507}, handlesAlerts: true, hasTouchScreen: false, javascriptEnabled: true, locationContextEnabled: true, mobileEmulationEnabled: false, nativeEvents: true, networkConnectionEnabled: false, pageLoadStrategy: normal, platform: XP, platformName: XP, proxy: Proxy(), rotatable: false, setWindowRect: true, strictFileInteractability: false, takesHeapSnapshot: true, takesScreenshot: true, timeouts: {implicit: 0, pageLoad: 300000, script: 30000}, unexpectedAlertBehaviour: ignore, unhandledPromptBehavior: ignore, version: 73.0.3683.103, webStorageEnabled: true}
Session ID: 9aab71aab5814ecaddc4f29ced8219a1
*** Element info: {Using=xpath, value=//span[contains(text(),'MES SAUVEGARDES')]}
at org.openqa.selenium.remote.ErrorHandler.createThrowable(ErrorHandler.java:214)
at org.openqa.selenium.remote.ErrorHandler.throwIfResponseFailed(ErrorHandler.java:166)
at org.openqa.selenium.remote.http.JsonHttpResponseCodec.reconstructValue(JsonHttpResponseCodec.java:40)
at org.openqa.selenium.remote.http.AbstractHttpResponseCodec.decode(AbstractHttpResponseCodec.java:80)
at org.openqa.selenium.remote.http.AbstractHttpResponseCodec.decode(AbstractHttpResponseCodec.java:44)
at org.openqa.selenium.remote.HttpCommandExecutor.execute(HttpCommandExecutor.java:160)
at org.openqa.selenium.remote.service.DriverCommandExecutor.execute(DriverCommandExecutor.java:83)
at org.openqa.selenium.remote.RemoteWebDriver.execute(RemoteWebDriver.java:601)
at org.openqa.selenium.remote.RemoteWebDriver.findElement(RemoteWebDriver.java:371)
at org.openqa.selenium.remote.RemoteWebDriver.findElementByXPath(RemoteWebDriver.java:473)
at org.openqa.selenium.By$ByXPath.findElement(By.java:361)
at org.openqa.selenium.remote.RemoteWebDriver.findElement(RemoteWebDriver.java:363)
at Peugeot.HomePagePEComposants.CheckTextMysavePresent(HomePagePEComposants.java:34)
at Peugeot.PreProdHomePageComponentsPeugeotFranceTest.TheMySaveTextIsDisplayed(PreProdHomePageComponentsPeugeotFranceTest.java:48)
at java.util.concurrent.ThreadPoolExecutor.runWorker(ThreadPoolExecutor.java:1149)
at java.util.concurrent.ThreadPoolExecutor$Worker.run(ThreadPoolExecutor.java:624)
at java.lang.Thread.run(Thread.java:748)
... Removed 14 stack frames]]>
    </failure>
  </testcase> <!-- TheMySaveTextIsDisplayed -->
  <testcase name="GotToHomePageWhenClickingOnThePeugeotLogo" time="5.839" classname="Peugeot.PreProdHomePageComponentsPeugeotBelgiumNLTest"/>
  <testcase name="TheNeedHelpIconeIsDisplayed" time="0.045" classname="Peugeot.PreProdHomePageComponentsPeugeotFranceTest"/>
  <testcase name="TheYoutubeIconeIsPresent" time="0.04" classname="Peugeot.PreProdHomePageComponentsPeugeotBelgiumNLTest"/>
  <testcase name="TheNeedHelpTextIsDisplayed" time="0.048" classname="Peugeot.PreProdHomePageComponentsPeugeotFranceTest"/>
  <testcase name="GotYoutubePageWhenClickingTheyoutubeIcone" time="5.231" classname="Peugeot.PreProdHomePageComponentsPeugeotBelgiumNLTest"/>
  <testcase name="TheTextUnderThePageTitleIsCorrect" time="0.072" classname="Peugeot.PreProdHomePageComponentsPeugeotFranceTest">
    <failure type="java.lang.AssertionError">
      <![CDATA[java.lang.AssertionError
at Peugeot.PreProdHomePageComponentsPeugeotFranceTest.TheTextUnderThePageTitleIsCorrect(PreProdHomePageComponentsPeugeotFranceTest.java:66)
at java.util.concurrent.ThreadPoolExecutor.runWorker(ThreadPoolExecutor.java:1149)
at java.util.concurrent.ThreadPoolExecutor$Worker.run(ThreadPoolExecutor.java:624)
at java.lang.Thread.run(Thread.java:748)
... Removed 10 stack frames]]>
    </failure>
  </testcase> <!-- TheTextUnderThePageTitleIsCorrect -->
  <testcase name="TheTextUnderThePageTitleIsCorrect" time="0.072" classname="Peugeot.PreProdHomePageComponentsPeugeotItalyTest"/>
  <testcase name="TheTextUnderThePageTitleIsCorrect" time="0.056" classname="Peugeot.PreProdHomePageComponentsPeugeotSpainTest"/>
  <testcase name="TheTextUnderThePageTitleIsCorrect" time="0.06" classname="Peugeot.PreProdHomePageComponentsPeugeotBelgiumFRTest"/>
  <testcase name="TheUserGeneralConditionsTextIsPresent" time="0.056" classname="Peugeot.PreProdHomePageComponentsPeugeotBelgiumNLTest"/>
  <testcase name="GotToHomePageWhenClickingOnThePeugeotLogo" time="4.294" classname="Peugeot.PreProdHomePageComponentsPeugeotFranceTest"/>
  <testcase name="GotToHomePageWhenClickingOnThePeugeotLogo" time="24.417" classname="Peugeot.PreProdHomePageComponentsPeugeotItalyTest"/>
  <testcase name="GotToHomePageWhenClickingOnThePeugeotLogo" time="39.167" classname="Peugeot.PreProdHomePageComponentsPeugeotSpainTest">
    <failure type="org.openqa.selenium.TimeoutException" message="timeout
  (Session info: chrome=73.0.3683.103)
  (Driver info: chromedriver=73.0.3683.68 (47787ec04b6e38e22703e856e101e840b65afe72),platform=Windows NT 10.0.14393 x86_64) (WARNING: The server did not provide any stacktrace information)
Command duration or timeout: 0 milliseconds
Build info: version: &amp;apos;3.9.1&amp;apos;, revision: &amp;apos;63f7b50&amp;apos;, time: &amp;apos;2018-02-07T22:42:28.403Z&amp;apos;
System info: host: &amp;apos;B1009809&amp;apos;, ip: &amp;apos;172.16.167.80&amp;apos;, os.name: &amp;apos;Windows 10&amp;apos;, os.arch: &amp;apos;amd64&amp;apos;, os.version: &amp;apos;10.0&amp;apos;, java.version: &amp;apos;1.8.0_181&amp;apos;
Driver info: org.openqa.selenium.chrome.ChromeDriver
Capabilities {acceptInsecureCerts: false, acceptSslCerts: false, applicationCacheEnabled: false, browserConnectionEnabled: false, browserName: chrome, chrome: {chromedriverVersion: 73.0.3683.68 (47787ec04b6e3..., userDataDir: C:\Users\E562418\AppData\Lo...}, cssSelectorsEnabled: true, databaseEnabled: false, goog:chromeOptions: {debuggerAddress: localhost:51916}, handlesAlerts: true, hasTouchScreen: false, javascriptEnabled: true, locationContextEnabled: true, mobileEmulationEnabled: false, nativeEvents: true, networkConnectionEnabled: false, pageLoadStrategy: normal, platform: XP, platformName: XP, proxy: Proxy(), rotatable: false, setWindowRect: true, strictFileInteractability: false, takesHeapSnapshot: true, takesScreenshot: true, timeouts: {implicit: 0, pageLoad: 300000, script: 30000}, unexpectedAlertBehaviour: ignore, unhandledPromptBehavior: ignore, version: 73.0.3683.103, webStorageEnabled: true}
Session ID: 31c723260cd857895776469319156d8d">
      <![CDATA[org.openqa.selenium.TimeoutException: timeout
  (Session info: chrome=73.0.3683.103)
  (Driver info: chromedriver=73.0.3683.68 (47787ec04b6e38e22703e856e101e840b65afe72),platform=Windows NT 10.0.14393 x86_64) (WARNING: The server did not provide any stacktrace information)
Command duration or timeout: 0 milliseconds
Build info: version: '3.9.1', revision: '63f7b50', time: '2018-02-07T22:42:28.403Z'
System info: host: 'B1009809', ip: '172.16.167.80', os.name: 'Windows 10', os.arch: 'amd64', os.version: '10.0', java.version: '1.8.0_181'
Driver info: org.openqa.selenium.chrome.ChromeDriver
Capabilities {acceptInsecureCerts: false, acceptSslCerts: false, applicationCacheEnabled: false, browserConnectionEnabled: false, browserName: chrome, chrome: {chromedriverVersion: 73.0.3683.68 (47787ec04b6e3..., userDataDir: C:\Users\E562418\AppData\Lo...}, cssSelectorsEnabled: true, databaseEnabled: false, goog:chromeOptions: {debuggerAddress: localhost:51916}, handlesAlerts: true, hasTouchScreen: false, javascriptEnabled: true, locationContextEnabled: true, mobileEmulationEnabled: false, nativeEvents: true, networkConnectionEnabled: false, pageLoadStrategy: normal, platform: XP, platformName: XP, proxy: Proxy(), rotatable: false, setWindowRect: true, strictFileInteractability: false, takesHeapSnapshot: true, takesScreenshot: true, timeouts: {implicit: 0, pageLoad: 300000, script: 30000}, unexpectedAlertBehaviour: ignore, unhandledPromptBehavior: ignore, version: 73.0.3683.103, webStorageEnabled: true}
Session ID: 31c723260cd857895776469319156d8d
at org.openqa.selenium.remote.ErrorHandler.createThrowable(ErrorHandler.java:214)
at org.openqa.selenium.remote.ErrorHandler.throwIfResponseFailed(ErrorHandler.java:166)
at org.openqa.selenium.remote.http.JsonHttpResponseCodec.reconstructValue(JsonHttpResponseCodec.java:40)
at org.openqa.selenium.remote.http.AbstractHttpResponseCodec.decode(AbstractHttpResponseCodec.java:80)
at org.openqa.selenium.remote.http.AbstractHttpResponseCodec.decode(AbstractHttpResponseCodec.java:44)
at org.openqa.selenium.remote.HttpCommandExecutor.execute(HttpCommandExecutor.java:160)
at org.openqa.selenium.remote.service.DriverCommandExecutor.execute(DriverCommandExecutor.java:83)
at org.openqa.selenium.remote.RemoteWebDriver.execute(RemoteWebDriver.java:601)
at org.openqa.selenium.remote.RemoteWebDriver.execute(RemoteWebDriver.java:658)
at org.openqa.selenium.remote.RemoteWebDriver$RemoteNavigation.back(RemoteWebDriver.java:904)
at Peugeot.HomePagePEComposants.CheckClickOnHeaderPeugeotLogo(HomePagePEComposants.java:57)
at Peugeot.PreProdHomePageComponentsPeugeotSpainTest.GotToHomePageWhenClickingOnThePeugeotLogo(PreProdHomePageComponentsPeugeotSpainTest.java:48)
at java.util.concurrent.ThreadPoolExecutor.runWorker(ThreadPoolExecutor.java:1149)
at java.util.concurrent.ThreadPoolExecutor$Worker.run(ThreadPoolExecutor.java:624)
at java.lang.Thread.run(Thread.java:748)
... Removed 14 stack frames]]>
    </failure>
  </testcase> <!-- GotToHomePageWhenClickingOnThePeugeotLogo -->
  <testcase name="GotToHomePageWhenClickingOnThePeugeotLogo" time="4.99" classname="Peugeot.PreProdHomePageComponentsPeugeotBelgiumFRTest"/>
  <testcase name="GotTheUserGeneralConditionsPage" time="3.669" classname="Peugeot.PreProdHomePageComponentsPeugeotBelgiumNLTest">
    <failure type="java.lang.AssertionError">
      <![CDATA[java.lang.AssertionError
at Peugeot.PreProdHomePageComponentsPeugeotBelgiumNLTest.GotTheUserGeneralConditionsPage(PreProdHomePageComponentsPeugeotBelgiumNLTest.java:71)
at java.util.concurrent.ThreadPoolExecutor.runWorker(ThreadPoolExecutor.java:1149)
at java.util.concurrent.ThreadPoolExecutor$Worker.run(ThreadPoolExecutor.java:624)
at java.lang.Thread.run(Thread.java:748)
... Removed 10 stack frames]]>
    </failure>
  </testcase> <!-- GotTheUserGeneralConditionsPage -->
  <testcase name="GotAPopupWhenClickingOnNeedHelpBotton" time="3.437" classname="Peugeot.PreProdHomePageComponentsPeugeotFranceTest"/>
  <testcase name="TheTwiterIconeIsPresent" time="0.052" classname="Peugeot.PreProdHomePageComponentsPeugeotFranceTest"/>
  <testcase name="TheTwiterIconeIsPresent" time="0.04" classname="Peugeot.PreProdHomePageComponentsPeugeotItalyTest"/>
  <testcase name="TheTwiterIconeIsPresent" time="0.052" classname="Peugeot.PreProdHomePageComponentsPeugeotSpainTest"/>
  <testcase name="TheFacebookIconeIsPresent" time="0.044" classname="Peugeot.PreProdHomePageComponentsPeugeotFranceTest"/>
  <testcase name="TheFacebookIconeIsPresent" time="0.036" classname="Peugeot.PreProdHomePageComponentsPeugeotItalyTest"/>
  <testcase name="TheFacebookIconeIsPresent" time="0.045" classname="Peugeot.PreProdHomePageComponentsPeugeotSpainTest"/>
  <testcase name="TheFacebookIconeIsPresent" time="0.06" classname="Peugeot.PreProdHomePageComponentsPeugeotBelgiumFRTest"/>
  <testcase name="TheYoutubeIconeIsPresent" time="0.036" classname="Peugeot.PreProdHomePageComponentsPeugeotFranceTest"/>
  <testcase name="TheYoutubeIconeIsPresent" time="0.032" classname="Peugeot.PreProdHomePageComponentsPeugeotItalyTest"/>
  <testcase name="TheYoutubeIconeIsPresent" time="0.04" classname="Peugeot.PreProdHomePageComponentsPeugeotSpainTest"/>
  <testcase name="TheYoutubeIconeIsPresent" time="0.036" classname="Peugeot.PreProdHomePageComponentsPeugeotBelgiumFRTest"/>
  <testcase name="GotTwiterPageWhenClickingTheTwiterIcone" time="4.454" classname="Peugeot.PreProdHomePageComponentsPeugeotFranceTest"/>
  <testcase name="GotTwiterPageWhenClickingTheTwiterIcone" time="4.995" classname="Peugeot.PreProdHomePageComponentsPeugeotItalyTest"/>
  <testcase name="GotTwiterPageWhenClickingTheTwiterIcone" time="5.479" classname="Peugeot.PreProdHomePageComponentsPeugeotSpainTest"/>
  <testcase name="GotFacebookPageWhenClickingTheFacebookIcone" time="3.541" classname="Peugeot.PreProdHomePageComponentsPeugeotFranceTest"/>
  <testcase name="GotFacebookPageWhenClickingTheFacebookIcone" time="3.469" classname="Peugeot.PreProdHomePageComponentsPeugeotItalyTest"/>
  <testcase name="GotFacebookPageWhenClickingTheFacebookIcone" time="3.501" classname="Peugeot.PreProdHomePageComponentsPeugeotSpainTest"/>
  <testcase name="GotFacebookPageWhenClickingTheFacebookIcone" time="3.52" classname="Peugeot.PreProdHomePageComponentsPeugeotBelgiumFRTest"/>
  <testcase name="GotYoutubePageWhenClickingTheyoutubeIcone" time="4.09" classname="Peugeot.PreProdHomePageComponentsPeugeotFranceTest"/>
  <testcase name="GotYoutubePageWhenClickingTheyoutubeIcone" time="4.886" classname="Peugeot.PreProdHomePageComponentsPeugeotItalyTest"/>
  <testcase name="GotYoutubePageWhenClickingTheyoutubeIcone" time="3.781" classname="Peugeot.PreProdHomePageComponentsPeugeotSpainTest">
    <failure type="java.lang.AssertionError">
      <![CDATA[java.lang.AssertionError
at Peugeot.PreProdHomePageComponentsPeugeotSpainTest.GotYoutubePageWhenClickingTheyoutubeIcone(PreProdHomePageComponentsPeugeotSpainTest.java:83)
at java.util.concurrent.ThreadPoolExecutor.runWorker(ThreadPoolExecutor.java:1149)
at java.util.concurrent.ThreadPoolExecutor$Worker.run(ThreadPoolExecutor.java:624)
at java.lang.Thread.run(Thread.java:748)
... Removed 10 stack frames]]>
    </failure>
  </testcase> <!-- GotYoutubePageWhenClickingTheyoutubeIcone -->
  <testcase name="GotYoutubePageWhenClickingTheyoutubeIcone" time="5.283" classname="Peugeot.PreProdHomePageComponentsPeugeotBelgiumFRTest"/>
  <testcase name="TheUserGeneralConditionsTextIsPresent" time="0.12" classname="Peugeot.PreProdHomePageComponentsPeugeotFranceTest"/>
  <testcase name="TheUserGeneralConditionsTextIsPresent" time="0.12" classname="Peugeot.PreProdHomePageComponentsPeugeotItalyTest"/>
  <testcase name="TheUserGeneralConditionsTextIsPresent" time="0.072" classname="Peugeot.PreProdHomePageComponentsPeugeotSpainTest">
    <failure type="org.openqa.selenium.NoSuchElementException" message="no such element: Unable to locate element: {&amp;quot;method&amp;quot;:&amp;quot;xpath&amp;quot;,&amp;quot;selector&amp;quot;:&amp;quot;//a[contains(text(),&amp;apos;Condiciones generales de uso.&amp;apos;)]&amp;quot;}
  (Session info: chrome=73.0.3683.103)
  (Driver info: chromedriver=73.0.3683.68 (47787ec04b6e38e22703e856e101e840b65afe72),platform=Windows NT 10.0.14393 x86_64) (WARNING: The server did not provide any stacktrace information)
Command duration or timeout: 0 milliseconds
For documentation on this error, please visit: http://seleniumhq.org/exceptions/no_such_element.html
Build info: version: &amp;apos;3.9.1&amp;apos;, revision: &amp;apos;63f7b50&amp;apos;, time: &amp;apos;2018-02-07T22:42:28.403Z&amp;apos;
System info: host: &amp;apos;B1009809&amp;apos;, ip: &amp;apos;172.16.167.80&amp;apos;, os.name: &amp;apos;Windows 10&amp;apos;, os.arch: &amp;apos;amd64&amp;apos;, os.version: &amp;apos;10.0&amp;apos;, java.version: &amp;apos;1.8.0_181&amp;apos;
Driver info: org.openqa.selenium.chrome.ChromeDriver
Capabilities {acceptInsecureCerts: false, acceptSslCerts: false, applicationCacheEnabled: false, browserConnectionEnabled: false, browserName: chrome, chrome: {chromedriverVersion: 73.0.3683.68 (47787ec04b6e3..., userDataDir: C:\Users\E562418\AppData\Lo...}, cssSelectorsEnabled: true, databaseEnabled: false, goog:chromeOptions: {debuggerAddress: localhost:51916}, handlesAlerts: true, hasTouchScreen: false, javascriptEnabled: true, locationContextEnabled: true, mobileEmulationEnabled: false, nativeEvents: true, networkConnectionEnabled: false, pageLoadStrategy: normal, platform: XP, platformName: XP, proxy: Proxy(), rotatable: false, setWindowRect: true, strictFileInteractability: false, takesHeapSnapshot: true, takesScreenshot: true, timeouts: {implicit: 0, pageLoad: 300000, script: 30000}, unexpectedAlertBehaviour: ignore, unhandledPromptBehavior: ignore, version: 73.0.3683.103, webStorageEnabled: true}
Session ID: 31c723260cd857895776469319156d8d
*** Element info: {Using=xpath, value=//a[contains(text(),&amp;apos;Condiciones generales de uso.&amp;apos;)]}">
      <![CDATA[org.openqa.selenium.NoSuchElementException: no such element: Unable to locate element: {"method":"xpath","selector":"//a[contains(text(),'Condiciones generales de uso.')]"}
  (Session info: chrome=73.0.3683.103)
  (Driver info: chromedriver=73.0.3683.68 (47787ec04b6e38e22703e856e101e840b65afe72),platform=Windows NT 10.0.14393 x86_64) (WARNING: The server did not provide any stacktrace information)
Command duration or timeout: 0 milliseconds
For documentation on this error, please visit: http://seleniumhq.org/exceptions/no_such_element.html
Build info: version: '3.9.1', revision: '63f7b50', time: '2018-02-07T22:42:28.403Z'
System info: host: 'B1009809', ip: '172.16.167.80', os.name: 'Windows 10', os.arch: 'amd64', os.version: '10.0', java.version: '1.8.0_181'
Driver info: org.openqa.selenium.chrome.ChromeDriver
Capabilities {acceptInsecureCerts: false, acceptSslCerts: false, applicationCacheEnabled: false, browserConnectionEnabled: false, browserName: chrome, chrome: {chromedriverVersion: 73.0.3683.68 (47787ec04b6e3..., userDataDir: C:\Users\E562418\AppData\Lo...}, cssSelectorsEnabled: true, databaseEnabled: false, goog:chromeOptions: {debuggerAddress: localhost:51916}, handlesAlerts: true, hasTouchScreen: false, javascriptEnabled: true, locationContextEnabled: true, mobileEmulationEnabled: false, nativeEvents: true, networkConnectionEnabled: false, pageLoadStrategy: normal, platform: XP, platformName: XP, proxy: Proxy(), rotatable: false, setWindowRect: true, strictFileInteractability: false, takesHeapSnapshot: true, takesScreenshot: true, timeouts: {implicit: 0, pageLoad: 300000, script: 30000}, unexpectedAlertBehaviour: ignore, unhandledPromptBehavior: ignore, version: 73.0.3683.103, webStorageEnabled: true}
Session ID: 31c723260cd857895776469319156d8d
*** Element info: {Using=xpath, value=//a[contains(text(),'Condiciones generales de uso.')]}
at org.openqa.selenium.remote.ErrorHandler.createThrowable(ErrorHandler.java:214)
at org.openqa.selenium.remote.ErrorHandler.throwIfResponseFailed(ErrorHandler.java:166)
at org.openqa.selenium.remote.http.JsonHttpResponseCodec.reconstructValue(JsonHttpResponseCodec.java:40)
at org.openqa.selenium.remote.http.AbstractHttpResponseCodec.decode(AbstractHttpResponseCodec.java:80)
at org.openqa.selenium.remote.http.AbstractHttpResponseCodec.decode(AbstractHttpResponseCodec.java:44)
at org.openqa.selenium.remote.HttpCommandExecutor.execute(HttpCommandExecutor.java:160)
at org.openqa.selenium.remote.service.DriverCommandExecutor.execute(DriverCommandExecutor.java:83)
at org.openqa.selenium.remote.RemoteWebDriver.execute(RemoteWebDriver.java:601)
at org.openqa.selenium.remote.RemoteWebDriver.findElement(RemoteWebDriver.java:371)
at org.openqa.selenium.remote.RemoteWebDriver.findElementByXPath(RemoteWebDriver.java:473)
at org.openqa.selenium.By$ByXPath.findElement(By.java:361)
at org.openqa.selenium.remote.RemoteWebDriver.findElement(RemoteWebDriver.java:363)
at Peugeot.HomePagePEComposants.CheckTheUserGeneralConditionsTextPresence(HomePagePEComposants.java:123)
at Peugeot.PreProdHomePageComponentsPeugeotSpainTest.TheUserGeneralConditionsTextIsPresent(PreProdHomePageComponentsPeugeotSpainTest.java:90)
at java.util.concurrent.ThreadPoolExecutor.runWorker(ThreadPoolExecutor.java:1149)
at java.util.concurrent.ThreadPoolExecutor$Worker.run(ThreadPoolExecutor.java:624)
at java.lang.Thread.run(Thread.java:748)
... Removed 14 stack frames]]>
    </failure>
  </testcase> <!-- TheUserGeneralConditionsTextIsPresent -->
  <testcase name="TheUserGeneralConditionsTextIsPresent" time="0.085" classname="Peugeot.PreProdHomePageComponentsPeugeotBelgiumFRTest"/>
  <testcase name="TheSellGeneralConditionsTextIsPresent" time="0.032" classname="Peugeot.PreProdHomePageComponentsPeugeotFranceTest"/>
  <testcase name="TheCookiesTextIsPresent" time="0.04" classname="Peugeot.PreProdHomePageComponentsPeugeotFranceTest"/>
  <testcase name="TheCookiesTextIsPresent" time="0.036" classname="Peugeot.PreProdHomePageComponentsPeugeotItalyTest"/>
  <testcase name="TheCookiesTextIsPresent" time="0.04" classname="Peugeot.PreProdHomePageComponentsPeugeotSpainTest"/>
  <testcase name="TheCookiesTextIsPresent" time="0.04" classname="Peugeot.PreProdHomePageComponentsPeugeotBelgiumFRTest"/>
  <testcase name="GotTheUserGeneralConditionsPDF" time="3.465" classname="Peugeot.PreProdHomePageComponentsPeugeotFranceTest"/>
  <testcase name="GotTheGeneralInformationPage" time="3.472" classname="Peugeot.PreProdHomePageComponentsPeugeotItalyTest"/>
  <testcase name="GotTheUserGeneralConditionsPDF" time="0.096" classname="Peugeot.PreProdHomePageComponentsPeugeotSpainTest">
    <failure type="org.openqa.selenium.NoSuchElementException" message="no such element: Unable to locate element: {&amp;quot;method&amp;quot;:&amp;quot;xpath&amp;quot;,&amp;quot;selector&amp;quot;:&amp;quot;//a[contains(text(),&amp;apos;Condiciones generales de uso.&amp;apos;)]&amp;quot;}
  (Session info: chrome=73.0.3683.103)
  (Driver info: chromedriver=73.0.3683.68 (47787ec04b6e38e22703e856e101e840b65afe72),platform=Windows NT 10.0.14393 x86_64) (WARNING: The server did not provide any stacktrace information)
Command duration or timeout: 0 milliseconds
For documentation on this error, please visit: http://seleniumhq.org/exceptions/no_such_element.html
Build info: version: &amp;apos;3.9.1&amp;apos;, revision: &amp;apos;63f7b50&amp;apos;, time: &amp;apos;2018-02-07T22:42:28.403Z&amp;apos;
System info: host: &amp;apos;B1009809&amp;apos;, ip: &amp;apos;172.16.167.80&amp;apos;, os.name: &amp;apos;Windows 10&amp;apos;, os.arch: &amp;apos;amd64&amp;apos;, os.version: &amp;apos;10.0&amp;apos;, java.version: &amp;apos;1.8.0_181&amp;apos;
Driver info: org.openqa.selenium.chrome.ChromeDriver
Capabilities {acceptInsecureCerts: false, acceptSslCerts: false, applicationCacheEnabled: false, browserConnectionEnabled: false, browserName: chrome, chrome: {chromedriverVersion: 73.0.3683.68 (47787ec04b6e3..., userDataDir: C:\Users\E562418\AppData\Lo...}, cssSelectorsEnabled: true, databaseEnabled: false, goog:chromeOptions: {debuggerAddress: localhost:51916}, handlesAlerts: true, hasTouchScreen: false, javascriptEnabled: true, locationContextEnabled: true, mobileEmulationEnabled: false, nativeEvents: true, networkConnectionEnabled: false, pageLoadStrategy: normal, platform: XP, platformName: XP, proxy: Proxy(), rotatable: false, setWindowRect: true, strictFileInteractability: false, takesHeapSnapshot: true, takesScreenshot: true, timeouts: {implicit: 0, pageLoad: 300000, script: 30000}, unexpectedAlertBehaviour: ignore, unhandledPromptBehavior: ignore, version: 73.0.3683.103, webStorageEnabled: true}
Session ID: 31c723260cd857895776469319156d8d
*** Element info: {Using=xpath, value=//a[contains(text(),&amp;apos;Condiciones generales de uso.&amp;apos;)]}">
      <![CDATA[org.openqa.selenium.NoSuchElementException: no such element: Unable to locate element: {"method":"xpath","selector":"//a[contains(text(),'Condiciones generales de uso.')]"}
  (Session info: chrome=73.0.3683.103)
  (Driver info: chromedriver=73.0.3683.68 (47787ec04b6e38e22703e856e101e840b65afe72),platform=Windows NT 10.0.14393 x86_64) (WARNING: The server did not provide any stacktrace information)
Command duration or timeout: 0 milliseconds
For documentation on this error, please visit: http://seleniumhq.org/exceptions/no_such_element.html
Build info: version: '3.9.1', revision: '63f7b50', time: '2018-02-07T22:42:28.403Z'
System info: host: 'B1009809', ip: '172.16.167.80', os.name: 'Windows 10', os.arch: 'amd64', os.version: '10.0', java.version: '1.8.0_181'
Driver info: org.openqa.selenium.chrome.ChromeDriver
Capabilities {acceptInsecureCerts: false, acceptSslCerts: false, applicationCacheEnabled: false, browserConnectionEnabled: false, browserName: chrome, chrome: {chromedriverVersion: 73.0.3683.68 (47787ec04b6e3..., userDataDir: C:\Users\E562418\AppData\Lo...}, cssSelectorsEnabled: true, databaseEnabled: false, goog:chromeOptions: {debuggerAddress: localhost:51916}, handlesAlerts: true, hasTouchScreen: false, javascriptEnabled: true, locationContextEnabled: true, mobileEmulationEnabled: false, nativeEvents: true, networkConnectionEnabled: false, pageLoadStrategy: normal, platform: XP, platformName: XP, proxy: Proxy(), rotatable: false, setWindowRect: true, strictFileInteractability: false, takesHeapSnapshot: true, takesScreenshot: true, timeouts: {implicit: 0, pageLoad: 300000, script: 30000}, unexpectedAlertBehaviour: ignore, unhandledPromptBehavior: ignore, version: 73.0.3683.103, webStorageEnabled: true}
Session ID: 31c723260cd857895776469319156d8d
*** Element info: {Using=xpath, value=//a[contains(text(),'Condiciones generales de uso.')]}
at org.openqa.selenium.remote.ErrorHandler.createThrowable(ErrorHandler.java:214)
at org.openqa.selenium.remote.ErrorHandler.throwIfResponseFailed(ErrorHandler.java:166)
at org.openqa.selenium.remote.http.JsonHttpResponseCodec.reconstructValue(JsonHttpResponseCodec.java:40)
at org.openqa.selenium.remote.http.AbstractHttpResponseCodec.decode(AbstractHttpResponseCodec.java:80)
at org.openqa.selenium.remote.http.AbstractHttpResponseCodec.decode(AbstractHttpResponseCodec.java:44)
at org.openqa.selenium.remote.HttpCommandExecutor.execute(HttpCommandExecutor.java:160)
at org.openqa.selenium.remote.service.DriverCommandExecutor.execute(DriverCommandExecutor.java:83)
at org.openqa.selenium.remote.RemoteWebDriver.execute(RemoteWebDriver.java:601)
at org.openqa.selenium.remote.RemoteWebDriver.findElement(RemoteWebDriver.java:371)
at org.openqa.selenium.remote.RemoteWebDriver.findElementByXPath(RemoteWebDriver.java:473)
at org.openqa.selenium.By$ByXPath.findElement(By.java:361)
at org.openqa.selenium.remote.RemoteWebDriver.findElement(RemoteWebDriver.java:363)
at Peugeot.HomePagePEComposants.CheckClickOnUserGeneralConditions(HomePagePEComposants.java:139)
at Peugeot.PreProdHomePageComponentsPeugeotSpainTest.GotTheUserGeneralConditionsPDF(PreProdHomePageComponentsPeugeotSpainTest.java:102)
at java.util.concurrent.ThreadPoolExecutor.runWorker(ThreadPoolExecutor.java:1149)
at java.util.concurrent.ThreadPoolExecutor$Worker.run(ThreadPoolExecutor.java:624)
at java.lang.Thread.run(Thread.java:748)
... Removed 14 stack frames]]>
    </failure>
  </testcase> <!-- GotTheUserGeneralConditionsPDF -->
  <testcase name="GotTheUserGeneralConditionsPage" time="3.417" classname="Peugeot.PreProdHomePageComponentsPeugeotBelgiumFRTest">
    <failure type="java.lang.AssertionError">
      <![CDATA[java.lang.AssertionError
at Peugeot.PreProdHomePageComponentsPeugeotBelgiumFRTest.GotTheUserGeneralConditionsPage(PreProdHomePageComponentsPeugeotBelgiumFRTest.java:92)
at java.util.concurrent.ThreadPoolExecutor.runWorker(ThreadPoolExecutor.java:1149)
at java.util.concurrent.ThreadPoolExecutor$Worker.run(ThreadPoolExecutor.java:624)
at java.lang.Thread.run(Thread.java:748)
... Removed 10 stack frames]]>
    </failure>
  </testcase> <!-- GotTheUserGeneralConditionsPage -->
  <testcase name="GotTheSellGeneralConditionsPDF" time="3.493" classname="Peugeot.PreProdHomePageComponentsPeugeotFranceTest"/>
  <testcase name="GotTheCookiesPopUp" time="4.033" classname="Peugeot.PreProdHomePageComponentsPeugeotFranceTest"/>
  <testcase name="GotTheCookiesPopUp" time="3.733" classname="Peugeot.PreProdHomePageComponentsPeugeotItalyTest"/>
  <testcase name="GotTheCookiesPopUp" time="3.625" classname="Peugeot.PreProdHomePageComponentsPeugeotSpainTest"/>
  <testcase name="GotTheCookiesPopUp" time="3.645" classname="Peugeot.PreProdHomePageComponentsPeugeotBelgiumFRTest"/>
</testsuite> <!-- HomePageComponents -->
